2026-02-18 21:34:56,292 - __main__ - INFO - ´º½º ¾÷µ¥ÀÌÆ® ÀÛ¾÷ ½ÃÀÛ
2026-02-18 21:34:56,292 - news_crawler - INFO - ¹ÝµµÃ¼ ´º½º Å©·Ñ¸µ ½ÃÀÛ...
2026-02-18 21:34:56,292 - news_crawler - INFO - EE Times¿¡¼­ ´º½º ¼öÁý Áß...
2026-02-18 21:35:13,009 - news_crawler - ERROR - EE Times Å©·Ñ¸µ ½ÇÆÐ: HTTPSConnectionPool(host='www.eetimes.com', port=443): Read timed out. (read timeout=15)
2026-02-18 21:35:15,010 - news_crawler - INFO - ÀüÀÚ½Å¹®¿¡¼­ ´º½º ¼öÁý Áß...
2026-02-18 21:35:16,439 - news_crawler - INFO - ÀüÀÚ½Å¹®¿¡¼­ 0°³ ±â»ç ¼öÁý ¿Ï·á
2026-02-18 21:35:18,441 - news_crawler - INFO - Semiconductor Engineering¿¡¼­ ´º½º ¼öÁý Áß...
2026-02-18 21:35:21,820 - news_crawler - INFO - Semiconductor Engineering¿¡¼­ 0°³ ±â»ç ¼öÁý ¿Ï·á
2026-02-18 21:35:23,822 - news_crawler - INFO - ÃÑ 0°³ÀÇ °íÀ¯ ±â»ç ¼öÁý ¿Ï·á
2026-02-18 21:35:23,822 - __main__ - INFO - ´º½º ¾÷µ¥ÀÌÆ® ¿Ï·á: 0°³ÀÇ »õ ±â»ç Ã³¸®
2026-02-18 21:37:31,702 - werkzeug - INFO - [31m[1mWARNING: This is a development server. Do not use it in a production deployment. Use a production WSGI server instead.[0m
 * Running on all addresses (0.0.0.0)
 * Running on http://127.0.0.1:5000
 * Running on http://172.30.1.60:5000
2026-02-18 21:37:31,702 - werkzeug - INFO - [33mPress CTRL+C to quit[0m
2026-02-18 21:37:31,705 - werkzeug - INFO -  * Restarting with stat
2026-02-18 21:37:34,267 - werkzeug - WARNING -  * Debugger is active!
2026-02-18 21:37:34,272 - werkzeug - INFO -  * Debugger PIN: 114-250-365
2026-02-18 21:37:43,569 - werkzeug - INFO -  * Detected change in 'D:\\Copilot_Project\\notion_news\\create_sample_data.py', reloading
2026-02-18 21:37:43,926 - werkzeug - INFO -  * Restarting with stat
2026-02-18 21:37:46,473 - werkzeug - WARNING -  * Debugger is active!
2026-02-18 21:37:46,486 - werkzeug - INFO -  * Debugger PIN: 114-250-365
2026-02-18 21:38:26,385 - werkzeug - INFO - [31m[1mWARNING: This is a development server. Do not use it in a production deployment. Use a production WSGI server instead.[0m
 * Running on all addresses (0.0.0.0)
 * Running on http://127.0.0.1:5000
 * Running on http://172.30.1.60:5000
2026-02-18 21:38:26,385 - werkzeug - INFO - [33mPress CTRL+C to quit[0m
2026-02-18 21:38:26,385 - werkzeug - INFO -  * Restarting with stat
2026-02-18 21:38:28,920 - werkzeug - WARNING -  * Debugger is active!
2026-02-18 21:38:28,930 - werkzeug - INFO -  * Debugger PIN: 114-250-365
2026-02-18 21:39:27,579 - werkzeug - INFO - 127.0.0.1 - - [18/Feb/2026 21:39:27] "GET /?id=6406a16c-ba05-45e5-9a11-9e896c4604e0&vscodeBrowserReqId=1771418367528 HTTP/1.1" 200 -
2026-02-18 21:39:27,851 - werkzeug - INFO - 127.0.0.1 - - [18/Feb/2026 21:39:27] "GET /static/style.css HTTP/1.1" 200 -
2026-02-18 21:39:27,853 - werkzeug - INFO - 127.0.0.1 - - [18/Feb/2026 21:39:27] "GET /static/script.js HTTP/1.1" 200 -
2026-02-18 21:39:28,135 - web_app - ERROR - Åë°è API ¿À·ù: 'int' object has no attribute 'label'
2026-02-18 21:39:28,137 - werkzeug - INFO - 127.0.0.1 - - [18/Feb/2026 21:39:28] "[35m[1mGET /api/stats HTTP/1.1[0m" 500 -
2026-02-18 21:39:33,620 - werkzeug - INFO - 127.0.0.1 - - [18/Feb/2026 21:39:33] "[36mGET /static/style.css HTTP/1.1[0m" 304 -
2026-02-18 21:40:59,934 - __main__ - INFO - ´º½º ¾÷µ¥ÀÌÆ® ÀÛ¾÷ ½ÃÀÛ
2026-02-18 21:40:59,934 - news_crawler - INFO - ¹ÝµµÃ¼ ´º½º Å©·Ñ¸µ ½ÃÀÛ...
2026-02-18 21:40:59,934 - news_crawler - INFO - EE Times¿¡¼­ ´º½º ¼öÁý Áß...
2026-02-18 21:41:16,605 - news_crawler - ERROR - EE Times Å©·Ñ¸µ ½ÇÆÐ: HTTPSConnectionPool(host='www.eetimes.com', port=443): Read timed out. (read timeout=15)
2026-02-18 21:41:18,607 - news_crawler - INFO - ÀüÀÚ½Å¹®¿¡¼­ ´º½º ¼öÁý Áß...
2026-02-18 21:41:20,054 - news_crawler - INFO - ÀüÀÚ½Å¹®¿¡¼­ 0°³ ±â»ç ¼öÁý ¿Ï·á
2026-02-18 21:41:22,059 - news_crawler - INFO - Semiconductor Engineering¿¡¼­ ´º½º ¼öÁý Áß...
2026-02-18 21:41:25,205 - news_crawler - INFO - Semiconductor Engineering¿¡¼­ 0°³ ±â»ç ¼öÁý ¿Ï·á
2026-02-18 21:41:27,208 - news_crawler - INFO - ÃÑ 0°³ÀÇ °íÀ¯ ±â»ç ¼öÁý ¿Ï·á
2026-02-18 21:41:27,209 - __main__ - INFO - ´º½º ¾÷µ¥ÀÌÆ® ¿Ï·á: 0°³ÀÇ »õ ±â»ç Ã³¸®
2026-02-18 21:41:27,210 - __main__ - INFO - ½ºÄÉÁÙ·¯ ½ÃÀÛ - ¸Å ½Ã°£¸¶´Ù ´º½º ¾÷µ¥ÀÌÆ®
2026-02-18 21:42:03,770 - werkzeug - INFO -  * Detected change in 'D:\\Copilot_Project\\notion_news\\news_crawler.py', reloading
2026-02-18 21:42:04,157 - werkzeug - INFO -  * Restarting with stat
2026-02-18 21:42:06,835 - werkzeug - WARNING -  * Debugger is active!
2026-02-18 21:42:06,851 - werkzeug - INFO -  * Debugger PIN: 114-250-365
2026-02-18 21:44:43,068 - werkzeug - INFO -  * Detected change in 'D:\\Copilot_Project\\notion_news\\web_app.py', reloading
2026-02-18 21:44:43,446 - werkzeug - INFO -  * Restarting with stat
2026-02-18 22:03:45,775 - werkzeug - INFO - [31m[1mWARNING: This is a development server. Do not use it in a production deployment. Use a production WSGI server instead.[0m
 * Running on all addresses (0.0.0.0)
 * Running on http://127.0.0.1:5000
 * Running on http://172.30.1.60:5000
2026-02-18 22:03:45,775 - werkzeug - INFO - [33mPress CTRL+C to quit[0m
2026-02-18 22:04:18,044 - werkzeug - INFO - 127.0.0.1 - - [18/Feb/2026 22:04:18] "GET /?id=6406a16c-ba05-45e5-9a11-9e896c4604e0&vscodeBrowserReqId=1771419857674 HTTP/1.1" 200 -
2026-02-18 22:04:18,337 - werkzeug - INFO - 127.0.0.1 - - [18/Feb/2026 22:04:18] "GET /static/style.css HTTP/1.1" 200 -
2026-02-18 22:04:18,374 - werkzeug - INFO - 127.0.0.1 - - [18/Feb/2026 22:04:18] "GET /static/script.js HTTP/1.1" 200 -
2026-02-18 22:04:18,754 - web_app - ERROR - Åë°è API ¿À·ù: 'int' object has no attribute 'label'
2026-02-18 22:04:18,756 - werkzeug - INFO - 127.0.0.1 - - [18/Feb/2026 22:04:18] "[35m[1mGET /api/stats HTTP/1.1[0m" 500 -
2026-02-18 22:04:19,073 - werkzeug - INFO - 127.0.0.1 - - [18/Feb/2026 22:04:19] "GET /socket.io/?EIO=4&transport=polling&t=PnmsVS- HTTP/1.1" 200 -
2026-02-18 22:04:19,398 - web_app - INFO - Å¬¶óÀÌ¾ðÆ®°¡ ¿¬°áµÇ¾ú½À´Ï´Ù
2026-02-18 22:04:19,399 - werkzeug - INFO - 127.0.0.1 - - [18/Feb/2026 22:04:19] "POST /socket.io/?EIO=4&transport=polling&t=PnmsVY8&sid=6viYaE9IQIa5CiG9AAAA HTTP/1.1" 200 -
2026-02-18 22:04:19,402 - werkzeug - INFO - 127.0.0.1 - - [18/Feb/2026 22:04:19] "GET /socket.io/?EIO=4&transport=polling&t=PnmsVYL&sid=6viYaE9IQIa5CiG9AAAA HTTP/1.1" 200 -
2026-02-18 22:04:19,661 - werkzeug - INFO - 127.0.0.1 - - [18/Feb/2026 22:04:19] "GET /socket.io/?EIO=4&transport=polling&t=PnmsVdI&sid=6viYaE9IQIa5CiG9AAAA HTTP/1.1" 200 -
2026-02-18 22:04:32,336 - __main__ - INFO - ´º½º ¾÷µ¥ÀÌÆ® ÀÛ¾÷ ½ÃÀÛ
2026-02-18 22:04:32,337 - news_crawler - INFO - ¹ÝµµÃ¼ ´º½º Å©·Ñ¸µ ½ÃÀÛ...
2026-02-18 22:04:32,337 - news_crawler - INFO - EE Times¿¡¼­ ´º½º ¼öÁý Áß...
2026-02-18 22:04:48,233 - werkzeug - INFO - 127.0.0.1 - - [18/Feb/2026 22:04:48] "[36mGET /static/style.css HTTP/1.1[0m" 304 -
2026-02-18 22:04:48,468 - news_crawler - ERROR - EE Times Å©·Ñ¸µ ½ÇÆÐ: HTTPSConnectionPool(host='www.eetimes.com', port=443): Read timed out. (read timeout=15)
2026-02-18 22:04:50,470 - news_crawler - INFO - ÀüÀÚ½Å¹®¿¡¼­ ´º½º ¼öÁý Áß...
2026-02-18 22:04:51,552 - news_crawler - INFO - ÀüÀÚ½Å¹®¿¡¼­ 0°³ ±â»ç ¼öÁý ¿Ï·á
2026-02-18 22:04:53,553 - news_crawler - INFO - Semiconductor Engineering¿¡¼­ ´º½º ¼öÁý Áß...
2026-02-18 22:04:56,168 - news_crawler - INFO - Semiconductor Engineering¿¡¼­ 0°³ ±â»ç ¼öÁý ¿Ï·á
2026-02-18 22:04:58,170 - news_crawler - INFO - AnandTech¿¡¼­ ´º½º ¼öÁý Áß...
2026-02-18 22:04:59,586 - werkzeug - INFO - 127.0.0.1 - - [18/Feb/2026 22:04:59] "GET /api/article/2 HTTP/1.1" 200 -
2026-02-18 22:04:59,839 - werkzeug - INFO - 127.0.0.1 - - [18/Feb/2026 22:04:59] "GET /api/bookmarks/2/check?user_id=default HTTP/1.1" 200 -
2026-02-18 22:05:01,625 - news_crawler - INFO - AnandTech¿¡¼­ 0°³ ±â»ç ¼öÁý ¿Ï·á
2026-02-18 22:05:03,627 - news_crawler - INFO - Tom's Hardware¿¡¼­ ´º½º ¼öÁý Áß...
2026-02-18 22:05:07,117 - news_crawler - ERROR - Tom's Hardware Å©·Ñ¸µ ½ÇÆÐ: 404 Client Error: Not Found for url: https://www.tomshardware.com/news/tag/semiconductors
2026-02-18 22:05:09,119 - news_crawler - INFO - µðÁöÅÐÅ¸ÀÓ½º¿¡¼­ ´º½º ¼öÁý Áß...
2026-02-18 22:05:10,178 - news_crawler - ERROR - µðÁöÅÐÅ¸ÀÓ½º Å©·Ñ¸µ ½ÇÆÐ: 404 Client Error: Not Found for url: https://www.dt.co.kr:443/contents.html?article_no=2021020302109976601002
2026-02-18 22:05:12,180 - news_crawler - INFO - TechCrunch¿¡¼­ ´º½º ¼öÁý Áß...
2026-02-18 22:05:14,302 - news_crawler - INFO - TechCrunch¿¡¼­ 0°³ ±â»ç ¼öÁý ¿Ï·á
2026-02-18 22:05:16,304 - news_crawler - INFO - IEEE Spectrum¿¡¼­ ´º½º ¼öÁý Áß...
2026-02-18 22:05:17,951 - news_crawler - INFO - IEEE Spectrum¿¡¼­ 0°³ ±â»ç ¼öÁý ¿Ï·á
2026-02-18 22:05:19,953 - news_crawler - INFO - The Register¿¡¼­ ´º½º ¼öÁý Áß...
2026-02-18 22:06:41,406 - werkzeug - INFO - 127.0.0.1 - - [18/Feb/2026 22:06:41] "GET / HTTP/1.1" 200 -
2026-02-18 22:06:41,497 - werkzeug - INFO - 127.0.0.1 - - [18/Feb/2026 22:06:41] "GET /static/style.css HTTP/1.1" 200 -
2026-02-18 22:06:41,636 - werkzeug - INFO - 127.0.0.1 - - [18/Feb/2026 22:06:41] "GET /static/script.js HTTP/1.1" 200 -
2026-02-18 22:06:41,987 - web_app - ERROR - Åë°è API ¿À·ù: 'int' object has no attribute 'label'
2026-02-18 22:06:41,988 - werkzeug - INFO - 127.0.0.1 - - [18/Feb/2026 22:06:41] "[35m[1mGET /api/stats HTTP/1.1[0m" 500 -
2026-02-18 22:06:42,287 - werkzeug - INFO - 127.0.0.1 - - [18/Feb/2026 22:06:42] "GET /socket.io/?EIO=4&transport=polling&t=Pnmt2Qs HTTP/1.1" 200 -
2026-02-18 22:06:44,044 - web_app - INFO - Å¬¶óÀÌ¾ðÆ®°¡ ¿¬°áµÇ¾ú½À´Ï´Ù
2026-02-18 22:06:44,049 - werkzeug - INFO - 127.0.0.1 - - [18/Feb/2026 22:06:44] "POST /socket.io/?EIO=4&transport=polling&t=Pnmt2sM&sid=4QCVQj1FgoNGsa-xAAAC HTTP/1.1" 200 -
2026-02-18 22:06:44,050 - werkzeug - INFO - 127.0.0.1 - - [18/Feb/2026 22:06:44] "GET /socket.io/?EIO=4&transport=polling&t=Pnmt2sP&sid=4QCVQj1FgoNGsa-xAAAC HTTP/1.1" 200 -
2026-02-18 22:06:44,054 - web_app - ERROR - Exception on /favicon.ico [GET]
Traceback (most recent call last):
  File "C:\Python\Lib\site-packages\flask\app.py", line 1484, in full_dispatch_request
    rv = self.dispatch_request()
         ^^^^^^^^^^^^^^^^^^^^^^^
  File "C:\Python\Lib\site-packages\flask\app.py", line 1458, in dispatch_request
    self.raise_routing_exception(req)
  File "C:\Python\Lib\site-packages\flask\app.py", line 1440, in raise_routing_exception
    raise request.routing_exception  # type: ignore
    ^^^^^^^^^^^^^^^^^^^^^^^^^^^^^^^
  File "C:\Python\Lib\site-packages\flask\ctx.py", line 353, in match_request
    result = self.url_adapter.match(return_rule=True)  # type: ignore
             ^^^^^^^^^^^^^^^^^^^^^^^^^^^^^^^^^^^^^^^^
  File "C:\Python\Lib\site-packages\werkzeug\routing\map.py", line 629, in match
    raise NotFound() from None
werkzeug.exceptions.NotFound: 404 Not Found: The requested URL was not found on the server. If you entered the URL manually please check your spelling and try again.

During handling of the above exception, another exception occurred:

Traceback (most recent call last):
  File "C:\Python\Lib\site-packages\flask\app.py", line 2190, in wsgi_app
    response = self.full_dispatch_request()
               ^^^^^^^^^^^^^^^^^^^^^^^^^^^^
  File "C:\Python\Lib\site-packages\flask\app.py", line 1486, in full_dispatch_request
    rv = self.handle_user_exception(e)
         ^^^^^^^^^^^^^^^^^^^^^^^^^^^^^
  File "C:\Python\Lib\site-packages\flask_cors\extension.py", line 176, in wrapped_function
    return cors_after_request(app.make_response(f(*args, **kwargs)))
                                                ^^^^^^^^^^^^^^^^^^
  File "C:\Python\Lib\site-packages\flask\app.py", line 1341, in handle_user_exception
    return self.handle_http_exception(e)
           ^^^^^^^^^^^^^^^^^^^^^^^^^^^^^
  File "C:\Python\Lib\site-packages\flask\app.py", line 1281, in handle_http_exception
    return self.ensure_sync(handler)(e)
           ^^^^^^^^^^^^^^^^^^^^^^^^^^^^
  File "D:\Copilot_Project\notion_news\web_app.py", line 540, in not_found
    return render_template('404.html'), 404
           ^^^^^^^^^^^^^^^^^^^^^^^^^^^
  File "C:\Python\Lib\site-packages\flask\templating.py", line 150, in render_template
    template = app.jinja_env.get_or_select_template(template_name_or_list)
               ^^^^^^^^^^^^^^^^^^^^^^^^^^^^^^^^^^^^^^^^^^^^^^^^^^^^^^^^^^^
  File "C:\Python\Lib\site-packages\jinja2\environment.py", line 1087, in get_or_select_template
    return self.get_template(template_name_or_list, parent, globals)
           ^^^^^^^^^^^^^^^^^^^^^^^^^^^^^^^^^^^^^^^^^^^^^^^^^^^^^^^^^
  File "C:\Python\Lib\site-packages\jinja2\environment.py", line 1016, in get_template
    return self._load_template(name, globals)
           ^^^^^^^^^^^^^^^^^^^^^^^^^^^^^^^^^^
  File "C:\Python\Lib\site-packages\jinja2\environment.py", line 975, in _load_template
    template = self.loader.load(self, name, self.make_globals(globals))
               ^^^^^^^^^^^^^^^^^^^^^^^^^^^^^^^^^^^^^^^^^^^^^^^^^^^^^^^^
  File "C:\Python\Lib\site-packages\jinja2\loaders.py", line 126, in load
    source, filename, uptodate = self.get_source(environment, name)
                                 ^^^^^^^^^^^^^^^^^^^^^^^^^^^^^^^^^^
  File "C:\Python\Lib\site-packages\flask\templating.py", line 64, in get_source
    return self._get_source_fast(environment, template)
           ^^^^^^^^^^^^^^^^^^^^^^^^^^^^^^^^^^^^^^^^^^^^
  File "C:\Python\Lib\site-packages\flask\templating.py", line 98, in _get_source_fast
    raise TemplateNotFound(template)
jinja2.exceptions.TemplateNotFound: 404.html
2026-02-18 22:06:44,080 - web_app - ERROR - ¼­¹ö ³»ºÎ ¿À·ù: 500 Internal Server Error: The server encountered an internal error and was unable to complete your request. Either the server is overloaded or there is an error in the application.
2026-02-18 22:06:44,082 - werkzeug - INFO - 127.0.0.1 - - [18/Feb/2026 22:06:44] "[35m[1mGET /favicon.ico HTTP/1.1[0m" 500 -
2026-02-18 22:06:44,099 - werkzeug - ERROR - Error on request:
Traceback (most recent call last):
  File "C:\Python\Lib\site-packages\flask\app.py", line 1484, in full_dispatch_request
    rv = self.dispatch_request()
         ^^^^^^^^^^^^^^^^^^^^^^^
  File "C:\Python\Lib\site-packages\flask\app.py", line 1458, in dispatch_request
    self.raise_routing_exception(req)
  File "C:\Python\Lib\site-packages\flask\app.py", line 1440, in raise_routing_exception
    raise request.routing_exception  # type: ignore
  File "C:\Python\Lib\site-packages\flask\ctx.py", line 353, in match_request
    result = self.url_adapter.match(return_rule=True)  # type: ignore
             ^^^^^^^^^^^^^^^^^^^^^^^^^^^^^^^^^^^^^^^^^^^^^^^^^^^^^^^^
  File "C:\Python\Lib\site-packages\werkzeug\routing\map.py", line 629, in match
    raise NotFound() from None
werkzeug.exceptions.NotFound: 404 Not Found: The requested URL was not found on the server. If you entered the URL manually please check your spelling and try again.

During handling of the above exception, another exception occurred:

Traceback (most recent call last):
  File "C:\Python\Lib\site-packages\flask\app.py", line 2190, in wsgi_app
    response = self.full_dispatch_request()
               ^^^^^^^^^^^^^^^^^^^^^^^^^^^^
  File "C:\Python\Lib\site-packages\flask\app.py", line 1486, in full_dispatch_request
    rv = self.handle_user_exception(e)
         ^^^^^^^^^^^^^^^^^^^^^^^^^^^^^
  File "C:\Python\Lib\site-packages\flask_cors\extension.py", line 176, in wrapped_function
    return cors_after_request(app.make_response(f(*args, **kwargs)))
                                                ^^^^^^^^^^^^^^^^^^^^
  File "C:\Python\Lib\site-packages\flask\app.py", line 1341, in handle_user_exception
    return self.handle_http_exception(e)
           ^^^^^^^^^^^^^^^^^^^^^^^^^^^^^
  File "C:\Python\Lib\site-packages\flask\app.py", line 1281, in handle_http_exception
    return self.ensure_sync(handler)(e)
           ^^^^^^^^^^^^^^^^^^^^^^^^^^^^
  File "D:\Copilot_Project\notion_news\web_app.py", line 540, in not_found
    return render_template('404.html'), 404
           ^^^^^^^^^^^^^^^^^^^^^^^^^^^^^^^^
  File "C:\Python\Lib\site-packages\flask\templating.py", line 150, in render_template
    template = app.jinja_env.get_or_select_template(template_name_or_list)
               ^^^^^^^^^^^^^^^^^^^^^^^^^^^^^^^^^^^^^^^^^^^^^^^^^^^^^^^^^^^
  File "C:\Python\Lib\site-packages\jinja2\environment.py", line 1087, in get_or_select_template
    return self.get_template(template_name_or_list, parent, globals)
           ^^^^^^^^^^^^^^^^^^^^^^^^^^^^^^^^^^^^^^^^^^^^^^^^^^^^^^^^^
  File "C:\Python\Lib\site-packages\jinja2\environment.py", line 1016, in get_template
    return self._load_template(name, globals)
           ^^^^^^^^^^^^^^^^^^^^^^^^^^^^^^^^^^
  File "C:\Python\Lib\site-packages\jinja2\environment.py", line 975, in _load_template
    template = self.loader.load(self, name, self.make_globals(globals))
               ^^^^^^^^^^^^^^^^^^^^^^^^^^^^^^^^^^^^^^^^^^^^^^^^^^^^^^^^
  File "C:\Python\Lib\site-packages\jinja2\loaders.py", line 126, in load
    source, filename, uptodate = self.get_source(environment, name)
                                 ^^^^^^^^^^^^^^^^^^^^^^^^^^^^^^^^^^
  File "C:\Python\Lib\site-packages\flask\templating.py", line 64, in get_source
    return self._get_source_fast(environment, template)
           ^^^^^^^^^^^^^^^^^^^^^^^^^^^^^^^^^^^^^^^^^^^^
  File "C:\Python\Lib\site-packages\flask\templating.py", line 98, in _get_source_fast
    raise TemplateNotFound(template)
jinja2.exceptions.TemplateNotFound: 404.html

During handling of the above exception, another exception occurred:

Traceback (most recent call last):
  File "C:\Python\Lib\site-packages\werkzeug\serving.py", line 370, in run_wsgi
    execute(self.server.app)
  File "C:\Python\Lib\site-packages\werkzeug\serving.py", line 331, in execute
    application_iter = app(environ, start_response)
                       ^^^^^^^^^^^^^^^^^^^^^^^^^^^^
  File "C:\Python\Lib\site-packages\flask\app.py", line 2213, in __call__
    return self.wsgi_app(environ, start_response)
           ^^^^^^^^^^^^^^^^^^^^^^^^^^^^^^^^^^^^^^
  File "C:\Python\Lib\site-packages\flask_socketio\__init__.py", line 43, in __call__
    return super(_SocketIOMiddleware, self).__call__(environ,
           ^^^^^^^^^^^^^^^^^^^^^^^^^^^^^^^^^^^^^^^^^^^^^^^^^^
  File "C:\Python\Lib\site-packages\engineio\middleware.py", line 74, in __call__
    return self.wsgi_app(environ, start_response)
           ^^^^^^^^^^^^^^^^^^^^^^^^^^^^^^^^^^^^^^
  File "C:\Python\Lib\site-packages\flask\app.py", line 2193, in wsgi_app
    response = self.handle_exception(e)
               ^^^^^^^^^^^^^^^^^^^^^^^^
  File "C:\Python\Lib\site-packages\flask_cors\extension.py", line 176, in wrapped_function
    return cors_after_request(app.make_response(f(*args, **kwargs)))
                                                ^^^^^^^^^^^^^^^^^^^^
  File "C:\Python\Lib\site-packages\flask\app.py", line 1399, in handle_exception
    server_error = self.ensure_sync(handler)(server_error)
                   ^^^^^^^^^^^^^^^^^^^^^^^^^^^^^^^^^^^^^^^
  File "D:\Copilot_Project\notion_news\web_app.py", line 546, in internal_error
    return render_template('500.html'), 500
           ^^^^^^^^^^^^^^^^^^^^^^^^^^^^^^^^
  File "C:\Python\Lib\site-packages\flask\templating.py", line 150, in render_template
    template = app.jinja_env.get_or_select_template(template_name_or_list)
               ^^^^^^^^^^^^^^^^^^^^^^^^^^^^^^^^^^^^^^^^^^^^^^^^^^^^^^^^^^^
  File "C:\Python\Lib\site-packages\jinja2\environment.py", line 1087, in get_or_select_template
    return self.get_template(template_name_or_list, parent, globals)
           ^^^^^^^^^^^^^^^^^^^^^^^^^^^^^^^^^^^^^^^^^^^^^^^^^^^^^^^^^
  File "C:\Python\Lib\site-packages\jinja2\environment.py", line 1016, in get_template
    return self._load_template(name, globals)
           ^^^^^^^^^^^^^^^^^^^^^^^^^^^^^^^^^^
  File "C:\Python\Lib\site-packages\jinja2\environment.py", line 975, in _load_template
    template = self.loader.load(self, name, self.make_globals(globals))
               ^^^^^^^^^^^^^^^^^^^^^^^^^^^^^^^^^^^^^^^^^^^^^^^^^^^^^^^^
  File "C:\Python\Lib\site-packages\jinja2\loaders.py", line 126, in load
    source, filename, uptodate = self.get_source(environment, name)
                                 ^^^^^^^^^^^^^^^^^^^^^^^^^^^^^^^^^^
  File "C:\Python\Lib\site-packages\flask\templating.py", line 64, in get_source
    return self._get_source_fast(environment, template)
           ^^^^^^^^^^^^^^^^^^^^^^^^^^^^^^^^^^^^^^^^^^^^
  File "C:\Python\Lib\site-packages\flask\templating.py", line 98, in _get_source_fast
    raise TemplateNotFound(template)
jinja2.exceptions.TemplateNotFound: 500.html
2026-02-18 22:06:44,300 - werkzeug - INFO - 127.0.0.1 - - [18/Feb/2026 22:06:44] "GET /socket.io/?EIO=4&transport=polling&t=Pnmt2zc&sid=4QCVQj1FgoNGsa-xAAAC HTTP/1.1" 200 -
2026-02-18 22:06:50,537 - werkzeug - INFO - 127.0.0.1 - - [18/Feb/2026 22:06:50] "GET /api/article/2 HTTP/1.1" 200 -
2026-02-18 22:06:50,860 - werkzeug - INFO - 127.0.0.1 - - [18/Feb/2026 22:06:50] "GET /api/bookmarks/2/check?user_id=default HTTP/1.1" 200 -
2026-02-18 22:07:13,958 - werkzeug - INFO - 127.0.0.1 - - [18/Feb/2026 22:07:13] "GET /api/articles?search=¹ÝµµÃ¼&limit=30 HTTP/1.1" 200 -
2026-02-18 22:07:14,761 - werkzeug - INFO - 127.0.0.1 - - [18/Feb/2026 22:07:14] "GET /api/articles?search=¹ÝµµÃ¼&limit=30 HTTP/1.1" 200 -
2026-02-18 22:07:19,493 - werkzeug - INFO - 127.0.0.1 - - [18/Feb/2026 22:07:19] "GET /api/articles?search=Ãë¾÷&limit=30 HTTP/1.1" 200 -
2026-02-18 22:07:20,311 - werkzeug - INFO - 127.0.0.1 - - [18/Feb/2026 22:07:20] "GET /api/articles?search=Ãë¾÷&limit=30 HTTP/1.1" 200 -
2026-02-18 22:07:23,413 - web_app - INFO - Å¬¶óÀÌ¾ðÆ® ¿¬°áÀÌ ÇØÁ¦µÇ¾ú½À´Ï´Ù
2026-02-18 22:07:23,427 - werkzeug - INFO - 127.0.0.1 - - [18/Feb/2026 22:07:23] "GET /socket.io/?EIO=4&transport=websocket&sid=4QCVQj1FgoNGsa-xAAAC HTTP/1.1" 200 -
2026-02-18 22:10:15,104 - werkzeug - INFO - 127.0.0.1 - - [18/Feb/2026 22:10:15] "GET / HTTP/1.1" 200 -
2026-02-18 22:10:15,171 - werkzeug - INFO - 127.0.0.1 - - [18/Feb/2026 22:10:15] "GET /static/style.css HTTP/1.1" 200 -
2026-02-18 22:10:15,352 - werkzeug - INFO - 127.0.0.1 - - [18/Feb/2026 22:10:15] "[36mGET /static/script.js HTTP/1.1[0m" 304 -
2026-02-18 22:10:15,431 - web_app - ERROR - Åë°è API ¿À·ù: 'int' object has no attribute 'label'
2026-02-18 22:10:15,433 - werkzeug - INFO - 127.0.0.1 - - [18/Feb/2026 22:10:15] "[35m[1mGET /api/stats HTTP/1.1[0m" 500 -
2026-02-18 22:10:15,734 - werkzeug - INFO - 127.0.0.1 - - [18/Feb/2026 22:10:15] "GET /socket.io/?EIO=4&transport=polling&t=PnmtsXu HTTP/1.1" 200 -
2026-02-18 22:10:17,222 - web_app - INFO - Å¬¶óÀÌ¾ðÆ®°¡ ¿¬°áµÇ¾ú½À´Ï´Ù
2026-02-18 22:10:17,222 - werkzeug - INFO - 127.0.0.1 - - [18/Feb/2026 22:10:17] "POST /socket.io/?EIO=4&transport=polling&t=Pnmts-8&sid=7yyht5a0NOcc7caXAAAE HTTP/1.1" 200 -
2026-02-18 22:10:17,534 - werkzeug - INFO - 127.0.0.1 - - [18/Feb/2026 22:10:17] "GET /socket.io/?EIO=4&transport=polling&t=Pnmts-B&sid=7yyht5a0NOcc7caXAAAE HTTP/1.1" 200 -
2026-02-18 22:10:17,542 - web_app - ERROR - Exception on /favicon.ico [GET]
Traceback (most recent call last):
  File "C:\Python\Lib\site-packages\flask\app.py", line 1484, in full_dispatch_request
    rv = self.dispatch_request()
         ^^^^^^^^^^^^^^^^^^^^^^^
  File "C:\Python\Lib\site-packages\flask\app.py", line 1458, in dispatch_request
    self.raise_routing_exception(req)
  File "C:\Python\Lib\site-packages\flask\app.py", line 1440, in raise_routing_exception
    raise request.routing_exception  # type: ignore
    ^^^^^^^^^^^^^^^^^^^^^^^^^^^^^^^
  File "C:\Python\Lib\site-packages\flask\ctx.py", line 353, in match_request
    result = self.url_adapter.match(return_rule=True)  # type: ignore
             ^^^^^^^^^^^^^^^^^^^^^^^^^^^^^^^^^^^^^^^^
  File "C:\Python\Lib\site-packages\werkzeug\routing\map.py", line 629, in match
    raise NotFound() from None
werkzeug.exceptions.NotFound: 404 Not Found: The requested URL was not found on the server. If you entered the URL manually please check your spelling and try again.

During handling of the above exception, another exception occurred:

Traceback (most recent call last):
  File "C:\Python\Lib\site-packages\flask\app.py", line 2190, in wsgi_app
    response = self.full_dispatch_request()
               ^^^^^^^^^^^^^^^^^^^^^^^^^^^^
  File "C:\Python\Lib\site-packages\flask\app.py", line 1486, in full_dispatch_request
    rv = self.handle_user_exception(e)
         ^^^^^^^^^^^^^^^^^^^^^^^^^^^^^
  File "C:\Python\Lib\site-packages\flask_cors\extension.py", line 176, in wrapped_function
    return cors_after_request(app.make_response(f(*args, **kwargs)))
                                                ^^^^^^^^^^^^^^^^^^
  File "C:\Python\Lib\site-packages\flask\app.py", line 1341, in handle_user_exception
    return self.handle_http_exception(e)
           ^^^^^^^^^^^^^^^^^^^^^^^^^^^^^
  File "C:\Python\Lib\site-packages\flask\app.py", line 1281, in handle_http_exception
    return self.ensure_sync(handler)(e)
           ^^^^^^^^^^^^^^^^^^^^^^^^^^^^
  File "D:\Copilot_Project\notion_news\web_app.py", line 540, in not_found
    return render_template('404.html'), 404
           ^^^^^^^^^^^^^^^^^^^^^^^^^^^
  File "C:\Python\Lib\site-packages\flask\templating.py", line 150, in render_template
    template = app.jinja_env.get_or_select_template(template_name_or_list)
               ^^^^^^^^^^^^^^^^^^^^^^^^^^^^^^^^^^^^^^^^^^^^^^^^^^^^^^^^^^^
  File "C:\Python\Lib\site-packages\jinja2\environment.py", line 1087, in get_or_select_template
    return self.get_template(template_name_or_list, parent, globals)
           ^^^^^^^^^^^^^^^^^^^^^^^^^^^^^^^^^^^^^^^^^^^^^^^^^^^^^^^^^
  File "C:\Python\Lib\site-packages\jinja2\environment.py", line 1016, in get_template
    return self._load_template(name, globals)
           ^^^^^^^^^^^^^^^^^^^^^^^^^^^^^^^^^^
  File "C:\Python\Lib\site-packages\jinja2\environment.py", line 975, in _load_template
    template = self.loader.load(self, name, self.make_globals(globals))
               ^^^^^^^^^^^^^^^^^^^^^^^^^^^^^^^^^^^^^^^^^^^^^^^^^^^^^^^^
  File "C:\Python\Lib\site-packages\jinja2\loaders.py", line 126, in load
    source, filename, uptodate = self.get_source(environment, name)
                                 ^^^^^^^^^^^^^^^^^^^^^^^^^^^^^^^^^^
  File "C:\Python\Lib\site-packages\flask\templating.py", line 64, in get_source
    return self._get_source_fast(environment, template)
           ^^^^^^^^^^^^^^^^^^^^^^^^^^^^^^^^^^^^^^^^^^^^
  File "C:\Python\Lib\site-packages\flask\templating.py", line 98, in _get_source_fast
    raise TemplateNotFound(template)
jinja2.exceptions.TemplateNotFound: 404.html
2026-02-18 22:10:17,549 - web_app - ERROR - ¼­¹ö ³»ºÎ ¿À·ù: 500 Internal Server Error: The server encountered an internal error and was unable to complete your request. Either the server is overloaded or there is an error in the application.
2026-02-18 22:10:17,551 - werkzeug - INFO - 127.0.0.1 - - [18/Feb/2026 22:10:17] "[35m[1mGET /favicon.ico HTTP/1.1[0m" 500 -
2026-02-18 22:10:17,559 - werkzeug - ERROR - Error on request:
Traceback (most recent call last):
  File "C:\Python\Lib\site-packages\flask\app.py", line 1484, in full_dispatch_request
    rv = self.dispatch_request()
         ^^^^^^^^^^^^^^^^^^^^^^^
  File "C:\Python\Lib\site-packages\flask\app.py", line 1458, in dispatch_request
    self.raise_routing_exception(req)
  File "C:\Python\Lib\site-packages\flask\app.py", line 1440, in raise_routing_exception
    raise request.routing_exception  # type: ignore
  File "C:\Python\Lib\site-packages\flask\ctx.py", line 353, in match_request
    result = self.url_adapter.match(return_rule=True)  # type: ignore
             ^^^^^^^^^^^^^^^^^^^^^^^^^^^^^^^^^^^^^^^^^^^^^^^^^^^^^^^^
  File "C:\Python\Lib\site-packages\werkzeug\routing\map.py", line 629, in match
    raise NotFound() from None
werkzeug.exceptions.NotFound: 404 Not Found: The requested URL was not found on the server. If you entered the URL manually please check your spelling and try again.

During handling of the above exception, another exception occurred:

Traceback (most recent call last):
  File "C:\Python\Lib\site-packages\flask\app.py", line 2190, in wsgi_app
    response = self.full_dispatch_request()
               ^^^^^^^^^^^^^^^^^^^^^^^^^^^^
  File "C:\Python\Lib\site-packages\flask\app.py", line 1486, in full_dispatch_request
    rv = self.handle_user_exception(e)
         ^^^^^^^^^^^^^^^^^^^^^^^^^^^^^
  File "C:\Python\Lib\site-packages\flask_cors\extension.py", line 176, in wrapped_function
    return cors_after_request(app.make_response(f(*args, **kwargs)))
                                                ^^^^^^^^^^^^^^^^^^^^
  File "C:\Python\Lib\site-packages\flask\app.py", line 1341, in handle_user_exception
    return self.handle_http_exception(e)
           ^^^^^^^^^^^^^^^^^^^^^^^^^^^^^
  File "C:\Python\Lib\site-packages\flask\app.py", line 1281, in handle_http_exception
    return self.ensure_sync(handler)(e)
           ^^^^^^^^^^^^^^^^^^^^^^^^^^^^
  File "D:\Copilot_Project\notion_news\web_app.py", line 540, in not_found
    return render_template('404.html'), 404
           ^^^^^^^^^^^^^^^^^^^^^^^^^^^^^^^^
  File "C:\Python\Lib\site-packages\flask\templating.py", line 150, in render_template
    template = app.jinja_env.get_or_select_template(template_name_or_list)
               ^^^^^^^^^^^^^^^^^^^^^^^^^^^^^^^^^^^^^^^^^^^^^^^^^^^^^^^^^^^
  File "C:\Python\Lib\site-packages\jinja2\environment.py", line 1087, in get_or_select_template
    return self.get_template(template_name_or_list, parent, globals)
           ^^^^^^^^^^^^^^^^^^^^^^^^^^^^^^^^^^^^^^^^^^^^^^^^^^^^^^^^^
  File "C:\Python\Lib\site-packages\jinja2\environment.py", line 1016, in get_template
    return self._load_template(name, globals)
           ^^^^^^^^^^^^^^^^^^^^^^^^^^^^^^^^^^
  File "C:\Python\Lib\site-packages\jinja2\environment.py", line 975, in _load_template
    template = self.loader.load(self, name, self.make_globals(globals))
               ^^^^^^^^^^^^^^^^^^^^^^^^^^^^^^^^^^^^^^^^^^^^^^^^^^^^^^^^
  File "C:\Python\Lib\site-packages\jinja2\loaders.py", line 126, in load
    source, filename, uptodate = self.get_source(environment, name)
                                 ^^^^^^^^^^^^^^^^^^^^^^^^^^^^^^^^^^
  File "C:\Python\Lib\site-packages\flask\templating.py", line 64, in get_source
    return self._get_source_fast(environment, template)
           ^^^^^^^^^^^^^^^^^^^^^^^^^^^^^^^^^^^^^^^^^^^^
  File "C:\Python\Lib\site-packages\flask\templating.py", line 98, in _get_source_fast
    raise TemplateNotFound(template)
jinja2.exceptions.TemplateNotFound: 404.html

During handling of the above exception, another exception occurred:

Traceback (most recent call last):
  File "C:\Python\Lib\site-packages\werkzeug\serving.py", line 370, in run_wsgi
    execute(self.server.app)
  File "C:\Python\Lib\site-packages\werkzeug\serving.py", line 331, in execute
    application_iter = app(environ, start_response)
                       ^^^^^^^^^^^^^^^^^^^^^^^^^^^^
  File "C:\Python\Lib\site-packages\flask\app.py", line 2213, in __call__
    return self.wsgi_app(environ, start_response)
           ^^^^^^^^^^^^^^^^^^^^^^^^^^^^^^^^^^^^^^
  File "C:\Python\Lib\site-packages\flask_socketio\__init__.py", line 43, in __call__
    return super(_SocketIOMiddleware, self).__call__(environ,
           ^^^^^^^^^^^^^^^^^^^^^^^^^^^^^^^^^^^^^^^^^^^^^^^^^^
  File "C:\Python\Lib\site-packages\engineio\middleware.py", line 74, in __call__
    return self.wsgi_app(environ, start_response)
           ^^^^^^^^^^^^^^^^^^^^^^^^^^^^^^^^^^^^^^
  File "C:\Python\Lib\site-packages\flask\app.py", line 2193, in wsgi_app
    response = self.handle_exception(e)
               ^^^^^^^^^^^^^^^^^^^^^^^^
  File "C:\Python\Lib\site-packages\flask_cors\extension.py", line 176, in wrapped_function
    return cors_after_request(app.make_response(f(*args, **kwargs)))
                                                ^^^^^^^^^^^^^^^^^^^^
  File "C:\Python\Lib\site-packages\flask\app.py", line 1399, in handle_exception
    server_error = self.ensure_sync(handler)(server_error)
                   ^^^^^^^^^^^^^^^^^^^^^^^^^^^^^^^^^^^^^^^
  File "D:\Copilot_Project\notion_news\web_app.py", line 546, in internal_error
    return render_template('500.html'), 500
           ^^^^^^^^^^^^^^^^^^^^^^^^^^^^^^^^
  File "C:\Python\Lib\site-packages\flask\templating.py", line 150, in render_template
    template = app.jinja_env.get_or_select_template(template_name_or_list)
               ^^^^^^^^^^^^^^^^^^^^^^^^^^^^^^^^^^^^^^^^^^^^^^^^^^^^^^^^^^^
  File "C:\Python\Lib\site-packages\jinja2\environment.py", line 1087, in get_or_select_template
    return self.get_template(template_name_or_list, parent, globals)
           ^^^^^^^^^^^^^^^^^^^^^^^^^^^^^^^^^^^^^^^^^^^^^^^^^^^^^^^^^
  File "C:\Python\Lib\site-packages\jinja2\environment.py", line 1016, in get_template
    return self._load_template(name, globals)
           ^^^^^^^^^^^^^^^^^^^^^^^^^^^^^^^^^^
  File "C:\Python\Lib\site-packages\jinja2\environment.py", line 975, in _load_template
    template = self.loader.load(self, name, self.make_globals(globals))
               ^^^^^^^^^^^^^^^^^^^^^^^^^^^^^^^^^^^^^^^^^^^^^^^^^^^^^^^^
  File "C:\Python\Lib\site-packages\jinja2\loaders.py", line 126, in load
    source, filename, uptodate = self.get_source(environment, name)
                                 ^^^^^^^^^^^^^^^^^^^^^^^^^^^^^^^^^^
  File "C:\Python\Lib\site-packages\flask\templating.py", line 64, in get_source
    return self._get_source_fast(environment, template)
           ^^^^^^^^^^^^^^^^^^^^^^^^^^^^^^^^^^^^^^^^^^^^
  File "C:\Python\Lib\site-packages\flask\templating.py", line 98, in _get_source_fast
    raise TemplateNotFound(template)
jinja2.exceptions.TemplateNotFound: 500.html
2026-02-18 22:10:17,916 - werkzeug - INFO - 127.0.0.1 - - [18/Feb/2026 22:10:17] "GET /socket.io/?EIO=4&transport=polling&t=Pnmtt3-&sid=7yyht5a0NOcc7caXAAAE HTTP/1.1" 200 -
2026-02-18 22:10:20,245 - werkzeug - INFO - 127.0.0.1 - - [18/Feb/2026 22:10:20] "GET /api/article/2 HTTP/1.1" 200 -
2026-02-18 22:10:20,569 - werkzeug - INFO - 127.0.0.1 - - [18/Feb/2026 22:10:20] "GET /api/bookmarks/2/check?user_id=default HTTP/1.1" 200 -
2026-02-18 22:10:33,646 - web_app - INFO - ¾Ë¸² Àü¼Û: ´º½º Å©·Ñ¸µÀ» ½ÃÀÛÇÕ´Ï´Ù...
2026-02-18 22:10:33,648 - news_crawler - INFO - ¹ÝµµÃ¼ ´º½º Å©·Ñ¸µ ½ÃÀÛ...
2026-02-18 22:10:33,649 - news_crawler - INFO - EE Times¿¡¼­ ´º½º ¼öÁý Áß...
2026-02-18 22:10:40,540 - werkzeug - INFO - 127.0.0.1 - - [18/Feb/2026 22:10:40] "GET /api/articles?sort=priority&limit=20 HTTP/1.1" 200 -
2026-02-18 22:10:49,996 - news_crawler - ERROR - EE Times Å©·Ñ¸µ ½ÇÆÐ: HTTPSConnectionPool(host='www.eetimes.com', port=443): Read timed out. (read timeout=15)
2026-02-18 22:10:51,998 - news_crawler - INFO - ÀüÀÚ½Å¹®¿¡¼­ ´º½º ¼öÁý Áß...
2026-02-18 22:10:52,235 - werkzeug - INFO - 127.0.0.1 - - [18/Feb/2026 22:10:52] "GET /api/articles?sort=recent&limit=20 HTTP/1.1" 200 -
2026-02-18 22:10:53,200 - news_crawler - INFO - ÀüÀÚ½Å¹®¿¡¼­ 0°³ ±â»ç ¼öÁý ¿Ï·á
2026-02-18 22:10:53,956 - werkzeug - INFO - 127.0.0.1 - - [18/Feb/2026 22:10:53] "GET /api/articles/personalized?sort=priority&limit=20 HTTP/1.1" 200 -
2026-02-18 22:10:55,206 - news_crawler - INFO - Semiconductor Engineering¿¡¼­ ´º½º ¼öÁý Áß...
2026-02-18 22:10:55,833 - werkzeug - INFO - 127.0.0.1 - - [18/Feb/2026 22:10:55] "GET /api/trends HTTP/1.1" 200 -
2026-02-18 22:10:55,833 - web_app - ERROR - Åë°è API ¿À·ù: 'int' object has no attribute 'label'
2026-02-18 22:10:55,835 - werkzeug - INFO - 127.0.0.1 - - [18/Feb/2026 22:10:55] "[35m[1mGET /api/stats HTTP/1.1[0m" 500 -
2026-02-18 22:10:58,110 - news_crawler - INFO - Semiconductor Engineering¿¡¼­ 0°³ ±â»ç ¼öÁý ¿Ï·á
2026-02-18 22:11:00,112 - news_crawler - INFO - AnandTech¿¡¼­ ´º½º ¼öÁý Áß...
2026-02-18 22:11:04,041 - news_crawler - INFO - AnandTech¿¡¼­ 0°³ ±â»ç ¼öÁý ¿Ï·á
2026-02-18 22:11:06,044 - news_crawler - INFO - Tom's Hardware¿¡¼­ ´º½º ¼öÁý Áß...
2026-02-18 22:11:14,259 - news_crawler - ERROR - Tom's Hardware Å©·Ñ¸µ ½ÇÆÐ: 404 Client Error: Not Found for url: https://www.tomshardware.com/news/tag/semiconductors
2026-02-18 22:11:16,260 - news_crawler - INFO - µðÁöÅÐÅ¸ÀÓ½º¿¡¼­ ´º½º ¼öÁý Áß...
2026-02-18 22:11:17,332 - news_crawler - ERROR - µðÁöÅÐÅ¸ÀÓ½º Å©·Ñ¸µ ½ÇÆÐ: 404 Client Error: Not Found for url: https://www.dt.co.kr:443/contents.html?article_no=2021020302109976601002
2026-02-18 22:11:19,333 - news_crawler - INFO - TechCrunch¿¡¼­ ´º½º ¼öÁý Áß...
2026-02-18 22:11:20,103 - werkzeug - INFO - [31m[1mWARNING: This is a development server. Do not use it in a production deployment. Use a production WSGI server instead.[0m
 * Running on all addresses (0.0.0.0)
 * Running on http://127.0.0.1:5000
 * Running on http://172.30.1.60:5000
2026-02-18 22:11:20,105 - werkzeug - INFO - [33mPress CTRL+C to quit[0m
2026-02-18 22:11:20,636 - news_crawler - INFO - TechCrunch¿¡¼­ 0°³ ±â»ç ¼öÁý ¿Ï·á
2026-02-18 22:11:22,638 - news_crawler - INFO - IEEE Spectrum¿¡¼­ ´º½º ¼öÁý Áß...
2026-02-18 22:11:24,277 - news_crawler - INFO - IEEE Spectrum¿¡¼­ 0°³ ±â»ç ¼öÁý ¿Ï·á
2026-02-18 22:11:26,278 - news_crawler - INFO - The Register¿¡¼­ ´º½º ¼öÁý Áß...
2026-02-18 22:11:27,484 - news_crawler - ERROR - The Register Å©·Ñ¸µ ½ÇÆÐ: 404 Client Error: Not Found for url: https://www.theregister.com/hardware/semiconductors/
2026-02-18 22:11:29,486 - news_crawler - INFO - Nikkei Asia¿¡¼­ ´º½º ¼öÁý Áß...
2026-02-18 22:11:32,475 - news_crawler - INFO - Nikkei Asia¿¡¼­ 0°³ ±â»ç ¼öÁý ¿Ï·á
2026-02-18 22:11:34,476 - news_crawler - INFO - ÃÑ 0°³ÀÇ °íÀ¯ ±â»ç ¼öÁý ¿Ï·á
2026-02-18 22:11:34,478 - web_app - INFO - ¾Ë¸² Àü¼Û: 0°³ÀÇ »õ·Î¿î ±â»ç¸¦ Ãß°¡Çß½À´Ï´Ù.
2026-02-18 22:11:34,495 - werkzeug - INFO - 127.0.0.1 - - [18/Feb/2026 22:11:34] "POST /api/crawl HTTP/1.1" 200 -
2026-02-18 22:11:34,803 - web_app - ERROR - Åë°è API ¿À·ù: 'int' object has no attribute 'label'
2026-02-18 22:11:34,805 - web_app - ERROR - Åë°è API ¿À·ù: 'int' object has no attribute 'label'
2026-02-18 22:11:34,806 - werkzeug - INFO - 127.0.0.1 - - [18/Feb/2026 22:11:34] "[35m[1mGET /api/stats HTTP/1.1[0m" 500 -
2026-02-18 22:11:34,807 - werkzeug - INFO - 127.0.0.1 - - [18/Feb/2026 22:11:34] "[35m[1mGET /api/stats HTTP/1.1[0m" 500 -
2026-02-18 22:11:35,118 - web_app - ERROR - Åë°è API ¿À·ù: 'int' object has no attribute 'label'
2026-02-18 22:11:35,119 - werkzeug - INFO - 127.0.0.1 - - [18/Feb/2026 22:11:35] "[35m[1mGET /api/stats HTTP/1.1[0m" 500 -
2026-02-18 22:11:36,226 - web_app - INFO - Å¬¶óÀÌ¾ðÆ® ¿¬°áÀÌ ÇØÁ¦µÇ¾ú½À´Ï´Ù
2026-02-18 22:11:36,228 - werkzeug - INFO - 127.0.0.1 - - [18/Feb/2026 22:11:36] "GET /socket.io/?EIO=4&transport=websocket&sid=7yyht5a0NOcc7caXAAAE HTTP/1.1" 200 -
2026-02-18 22:11:36,255 - werkzeug - INFO - 127.0.0.1 - - [18/Feb/2026 22:11:36] "GET / HTTP/1.1" 200 -
2026-02-18 22:11:36,558 - werkzeug - INFO - 127.0.0.1 - - [18/Feb/2026 22:11:36] "[36mGET /static/style.css HTTP/1.1[0m" 304 -
2026-02-18 22:11:36,604 - werkzeug - INFO - 127.0.0.1 - - [18/Feb/2026 22:11:36] "[36mGET /static/script.js HTTP/1.1[0m" 304 -
2026-02-18 22:11:36,923 - werkzeug - INFO - 127.0.0.1 - - [18/Feb/2026 22:11:36] "GET /socket.io/?EIO=4&transport=polling&t=PnmuAMZ HTTP/1.1" 200 -
2026-02-18 22:11:36,923 - web_app - ERROR - Åë°è API ¿À·ù: 'int' object has no attribute 'label'
2026-02-18 22:11:36,925 - werkzeug - INFO - 127.0.0.1 - - [18/Feb/2026 22:11:36] "[35m[1mGET /api/stats HTTP/1.1[0m" 500 -
2026-02-18 22:11:37,339 - web_app - INFO - Å¬¶óÀÌ¾ðÆ®°¡ ¿¬°áµÇ¾ú½À´Ï´Ù
2026-02-18 22:11:37,340 - werkzeug - INFO - 127.0.0.1 - - [18/Feb/2026 22:11:37] "POST /socket.io/?EIO=4&transport=polling&t=PnmuAXv&sid=cISoWZWTmUuOZ6CEAAAG HTTP/1.1" 200 -
2026-02-18 22:11:37,647 - werkzeug - INFO - 127.0.0.1 - - [18/Feb/2026 22:11:37] "GET /socket.io/?EIO=4&transport=polling&t=PnmuAXx&sid=cISoWZWTmUuOZ6CEAAAG HTTP/1.1" 200 -
2026-02-18 22:11:37,675 - web_app - ERROR - Exception on /favicon.ico [GET]
Traceback (most recent call last):
  File "C:\Python\Lib\site-packages\flask\app.py", line 1484, in full_dispatch_request
    rv = self.dispatch_request()
         ^^^^^^^^^^^^^^^^^^^^^^^
  File "C:\Python\Lib\site-packages\flask\app.py", line 1458, in dispatch_request
    self.raise_routing_exception(req)
  File "C:\Python\Lib\site-packages\flask\app.py", line 1440, in raise_routing_exception
    raise request.routing_exception  # type: ignore
    ^^^^^^^^^^^^^^^^^^^^^^^^^^^^^^^
  File "C:\Python\Lib\site-packages\flask\ctx.py", line 353, in match_request
    result = self.url_adapter.match(return_rule=True)  # type: ignore
             ^^^^^^^^^^^^^^^^^^^^^^^^^^^^^^^^^^^^^^^^
  File "C:\Python\Lib\site-packages\werkzeug\routing\map.py", line 629, in match
    raise NotFound() from None
werkzeug.exceptions.NotFound: 404 Not Found: The requested URL was not found on the server. If you entered the URL manually please check your spelling and try again.

During handling of the above exception, another exception occurred:

Traceback (most recent call last):
  File "C:\Python\Lib\site-packages\flask\app.py", line 2190, in wsgi_app
    response = self.full_dispatch_request()
               ^^^^^^^^^^^^^^^^^^^^^^^^^^^^
  File "C:\Python\Lib\site-packages\flask\app.py", line 1486, in full_dispatch_request
    rv = self.handle_user_exception(e)
         ^^^^^^^^^^^^^^^^^^^^^^^^^^^^^
  File "C:\Python\Lib\site-packages\flask_cors\extension.py", line 176, in wrapped_function
    return cors_after_request(app.make_response(f(*args, **kwargs)))
                                                ^^^^^^^^^^^^^^^^^^
  File "C:\Python\Lib\site-packages\flask\app.py", line 1341, in handle_user_exception
    return self.handle_http_exception(e)
           ^^^^^^^^^^^^^^^^^^^^^^^^^^^^^
  File "C:\Python\Lib\site-packages\flask\app.py", line 1281, in handle_http_exception
    return self.ensure_sync(handler)(e)
           ^^^^^^^^^^^^^^^^^^^^^^^^^^^^
  File "D:\Copilot_Project\notion_news\web_app.py", line 540, in not_found
    return render_template('404.html'), 404
           ^^^^^^^^^^^^^^^^^^^^^^^^^^^
  File "C:\Python\Lib\site-packages\flask\templating.py", line 150, in render_template
    template = app.jinja_env.get_or_select_template(template_name_or_list)
               ^^^^^^^^^^^^^^^^^^^^^^^^^^^^^^^^^^^^^^^^^^^^^^^^^^^^^^^^^^^
  File "C:\Python\Lib\site-packages\jinja2\environment.py", line 1087, in get_or_select_template
    return self.get_template(template_name_or_list, parent, globals)
           ^^^^^^^^^^^^^^^^^^^^^^^^^^^^^^^^^^^^^^^^^^^^^^^^^^^^^^^^^
  File "C:\Python\Lib\site-packages\jinja2\environment.py", line 1016, in get_template
    return self._load_template(name, globals)
           ^^^^^^^^^^^^^^^^^^^^^^^^^^^^^^^^^^
  File "C:\Python\Lib\site-packages\jinja2\environment.py", line 975, in _load_template
    template = self.loader.load(self, name, self.make_globals(globals))
               ^^^^^^^^^^^^^^^^^^^^^^^^^^^^^^^^^^^^^^^^^^^^^^^^^^^^^^^^
  File "C:\Python\Lib\site-packages\jinja2\loaders.py", line 126, in load
    source, filename, uptodate = self.get_source(environment, name)
                                 ^^^^^^^^^^^^^^^^^^^^^^^^^^^^^^^^^^
  File "C:\Python\Lib\site-packages\flask\templating.py", line 64, in get_source
    return self._get_source_fast(environment, template)
           ^^^^^^^^^^^^^^^^^^^^^^^^^^^^^^^^^^^^^^^^^^^^
  File "C:\Python\Lib\site-packages\flask\templating.py", line 98, in _get_source_fast
    raise TemplateNotFound(template)
jinja2.exceptions.TemplateNotFound: 404.html
2026-02-18 22:11:37,679 - web_app - ERROR - ¼­¹ö ³»ºÎ ¿À·ù: 500 Internal Server Error: The server encountered an internal error and was unable to complete your request. Either the server is overloaded or there is an error in the application.
2026-02-18 22:11:37,680 - werkzeug - INFO - 127.0.0.1 - - [18/Feb/2026 22:11:37] "[35m[1mGET /favicon.ico HTTP/1.1[0m" 500 -
2026-02-18 22:11:37,691 - werkzeug - ERROR - Error on request:
Traceback (most recent call last):
  File "C:\Python\Lib\site-packages\flask\app.py", line 1484, in full_dispatch_request
    rv = self.dispatch_request()
         ^^^^^^^^^^^^^^^^^^^^^^^
  File "C:\Python\Lib\site-packages\flask\app.py", line 1458, in dispatch_request
    self.raise_routing_exception(req)
  File "C:\Python\Lib\site-packages\flask\app.py", line 1440, in raise_routing_exception
    raise request.routing_exception  # type: ignore
  File "C:\Python\Lib\site-packages\flask\ctx.py", line 353, in match_request
    result = self.url_adapter.match(return_rule=True)  # type: ignore
             ^^^^^^^^^^^^^^^^^^^^^^^^^^^^^^^^^^^^^^^^^^^^^^^^^^^^^^^^
  File "C:\Python\Lib\site-packages\werkzeug\routing\map.py", line 629, in match
    raise NotFound() from None
werkzeug.exceptions.NotFound: 404 Not Found: The requested URL was not found on the server. If you entered the URL manually please check your spelling and try again.

During handling of the above exception, another exception occurred:

Traceback (most recent call last):
  File "C:\Python\Lib\site-packages\flask\app.py", line 2190, in wsgi_app
    response = self.full_dispatch_request()
               ^^^^^^^^^^^^^^^^^^^^^^^^^^^^
  File "C:\Python\Lib\site-packages\flask\app.py", line 1486, in full_dispatch_request
    rv = self.handle_user_exception(e)
         ^^^^^^^^^^^^^^^^^^^^^^^^^^^^^
  File "C:\Python\Lib\site-packages\flask_cors\extension.py", line 176, in wrapped_function
    return cors_after_request(app.make_response(f(*args, **kwargs)))
                                                ^^^^^^^^^^^^^^^^^^^^
  File "C:\Python\Lib\site-packages\flask\app.py", line 1341, in handle_user_exception
    return self.handle_http_exception(e)
           ^^^^^^^^^^^^^^^^^^^^^^^^^^^^^
  File "C:\Python\Lib\site-packages\flask\app.py", line 1281, in handle_http_exception
    return self.ensure_sync(handler)(e)
           ^^^^^^^^^^^^^^^^^^^^^^^^^^^^
  File "D:\Copilot_Project\notion_news\web_app.py", line 540, in not_found
    return render_template('404.html'), 404
           ^^^^^^^^^^^^^^^^^^^^^^^^^^^^^^^^
  File "C:\Python\Lib\site-packages\flask\templating.py", line 150, in render_template
    template = app.jinja_env.get_or_select_template(template_name_or_list)
               ^^^^^^^^^^^^^^^^^^^^^^^^^^^^^^^^^^^^^^^^^^^^^^^^^^^^^^^^^^^
  File "C:\Python\Lib\site-packages\jinja2\environment.py", line 1087, in get_or_select_template
    return self.get_template(template_name_or_list, parent, globals)
           ^^^^^^^^^^^^^^^^^^^^^^^^^^^^^^^^^^^^^^^^^^^^^^^^^^^^^^^^^
  File "C:\Python\Lib\site-packages\jinja2\environment.py", line 1016, in get_template
    return self._load_template(name, globals)
           ^^^^^^^^^^^^^^^^^^^^^^^^^^^^^^^^^^
  File "C:\Python\Lib\site-packages\jinja2\environment.py", line 975, in _load_template
    template = self.loader.load(self, name, self.make_globals(globals))
               ^^^^^^^^^^^^^^^^^^^^^^^^^^^^^^^^^^^^^^^^^^^^^^^^^^^^^^^^
  File "C:\Python\Lib\site-packages\jinja2\loaders.py", line 126, in load
    source, filename, uptodate = self.get_source(environment, name)
                                 ^^^^^^^^^^^^^^^^^^^^^^^^^^^^^^^^^^
  File "C:\Python\Lib\site-packages\flask\templating.py", line 64, in get_source
    return self._get_source_fast(environment, template)
           ^^^^^^^^^^^^^^^^^^^^^^^^^^^^^^^^^^^^^^^^^^^^
  File "C:\Python\Lib\site-packages\flask\templating.py", line 98, in _get_source_fast
    raise TemplateNotFound(template)
jinja2.exceptions.TemplateNotFound: 404.html

During handling of the above exception, another exception occurred:

Traceback (most recent call last):
  File "C:\Python\Lib\site-packages\werkzeug\serving.py", line 370, in run_wsgi
    execute(self.server.app)
  File "C:\Python\Lib\site-packages\werkzeug\serving.py", line 331, in execute
    application_iter = app(environ, start_response)
                       ^^^^^^^^^^^^^^^^^^^^^^^^^^^^
  File "C:\Python\Lib\site-packages\flask\app.py", line 2213, in __call__
    return self.wsgi_app(environ, start_response)
           ^^^^^^^^^^^^^^^^^^^^^^^^^^^^^^^^^^^^^^
  File "C:\Python\Lib\site-packages\flask_socketio\__init__.py", line 43, in __call__
    return super(_SocketIOMiddleware, self).__call__(environ,
           ^^^^^^^^^^^^^^^^^^^^^^^^^^^^^^^^^^^^^^^^^^^^^^^^^^
  File "C:\Python\Lib\site-packages\engineio\middleware.py", line 74, in __call__
    return self.wsgi_app(environ, start_response)
           ^^^^^^^^^^^^^^^^^^^^^^^^^^^^^^^^^^^^^^
  File "C:\Python\Lib\site-packages\flask\app.py", line 2193, in wsgi_app
    response = self.handle_exception(e)
               ^^^^^^^^^^^^^^^^^^^^^^^^
  File "C:\Python\Lib\site-packages\flask_cors\extension.py", line 176, in wrapped_function
    return cors_after_request(app.make_response(f(*args, **kwargs)))
                                                ^^^^^^^^^^^^^^^^^^^^
  File "C:\Python\Lib\site-packages\flask\app.py", line 1399, in handle_exception
    server_error = self.ensure_sync(handler)(server_error)
                   ^^^^^^^^^^^^^^^^^^^^^^^^^^^^^^^^^^^^^^^
  File "D:\Copilot_Project\notion_news\web_app.py", line 546, in internal_error
    return render_template('500.html'), 500
           ^^^^^^^^^^^^^^^^^^^^^^^^^^^^^^^^
  File "C:\Python\Lib\site-packages\flask\templating.py", line 150, in render_template
    template = app.jinja_env.get_or_select_template(template_name_or_list)
               ^^^^^^^^^^^^^^^^^^^^^^^^^^^^^^^^^^^^^^^^^^^^^^^^^^^^^^^^^^^
  File "C:\Python\Lib\site-packages\jinja2\environment.py", line 1087, in get_or_select_template
    return self.get_template(template_name_or_list, parent, globals)
           ^^^^^^^^^^^^^^^^^^^^^^^^^^^^^^^^^^^^^^^^^^^^^^^^^^^^^^^^^
  File "C:\Python\Lib\site-packages\jinja2\environment.py", line 1016, in get_template
    return self._load_template(name, globals)
           ^^^^^^^^^^^^^^^^^^^^^^^^^^^^^^^^^^
  File "C:\Python\Lib\site-packages\jinja2\environment.py", line 975, in _load_template
    template = self.loader.load(self, name, self.make_globals(globals))
               ^^^^^^^^^^^^^^^^^^^^^^^^^^^^^^^^^^^^^^^^^^^^^^^^^^^^^^^^
  File "C:\Python\Lib\site-packages\jinja2\loaders.py", line 126, in load
    source, filename, uptodate = self.get_source(environment, name)
                                 ^^^^^^^^^^^^^^^^^^^^^^^^^^^^^^^^^^
  File "C:\Python\Lib\site-packages\flask\templating.py", line 64, in get_source
    return self._get_source_fast(environment, template)
           ^^^^^^^^^^^^^^^^^^^^^^^^^^^^^^^^^^^^^^^^^^^^
  File "C:\Python\Lib\site-packages\flask\templating.py", line 98, in _get_source_fast
    raise TemplateNotFound(template)
jinja2.exceptions.TemplateNotFound: 500.html
2026-02-18 22:11:38,040 - werkzeug - INFO - 127.0.0.1 - - [18/Feb/2026 22:11:38] "GET /socket.io/?EIO=4&transport=polling&t=PnmuAdy&sid=cISoWZWTmUuOZ6CEAAAG HTTP/1.1" 200 -
2026-02-18 22:15:33,759 - __main__ - INFO - À¥ ¼­¹ö ½ÃÀÛ: http://0.0.0.0:5000
2026-02-18 22:15:33,799 - werkzeug - INFO - [31m[1mWARNING: This is a development server. Do not use it in a production deployment. Use a production WSGI server instead.[0m
 * Running on all addresses (0.0.0.0)
 * Running on http://127.0.0.1:5000
 * Running on http://172.30.1.60:5000
2026-02-18 22:15:33,800 - werkzeug - INFO - [33mPress CTRL+C to quit[0m
2026-02-18 22:15:33,800 - werkzeug - INFO -  * Restarting with watchdog (windowsapi)
2026-02-18 22:15:36,602 - __main__ - INFO - À¥ ¼­¹ö ½ÃÀÛ: http://0.0.0.0:5000
2026-02-18 22:20:25,568 - werkzeug - INFO -  * Detected change in 'D:\\Copilot_Project\\notion_news\\captain_security.py', reloading
2026-02-18 22:20:26,603 - werkzeug - INFO -  * Restarting with watchdog (windowsapi)
2026-02-18 22:20:30,022 - __main__ - INFO - À¥ ¼­¹ö ½ÃÀÛ: http://0.0.0.0:5000
2026-02-18 22:20:38,957 - werkzeug - INFO -  * Detected change in 'D:\\Copilot_Project\\notion_news\\web_app.py', reloading
2026-02-18 22:20:39,376 - werkzeug - INFO -  * Restarting with watchdog (windowsapi)
2026-02-18 22:22:14,680 - captain_security - INFO - Captain DDandDan ÃÖ°í º¸¾È ½Ã½ºÅÛ ÃÊ±âÈ­ ¿Ï·á
2026-02-18 22:22:14,697 - __main__ - INFO - À¥ ¼­¹ö ½ÃÀÛ: http://0.0.0.0:5000
2026-02-18 22:22:14,718 - werkzeug - INFO - [31m[1mWARNING: This is a development server. Do not use it in a production deployment. Use a production WSGI server instead.[0m
 * Running on all addresses (0.0.0.0)
 * Running on http://127.0.0.1:5000
 * Running on http://172.30.1.60:5000
2026-02-18 22:22:14,718 - werkzeug - INFO - [33mPress CTRL+C to quit[0m
2026-02-18 22:23:27,225 - werkzeug - INFO - 172.30.1.60 - - [18/Feb/2026 22:23:27] "GET / HTTP/1.1" 200 -
2026-02-18 22:23:27,288 - werkzeug - INFO - 172.30.1.60 - - [18/Feb/2026 22:23:27] "GET /static/script.js HTTP/1.1" 200 -
2026-02-18 22:23:27,311 - werkzeug - INFO - 172.30.1.60 - - [18/Feb/2026 22:23:27] "GET /static/style.css HTTP/1.1" 200 -
2026-02-18 22:23:27,835 - werkzeug - INFO - 172.30.1.60 - - [18/Feb/2026 22:23:27] "GET /socket.io/?EIO=4&transport=polling&t=Pnmwt_G HTTP/1.1" 200 -
2026-02-18 22:23:27,836 - web_app - ERROR - Åë°è API ¿À·ù: 'int' object has no attribute 'label'
2026-02-18 22:23:27,837 - werkzeug - INFO - 172.30.1.60 - - [18/Feb/2026 22:23:27] "[35m[1mGET /api/stats HTTP/1.1[0m" 500 -
2026-02-18 22:23:27,944 - web_app - INFO - Å¬¶óÀÌ¾ðÆ®°¡ ¿¬°áµÇ¾ú½À´Ï´Ù
2026-02-18 22:23:27,946 - werkzeug - INFO - 172.30.1.60 - - [18/Feb/2026 22:23:27] "POST /socket.io/?EIO=4&transport=polling&t=Pnmwu14&sid=LLRWfHQVaaDhgl2HAAAI HTTP/1.1" 200 -
2026-02-18 22:23:27,950 - werkzeug - INFO - 172.30.1.60 - - [18/Feb/2026 22:23:27] "GET /socket.io/?EIO=4&transport=polling&t=Pnmwu17&sid=LLRWfHQVaaDhgl2HAAAI HTTP/1.1" 200 -
2026-02-18 22:23:29,588 - werkzeug - INFO - 172.30.1.60 - - [18/Feb/2026 22:23:29] "GET /socket.io/?EIO=4&transport=polling&t=PnmwuQj&sid=LLRWfHQVaaDhgl2HAAAI HTTP/1.1" 200 -
2026-02-18 22:23:29,602 - web_app - ERROR - Exception on /favicon.ico [GET]
Traceback (most recent call last):
  File "C:\Python\Lib\site-packages\flask\app.py", line 1484, in full_dispatch_request
    rv = self.dispatch_request()
         ^^^^^^^^^^^^^^^^^^^^^^^
  File "C:\Python\Lib\site-packages\flask\app.py", line 1458, in dispatch_request
    self.raise_routing_exception(req)
  File "C:\Python\Lib\site-packages\flask\app.py", line 1440, in raise_routing_exception
    raise request.routing_exception  # type: ignore
    ^^^^^^^^^^^^^^^^^^^^^^^^^^^^^^^
  File "C:\Python\Lib\site-packages\flask\ctx.py", line 353, in match_request
    result = self.url_adapter.match(return_rule=True)  # type: ignore
             ^^^^^^^^^^^^^^^^^^^^^^^^^^^^^^^^^^^^^^^^
  File "C:\Python\Lib\site-packages\werkzeug\routing\map.py", line 629, in match
    raise NotFound() from None
werkzeug.exceptions.NotFound: 404 Not Found: The requested URL was not found on the server. If you entered the URL manually please check your spelling and try again.

During handling of the above exception, another exception occurred:

Traceback (most recent call last):
  File "C:\Python\Lib\site-packages\flask\app.py", line 2190, in wsgi_app
    response = self.full_dispatch_request()
               ^^^^^^^^^^^^^^^^^^^^^^^^^^^^
  File "C:\Python\Lib\site-packages\flask\app.py", line 1486, in full_dispatch_request
    rv = self.handle_user_exception(e)
         ^^^^^^^^^^^^^^^^^^^^^^^^^^^^^
  File "C:\Python\Lib\site-packages\flask_cors\extension.py", line 176, in wrapped_function
    return cors_after_request(app.make_response(f(*args, **kwargs)))
                                                ^^^^^^^^^^^^^^^^^^
  File "C:\Python\Lib\site-packages\flask\app.py", line 1341, in handle_user_exception
    return self.handle_http_exception(e)
           ^^^^^^^^^^^^^^^^^^^^^^^^^^^^^
  File "C:\Python\Lib\site-packages\flask\app.py", line 1281, in handle_http_exception
    return self.ensure_sync(handler)(e)
           ^^^^^^^^^^^^^^^^^^^^^^^^^^^^
  File "D:\Copilot_Project\notion_news\web_app.py", line 540, in not_found
    'success': True,
  File "C:\Python\Lib\site-packages\flask\templating.py", line 150, in render_template
    template = app.jinja_env.get_or_select_template(template_name_or_list)
               ^^^^^^^^^^^^^^^^^^^^^^^^^^^^^^^^^^^^^^^^^^^^^^^^^^^^^^^^^^^
  File "C:\Python\Lib\site-packages\jinja2\environment.py", line 1087, in get_or_select_template
    return self.get_template(template_name_or_list, parent, globals)
           ^^^^^^^^^^^^^^^^^^^^^^^^^^^^^^^^^^^^^^^^^^^^^^^^^^^^^^^^^
  File "C:\Python\Lib\site-packages\jinja2\environment.py", line 1016, in get_template
    return self._load_template(name, globals)
           ^^^^^^^^^^^^^^^^^^^^^^^^^^^^^^^^^^
  File "C:\Python\Lib\site-packages\jinja2\environment.py", line 975, in _load_template
    template = self.loader.load(self, name, self.make_globals(globals))
               ^^^^^^^^^^^^^^^^^^^^^^^^^^^^^^^^^^^^^^^^^^^^^^^^^^^^^^^^
  File "C:\Python\Lib\site-packages\jinja2\loaders.py", line 126, in load
    source, filename, uptodate = self.get_source(environment, name)
                                 ^^^^^^^^^^^^^^^^^^^^^^^^^^^^^^^^^^
  File "C:\Python\Lib\site-packages\flask\templating.py", line 64, in get_source
    return self._get_source_fast(environment, template)
           ^^^^^^^^^^^^^^^^^^^^^^^^^^^^^^^^^^^^^^^^^^^^
  File "C:\Python\Lib\site-packages\flask\templating.py", line 98, in _get_source_fast
    raise TemplateNotFound(template)
jinja2.exceptions.TemplateNotFound: 404.html
2026-02-18 22:23:29,602 - werkzeug - INFO - 172.30.1.60 - - [18/Feb/2026 22:23:29] "GET /socket.io/?EIO=4&transport=polling&t=PnmwuQ_&sid=LLRWfHQVaaDhgl2HAAAI HTTP/1.1" 200 -
2026-02-18 22:23:29,628 - web_app - ERROR - ¼­¹ö ³»ºÎ ¿À·ù: 500 Internal Server Error: The server encountered an internal error and was unable to complete your request. Either the server is overloaded or there is an error in the application.
2026-02-18 22:23:29,631 - werkzeug - INFO - 172.30.1.60 - - [18/Feb/2026 22:23:29] "[35m[1mGET /favicon.ico HTTP/1.1[0m" 500 -
2026-02-18 22:23:29,646 - werkzeug - ERROR - Error on request:
Traceback (most recent call last):
  File "C:\Python\Lib\site-packages\flask\app.py", line 1484, in full_dispatch_request
    rv = self.dispatch_request()
         ^^^^^^^^^^^^^^^^^^^^^^^
  File "C:\Python\Lib\site-packages\flask\app.py", line 1458, in dispatch_request
    self.raise_routing_exception(req)
  File "C:\Python\Lib\site-packages\flask\app.py", line 1440, in raise_routing_exception
    raise request.routing_exception  # type: ignore
  File "C:\Python\Lib\site-packages\flask\ctx.py", line 353, in match_request
    result = self.url_adapter.match(return_rule=True)  # type: ignore
             ^^^^^^^^^^^^^^^^^^^^^^^^^^^^^^^^^^^^^^^^^^^^^^^^^^^^^^^^
  File "C:\Python\Lib\site-packages\werkzeug\routing\map.py", line 629, in match
    raise NotFound() from None
werkzeug.exceptions.NotFound: 404 Not Found: The requested URL was not found on the server. If you entered the URL manually please check your spelling and try again.

During handling of the above exception, another exception occurred:

Traceback (most recent call last):
  File "C:\Python\Lib\site-packages\flask\app.py", line 2190, in wsgi_app
    response = self.full_dispatch_request()
               ^^^^^^^^^^^^^^^^^^^^^^^^^^^^
  File "C:\Python\Lib\site-packages\flask\app.py", line 1486, in full_dispatch_request
    rv = self.handle_user_exception(e)
         ^^^^^^^^^^^^^^^^^^^^^^^^^^^^^
  File "C:\Python\Lib\site-packages\flask_cors\extension.py", line 176, in wrapped_function
    return cors_after_request(app.make_response(f(*args, **kwargs)))
                                                ^^^^^^^^^^^^^^^^^^^^
  File "C:\Python\Lib\site-packages\flask\app.py", line 1341, in handle_user_exception
    return self.handle_http_exception(e)
           ^^^^^^^^^^^^^^^^^^^^^^^^^^^^^
  File "C:\Python\Lib\site-packages\flask\app.py", line 1281, in handle_http_exception
    return self.ensure_sync(handler)(e)
           ^^^^^^^^^^^^^^^^^^^^^^^^^^^^
  File "D:\Copilot_Project\notion_news\web_app.py", line 540, in not_found
    'success': True,
  File "C:\Python\Lib\site-packages\flask\templating.py", line 150, in render_template
    template = app.jinja_env.get_or_select_template(template_name_or_list)
               ^^^^^^^^^^^^^^^^^^^^^^^^^^^^^^^^^^^^^^^^^^^^^^^^^^^^^^^^^^^
  File "C:\Python\Lib\site-packages\jinja2\environment.py", line 1087, in get_or_select_template
    return self.get_template(template_name_or_list, parent, globals)
           ^^^^^^^^^^^^^^^^^^^^^^^^^^^^^^^^^^^^^^^^^^^^^^^^^^^^^^^^^
  File "C:\Python\Lib\site-packages\jinja2\environment.py", line 1016, in get_template
    return self._load_template(name, globals)
           ^^^^^^^^^^^^^^^^^^^^^^^^^^^^^^^^^^
  File "C:\Python\Lib\site-packages\jinja2\environment.py", line 975, in _load_template
    template = self.loader.load(self, name, self.make_globals(globals))
               ^^^^^^^^^^^^^^^^^^^^^^^^^^^^^^^^^^^^^^^^^^^^^^^^^^^^^^^^
  File "C:\Python\Lib\site-packages\jinja2\loaders.py", line 126, in load
    source, filename, uptodate = self.get_source(environment, name)
                                 ^^^^^^^^^^^^^^^^^^^^^^^^^^^^^^^^^^
  File "C:\Python\Lib\site-packages\flask\templating.py", line 64, in get_source
    return self._get_source_fast(environment, template)
           ^^^^^^^^^^^^^^^^^^^^^^^^^^^^^^^^^^^^^^^^^^^^
  File "C:\Python\Lib\site-packages\flask\templating.py", line 98, in _get_source_fast
    raise TemplateNotFound(template)
jinja2.exceptions.TemplateNotFound: 404.html

During handling of the above exception, another exception occurred:

Traceback (most recent call last):
  File "C:\Python\Lib\site-packages\werkzeug\serving.py", line 370, in run_wsgi
    execute(self.server.app)
  File "C:\Python\Lib\site-packages\werkzeug\serving.py", line 331, in execute
    application_iter = app(environ, start_response)
                       ^^^^^^^^^^^^^^^^^^^^^^^^^^^^
  File "C:\Python\Lib\site-packages\flask\app.py", line 2213, in __call__
    return self.wsgi_app(environ, start_response)
           ^^^^^^^^^^^^^^^^^^^^^^^^^^^^^^^^^^^^^^
  File "C:\Python\Lib\site-packages\flask_socketio\__init__.py", line 43, in __call__
    return super(_SocketIOMiddleware, self).__call__(environ,
           ^^^^^^^^^^^^^^^^^^^^^^^^^^^^^^^^^^^^^^^^^^^^^^^^^^
  File "C:\Python\Lib\site-packages\engineio\middleware.py", line 74, in __call__
    return self.wsgi_app(environ, start_response)
           ^^^^^^^^^^^^^^^^^^^^^^^^^^^^^^^^^^^^^^
  File "C:\Python\Lib\site-packages\flask\app.py", line 2193, in wsgi_app
    response = self.handle_exception(e)
               ^^^^^^^^^^^^^^^^^^^^^^^^
  File "C:\Python\Lib\site-packages\flask_cors\extension.py", line 176, in wrapped_function
    return cors_after_request(app.make_response(f(*args, **kwargs)))
                                                ^^^^^^^^^^^^^^^^^^^^
  File "C:\Python\Lib\site-packages\flask\app.py", line 1399, in handle_exception
    server_error = self.ensure_sync(handler)(server_error)
                   ^^^^^^^^^^^^^^^^^^^^^^^^^^^^^^^^^^^^^^^
  File "D:\Copilot_Project\notion_news\web_app.py", line 546, in internal_error
    return jsonify({'success': False, 'error': str(e)}), 500
       ^^^^^^^^^^^^^^^^^^^^^^^^^^^^^^^^^^^^^^^^^^^^^^^^^^^^^
  File "C:\Python\Lib\site-packages\flask\templating.py", line 150, in render_template
    template = app.jinja_env.get_or_select_template(template_name_or_list)
               ^^^^^^^^^^^^^^^^^^^^^^^^^^^^^^^^^^^^^^^^^^^^^^^^^^^^^^^^^^^
  File "C:\Python\Lib\site-packages\jinja2\environment.py", line 1087, in get_or_select_template
    return self.get_template(template_name_or_list, parent, globals)
           ^^^^^^^^^^^^^^^^^^^^^^^^^^^^^^^^^^^^^^^^^^^^^^^^^^^^^^^^^
  File "C:\Python\Lib\site-packages\jinja2\environment.py", line 1016, in get_template
    return self._load_template(name, globals)
           ^^^^^^^^^^^^^^^^^^^^^^^^^^^^^^^^^^
  File "C:\Python\Lib\site-packages\jinja2\environment.py", line 975, in _load_template
    template = self.loader.load(self, name, self.make_globals(globals))
               ^^^^^^^^^^^^^^^^^^^^^^^^^^^^^^^^^^^^^^^^^^^^^^^^^^^^^^^^
  File "C:\Python\Lib\site-packages\jinja2\loaders.py", line 126, in load
    source, filename, uptodate = self.get_source(environment, name)
                                 ^^^^^^^^^^^^^^^^^^^^^^^^^^^^^^^^^^
  File "C:\Python\Lib\site-packages\flask\templating.py", line 64, in get_source
    return self._get_source_fast(environment, template)
           ^^^^^^^^^^^^^^^^^^^^^^^^^^^^^^^^^^^^^^^^^^^^
  File "C:\Python\Lib\site-packages\flask\templating.py", line 98, in _get_source_fast
    raise TemplateNotFound(template)
jinja2.exceptions.TemplateNotFound: 500.html
2026-02-18 22:23:31,091 - werkzeug - INFO - 172.30.1.60 - - [18/Feb/2026 22:23:31] "GET /api/article/20 HTTP/1.1" 200 -
2026-02-18 22:23:33,111 - werkzeug - INFO - 172.30.1.60 - - [18/Feb/2026 22:23:33] "GET /api/bookmarks/20/check?user_id=default HTTP/1.1" 200 -
2026-02-18 22:23:43,566 - werkzeug - INFO - 172.30.1.60 - - [18/Feb/2026 22:23:43] "POST /api/bookmarks HTTP/1.1" 200 -
2026-02-18 22:23:46,885 - werkzeug - INFO - 172.30.1.60 - - [18/Feb/2026 22:23:46] "GET /api/bookmarks?user_id=default&limit=50 HTTP/1.1" 200 -
2026-02-18 22:23:58,353 - werkzeug - INFO - 172.30.1.60 - - [18/Feb/2026 22:23:58] "GET /api/article/2 HTTP/1.1" 200 -
2026-02-18 22:23:58,363 - werkzeug - INFO - 172.30.1.60 - - [18/Feb/2026 22:23:58] "GET /api/bookmarks/2/check?user_id=default HTTP/1.1" 200 -
2026-02-18 22:24:05,863 - werkzeug - INFO - 172.30.1.60 - - [18/Feb/2026 22:24:05] "GET /api/article/2 HTTP/1.1" 200 -
2026-02-18 22:24:05,871 - werkzeug - INFO - 172.30.1.60 - - [18/Feb/2026 22:24:05] "GET /api/bookmarks/2/check?user_id=default HTTP/1.1" 200 -
2026-02-18 22:33:23,755 - web_app - INFO - Å¬¶óÀÌ¾ðÆ® ¿¬°áÀÌ ÇØÁ¦µÇ¾ú½À´Ï´Ù
2026-02-18 22:33:23,756 - werkzeug - INFO - 172.30.1.60 - - [18/Feb/2026 22:33:23] "GET /socket.io/?EIO=4&transport=websocket&sid=LLRWfHQVaaDhgl2HAAAI HTTP/1.1" 200 -
2026-02-18 22:36:05,150 - captain_security - INFO - Captain DDandDan ÃÖ°í º¸¾È ½Ã½ºÅÛ ÃÊ±âÈ­ ¿Ï·á
2026-02-18 22:36:05,164 - __main__ - INFO - À¥ ¼­¹ö ½ÃÀÛ: http://0.0.0.0:5000
2026-02-18 22:36:05,195 - werkzeug - INFO - [31m[1mWARNING: This is a development server. Do not use it in a production deployment. Use a production WSGI server instead.[0m
 * Running on all addresses (0.0.0.0)
 * Running on http://127.0.0.1:5000
 * Running on http://172.30.1.60:5000
2026-02-18 22:36:05,196 - werkzeug - INFO - [33mPress CTRL+C to quit[0m
2026-02-18 22:36:30,947 - captain_security - INFO - Captain DDandDan ÃÖ°í º¸¾È ½Ã½ºÅÛ ÃÊ±âÈ­ ¿Ï·á
2026-02-18 22:36:30,960 - __main__ - INFO - À¥ ¼­¹ö ½ÃÀÛ: http://0.0.0.0:5000
2026-02-18 22:36:30,981 - werkzeug - INFO - [31m[1mWARNING: This is a development server. Do not use it in a production deployment. Use a production WSGI server instead.[0m
 * Running on all addresses (0.0.0.0)
 * Running on http://127.0.0.1:5000
 * Running on http://172.30.1.60:5000
2026-02-18 22:36:30,982 - werkzeug - INFO - [33mPress CTRL+C to quit[0m
2026-02-18 22:36:31,238 - web_app - INFO - Å¬¶óÀÌ¾ðÆ® ¿¬°áÀÌ ÇØÁ¦µÇ¾ú½À´Ï´Ù
2026-02-18 22:36:31,239 - werkzeug - INFO - 127.0.0.1 - - [18/Feb/2026 22:36:31] "GET /socket.io/?EIO=4&transport=websocket&sid=6viYaE9IQIa5CiG9AAAA HTTP/1.1" 200 -
2026-02-18 22:36:31,509 - werkzeug - INFO - 127.0.0.1 - - [18/Feb/2026 22:36:31] "GET /?id=6406a16c-ba05-45e5-9a11-9e896c4604e0&vscodeBrowserReqId=1771421791180 HTTP/1.1" 200 -
2026-02-18 22:36:31,767 - werkzeug - INFO - 127.0.0.1 - - [18/Feb/2026 22:36:31] "GET /static/style.css HTTP/1.1" 200 -
2026-02-18 22:36:31,842 - werkzeug - INFO - 127.0.0.1 - - [18/Feb/2026 22:36:31] "[36mGET /static/script.js HTTP/1.1[0m" 304 -
2026-02-18 22:36:31,857 - web_app - ERROR - Åë°è API ¿À·ù: 'int' object has no attribute 'label'
2026-02-18 22:36:31,858 - werkzeug - INFO - 127.0.0.1 - - [18/Feb/2026 22:36:31] "[35m[1mGET /api/stats HTTP/1.1[0m" 500 -
2026-02-18 22:36:32,166 - werkzeug - INFO - 127.0.0.1 - - [18/Feb/2026 22:36:32] "GET /socket.io/?EIO=4&transport=polling&t=PnmztPl HTTP/1.1" 200 -
2026-02-18 22:36:32,479 - web_app - INFO - Å¬¶óÀÌ¾ðÆ®°¡ ¿¬°áµÇ¾ú½À´Ï´Ù
2026-02-18 22:36:32,480 - werkzeug - INFO - 127.0.0.1 - - [18/Feb/2026 22:36:32] "POST /socket.io/?EIO=4&transport=polling&t=PnmztUj&sid=KNvu1S7thrBh2bIuAAAK HTTP/1.1" 200 -
2026-02-18 22:36:32,501 - werkzeug - INFO - 127.0.0.1 - - [18/Feb/2026 22:36:32] "GET /socket.io/?EIO=4&transport=polling&t=PnmztUl&sid=KNvu1S7thrBh2bIuAAAK HTTP/1.1" 200 -
2026-02-18 22:36:35,141 - werkzeug - INFO - 127.0.0.1 - - [18/Feb/2026 22:36:35] "GET /api/article/2 HTTP/1.1" 200 -
2026-02-18 22:36:35,459 - werkzeug - INFO - 127.0.0.1 - - [18/Feb/2026 22:36:35] "GET /api/bookmarks/2/check?user_id=default HTTP/1.1" 200 -
2026-02-18 22:37:02,844 - werkzeug - INFO - 127.0.0.1 - - [18/Feb/2026 22:37:02] "GET /api/article/4 HTTP/1.1" 200 -
2026-02-18 22:37:03,163 - werkzeug - INFO - 127.0.0.1 - - [18/Feb/2026 22:37:03] "GET /api/bookmarks/4/check?user_id=default HTTP/1.1" 200 -
2026-02-18 22:37:56,490 - web_app - INFO - ¾Ë¸² Àü¼Û: ´º½º Å©·Ñ¸µÀ» ½ÃÀÛÇÕ´Ï´Ù...
2026-02-18 22:37:56,491 - news_crawler - INFO - ¹ÝµµÃ¼ ´º½º Å©·Ñ¸µ ½ÃÀÛ...
2026-02-18 22:37:56,491 - news_crawler - INFO - EE Times¿¡¼­ ´º½º ¼öÁý Áß...
2026-02-18 22:38:01,299 - werkzeug - INFO - 127.0.0.1 - - [18/Feb/2026 22:38:01] "GET /api/article/4 HTTP/1.1" 200 -
2026-02-18 22:38:02,680 - werkzeug - INFO - 127.0.0.1 - - [18/Feb/2026 22:38:02] "GET /api/bookmarks/4/check?user_id=default HTTP/1.1" 200 -
2026-02-18 22:38:07,978 - web_app - INFO - Å¬¶óÀÌ¾ðÆ® ¿¬°áÀÌ ÇØÁ¦µÇ¾ú½À´Ï´Ù
2026-02-18 22:38:07,979 - werkzeug - INFO - 127.0.0.1 - - [18/Feb/2026 22:38:07] "GET /socket.io/?EIO=4&transport=websocket&sid=KNvu1S7thrBh2bIuAAAK HTTP/1.1" 200 -
2026-02-18 22:38:12,678 - news_crawler - ERROR - EE Times Å©·Ñ¸µ ½ÇÆÐ: HTTPSConnectionPool(host='www.eetimes.com', port=443): Read timed out. (read timeout=15)
2026-02-18 22:38:14,680 - news_crawler - INFO - ÀüÀÚ½Å¹®¿¡¼­ ´º½º ¼öÁý Áß...
2026-02-18 22:38:15,632 - news_crawler - INFO - ÀüÀÚ½Å¹®¿¡¼­ 0°³ ±â»ç ¼öÁý ¿Ï·á
2026-02-18 22:38:17,634 - news_crawler - INFO - Semiconductor Engineering¿¡¼­ ´º½º ¼öÁý Áß...
2026-02-18 22:38:20,246 - news_crawler - INFO - Semiconductor Engineering¿¡¼­ 0°³ ±â»ç ¼öÁý ¿Ï·á
2026-02-18 22:38:22,250 - news_crawler - INFO - AnandTech¿¡¼­ ´º½º ¼öÁý Áß...
2026-02-18 22:38:25,711 - news_crawler - INFO - AnandTech¿¡¼­ 0°³ ±â»ç ¼öÁý ¿Ï·á
2026-02-18 22:38:27,714 - news_crawler - INFO - Tom's Hardware¿¡¼­ ´º½º ¼öÁý Áß...
2026-02-18 22:38:34,467 - news_crawler - ERROR - Tom's Hardware Å©·Ñ¸µ ½ÇÆÐ: 404 Client Error: Not Found for url: https://www.tomshardware.com/news/tag/semiconductors
2026-02-18 22:38:36,468 - news_crawler - INFO - µðÁöÅÐÅ¸ÀÓ½º¿¡¼­ ´º½º ¼öÁý Áß...
2026-02-18 22:38:37,504 - news_crawler - ERROR - µðÁöÅÐÅ¸ÀÓ½º Å©·Ñ¸µ ½ÇÆÐ: 404 Client Error: Not Found for url: https://www.dt.co.kr:443/contents.html?article_no=2021020302109976601002
2026-02-18 22:38:39,505 - news_crawler - INFO - TechCrunch¿¡¼­ ´º½º ¼öÁý Áß...
2026-02-18 22:38:40,653 - news_crawler - INFO - TechCrunch¿¡¼­ 0°³ ±â»ç ¼öÁý ¿Ï·á
2026-02-18 22:38:42,655 - news_crawler - INFO - IEEE Spectrum¿¡¼­ ´º½º ¼öÁý Áß...
2026-02-18 22:38:44,224 - news_crawler - INFO - IEEE Spectrum¿¡¼­ 0°³ ±â»ç ¼öÁý ¿Ï·á
2026-02-18 22:38:46,239 - news_crawler - INFO - The Register¿¡¼­ ´º½º ¼öÁý Áß...
2026-02-18 22:38:47,428 - news_crawler - ERROR - The Register Å©·Ñ¸µ ½ÇÆÐ: 404 Client Error: Not Found for url: https://www.theregister.com/hardware/semiconductors/
2026-02-18 22:38:49,433 - news_crawler - INFO - Nikkei Asia¿¡¼­ ´º½º ¼öÁý Áß...
2026-02-18 22:38:51,849 - news_crawler - INFO - Nikkei Asia¿¡¼­ 0°³ ±â»ç ¼öÁý ¿Ï·á
2026-02-18 22:38:53,852 - news_crawler - INFO - ÃÑ 0°³ÀÇ °íÀ¯ ±â»ç ¼öÁý ¿Ï·á
2026-02-18 22:38:53,854 - web_app - INFO - ¾Ë¸² Àü¼Û: 0°³ÀÇ »õ·Î¿î ±â»ç¸¦ Ãß°¡Çß½À´Ï´Ù.
2026-02-18 22:38:53,886 - werkzeug - INFO - 127.0.0.1 - - [18/Feb/2026 22:38:53] "POST /api/crawl HTTP/1.1" 200 -
2026-02-18 22:38:54,189 - web_app - ERROR - Åë°è API ¿À·ù: 'int' object has no attribute 'label'
2026-02-18 22:38:54,190 - werkzeug - INFO - 127.0.0.1 - - [18/Feb/2026 22:38:54] "[35m[1mGET /api/stats HTTP/1.1[0m" 500 -
2026-02-18 22:38:56,749 - captain_security - INFO - Captain DDandDan ÃÖ°í º¸¾È ½Ã½ºÅÛ ÃÊ±âÈ­ ¿Ï·á
2026-02-18 22:38:56,761 - __main__ - INFO - À¥ ¼­¹ö ½ÃÀÛ: http://0.0.0.0:5000
2026-02-18 22:38:56,782 - werkzeug - INFO - [31m[1mWARNING: This is a development server. Do not use it in a production deployment. Use a production WSGI server instead.[0m
 * Running on all addresses (0.0.0.0)
 * Running on http://127.0.0.1:5000
 * Running on http://172.30.1.60:5000
2026-02-18 22:38:56,783 - werkzeug - INFO - [33mPress CTRL+C to quit[0m
2026-02-18 22:39:04,594 - werkzeug - INFO - 127.0.0.1 - - [18/Feb/2026 22:39:04] "GET /?id=b626010a-02b7-4bd7-93ba-06e260b5035e&vscodeBrowserReqId=1771421944275 HTTP/1.1" 200 -
2026-02-18 22:39:04,864 - werkzeug - INFO - 127.0.0.1 - - [18/Feb/2026 22:39:04] "[36mGET /static/style.css HTTP/1.1[0m" 304 -
2026-02-18 22:39:04,929 - werkzeug - INFO - 127.0.0.1 - - [18/Feb/2026 22:39:04] "[36mGET /static/script.js HTTP/1.1[0m" 304 -
2026-02-18 22:39:05,168 - web_app - ERROR - Åë°è API ¿À·ù: 'int' object has no attribute 'label'
2026-02-18 22:39:05,171 - werkzeug - INFO - 127.0.0.1 - - [18/Feb/2026 22:39:05] "[35m[1mGET /api/stats HTTP/1.1[0m" 500 -
2026-02-18 22:39:05,479 - werkzeug - INFO - 127.0.0.1 - - [18/Feb/2026 22:39:05] "GET /socket.io/?EIO=4&transport=polling&t=Pnm-SrG HTTP/1.1" 200 -
2026-02-18 22:39:05,798 - web_app - INFO - Å¬¶óÀÌ¾ðÆ®°¡ ¿¬°áµÇ¾ú½À´Ï´Ù
2026-02-18 22:39:05,798 - werkzeug - INFO - 127.0.0.1 - - [18/Feb/2026 22:39:05] "POST /socket.io/?EIO=4&transport=polling&t=Pnm-SwF&sid=K3f8-eFCuiw1pNUlAAAM HTTP/1.1" 200 -
2026-02-18 22:39:05,803 - werkzeug - INFO - 127.0.0.1 - - [18/Feb/2026 22:39:05] "GET /socket.io/?EIO=4&transport=polling&t=Pnm-SwI&sid=K3f8-eFCuiw1pNUlAAAM HTTP/1.1" 200 -
2026-02-18 22:39:09,458 - werkzeug - INFO - 127.0.0.1 - - [18/Feb/2026 22:39:09] "GET /api/article/2 HTTP/1.1" 200 -
2026-02-18 22:39:09,785 - werkzeug - INFO - 127.0.0.1 - - [18/Feb/2026 22:39:09] "GET /api/bookmarks/2/check?user_id=default HTTP/1.1" 200 -
2026-02-18 22:39:28,115 - werkzeug - INFO - 127.0.0.1 - - [18/Feb/2026 22:39:28] "GET /api/article/4 HTTP/1.1" 200 -
2026-02-18 22:39:28,426 - werkzeug - INFO - 127.0.0.1 - - [18/Feb/2026 22:39:28] "GET /api/bookmarks/4/check?user_id=default HTTP/1.1" 200 -
2026-02-18 22:39:45,927 - web_app - INFO - Å¬¶óÀÌ¾ðÆ® ¿¬°áÀÌ ÇØÁ¦µÇ¾ú½À´Ï´Ù
2026-02-18 22:39:45,927 - werkzeug - INFO - 127.0.0.1 - - [18/Feb/2026 22:39:45] "GET /socket.io/?EIO=4&transport=websocket&sid=K3f8-eFCuiw1pNUlAAAM HTTP/1.1" 200 -
2026-02-18 22:42:37,788 - werkzeug - INFO - 127.0.0.1 - - [18/Feb/2026 22:42:37] "GET /?id=9d0f00bc-5015-4b20-b70c-c26844cf3126&vscodeBrowserReqId=1771422157439 HTTP/1.1" 200 -
2026-02-18 22:42:38,024 - werkzeug - INFO - 127.0.0.1 - - [18/Feb/2026 22:42:38] "GET /static/style.css HTTP/1.1" 200 -
2026-02-18 22:42:38,139 - werkzeug - INFO - 127.0.0.1 - - [18/Feb/2026 22:42:38] "[36mGET /static/script.js HTTP/1.1[0m" 304 -
2026-02-18 22:42:38,370 - web_app - ERROR - Åë°è API ¿À·ù: 'int' object has no attribute 'label'
2026-02-18 22:42:38,376 - werkzeug - INFO - 127.0.0.1 - - [18/Feb/2026 22:42:38] "[35m[1mGET /api/stats HTTP/1.1[0m" 500 -
2026-02-18 22:42:38,700 - werkzeug - INFO - 127.0.0.1 - - [18/Feb/2026 22:42:38] "GET /socket.io/?EIO=4&transport=polling&t=Pnm_GuW HTTP/1.1" 200 -
2026-02-18 22:42:39,021 - web_app - INFO - Å¬¶óÀÌ¾ðÆ®°¡ ¿¬°áµÇ¾ú½À´Ï´Ù
2026-02-18 22:42:39,021 - werkzeug - INFO - 127.0.0.1 - - [18/Feb/2026 22:42:39] "POST /socket.io/?EIO=4&transport=polling&t=Pnm_Gzq&sid=aK0ongiimRe_nAt-AAAO HTTP/1.1" 200 -
2026-02-18 22:42:39,021 - werkzeug - INFO - 127.0.0.1 - - [18/Feb/2026 22:42:39] "GET /socket.io/?EIO=4&transport=polling&t=Pnm_Gzu&sid=aK0ongiimRe_nAt-AAAO HTTP/1.1" 200 -
2026-02-18 22:42:42,053 - werkzeug - INFO - 127.0.0.1 - - [18/Feb/2026 22:42:42] "GET /api/article/1 HTTP/1.1" 200 -
2026-02-18 22:42:42,366 - werkzeug - INFO - 127.0.0.1 - - [18/Feb/2026 22:42:42] "GET /api/bookmarks/1/check?user_id=default HTTP/1.1" 200 -
2026-02-18 22:42:56,688 - captain_security - INFO - Captain DDandDan ÃÖ°í º¸¾È ½Ã½ºÅÛ ÃÊ±âÈ­ ¿Ï·á
2026-02-18 22:42:56,705 - __main__ - INFO - À¥ ¼­¹ö ½ÃÀÛ: http://0.0.0.0:5000
2026-02-18 22:42:56,769 - werkzeug - INFO - [31m[1mWARNING: This is a development server. Do not use it in a production deployment. Use a production WSGI server instead.[0m
 * Running on all addresses (0.0.0.0)
 * Running on http://127.0.0.1:5000
 * Running on http://172.30.1.60:5000
2026-02-18 22:42:56,771 - werkzeug - INFO - [33mPress CTRL+C to quit[0m
2026-02-18 22:46:17,819 - web_app - INFO - Å¬¶óÀÌ¾ðÆ® ¿¬°áÀÌ ÇØÁ¦µÇ¾ú½À´Ï´Ù
2026-02-18 22:46:17,819 - werkzeug - INFO - 127.0.0.1 - - [18/Feb/2026 22:46:17] "GET /socket.io/?EIO=4&transport=websocket&sid=aK0ongiimRe_nAt-AAAO HTTP/1.1" 200 -
2026-02-18 22:46:17,966 - werkzeug - INFO - 127.0.0.1 - - [18/Feb/2026 22:46:17] "GET /?id=9d0f00bc-5015-4b20-b70c-c26844cf3126&vscodeBrowserReqId=1771422377634 HTTP/1.1" 200 -
2026-02-18 22:46:18,230 - werkzeug - INFO - 127.0.0.1 - - [18/Feb/2026 22:46:18] "GET /static/style.css HTTP/1.1" 200 -
2026-02-18 22:46:18,329 - werkzeug - INFO - 127.0.0.1 - - [18/Feb/2026 22:46:18] "[36mGET /static/script.js HTTP/1.1[0m" 304 -
2026-02-18 22:46:18,352 - werkzeug - INFO - 127.0.0.1 - - [18/Feb/2026 22:46:18] "GET /socket.io/?EIO=4&transport=polling&t=Pnn06ba HTTP/1.1" 200 -
2026-02-18 22:46:18,666 - web_app - ERROR - Åë°è API ¿À·ù: 'int' object has no attribute 'label'
2026-02-18 22:46:18,670 - werkzeug - INFO - 127.0.0.1 - - [18/Feb/2026 22:46:18] "[35m[1mGET /api/stats HTTP/1.1[0m" 500 -
2026-02-18 22:46:18,701 - web_app - INFO - Å¬¶óÀÌ¾ðÆ®°¡ ¿¬°áµÇ¾ú½À´Ï´Ù
2026-02-18 22:46:18,714 - werkzeug - INFO - 127.0.0.1 - - [18/Feb/2026 22:46:18] "POST /socket.io/?EIO=4&transport=polling&t=Pnn06c1&sid=UeMeJuHtfO3OHIy-AAAQ HTTP/1.1" 200 -
2026-02-18 22:46:18,734 - werkzeug - INFO - 127.0.0.1 - - [18/Feb/2026 22:46:18] "GET /socket.io/?EIO=4&transport=polling&t=Pnn06c3&sid=UeMeJuHtfO3OHIy-AAAQ HTTP/1.1" 200 -
2026-02-18 22:46:20,989 - werkzeug - INFO - 127.0.0.1 - - [18/Feb/2026 22:46:20] "GET /api/article/1 HTTP/1.1" 200 -
2026-02-18 22:46:21,241 - werkzeug - INFO - 127.0.0.1 - - [18/Feb/2026 22:46:21] "GET /api/bookmarks/1/check?user_id=default HTTP/1.1" 200 -
2026-02-18 22:46:32,806 - captain_security - INFO - Captain DDandDan ÃÖ°í º¸¾È ½Ã½ºÅÛ ÃÊ±âÈ­ ¿Ï·á
2026-02-18 22:46:32,825 - __main__ - INFO - À¥ ¼­¹ö ½ÃÀÛ: http://0.0.0.0:5000
2026-02-18 22:46:32,849 - werkzeug - INFO - [31m[1mWARNING: This is a development server. Do not use it in a production deployment. Use a production WSGI server instead.[0m
 * Running on all addresses (0.0.0.0)
 * Running on http://127.0.0.1:5000
 * Running on http://172.30.1.60:5000
2026-02-18 22:46:32,849 - werkzeug - INFO - [33mPress CTRL+C to quit[0m
2026-02-18 22:48:42,821 - web_app - INFO - Å¬¶óÀÌ¾ðÆ® ¿¬°áÀÌ ÇØÁ¦µÇ¾ú½À´Ï´Ù
2026-02-18 22:48:42,821 - werkzeug - INFO - 127.0.0.1 - - [18/Feb/2026 22:48:42] "GET /socket.io/?EIO=4&transport=websocket&sid=UeMeJuHtfO3OHIy-AAAQ HTTP/1.1" 200 -
2026-02-18 22:48:42,962 - werkzeug - INFO - 127.0.0.1 - - [18/Feb/2026 22:48:42] "GET /?id=9d0f00bc-5015-4b20-b70c-c26844cf3126&vscodeBrowserReqId=1771422522633 HTTP/1.1" 200 -
2026-02-18 22:48:43,206 - werkzeug - INFO - 127.0.0.1 - - [18/Feb/2026 22:48:43] "GET /static/style.css HTTP/1.1" 200 -
2026-02-18 22:48:43,302 - werkzeug - INFO - 127.0.0.1 - - [18/Feb/2026 22:48:43] "[36mGET /static/script.js HTTP/1.1[0m" 304 -
2026-02-18 22:48:43,320 - werkzeug - INFO - 127.0.0.1 - - [18/Feb/2026 22:48:43] "GET /socket.io/?EIO=4&transport=polling&t=Pnn0f-n HTTP/1.1" 200 -
2026-02-18 22:48:43,633 - web_app - ERROR - Åë°è API ¿À·ù: 'int' object has no attribute 'label'
2026-02-18 22:48:43,635 - werkzeug - INFO - 127.0.0.1 - - [18/Feb/2026 22:48:43] "[35m[1mGET /api/stats HTTP/1.1[0m" 500 -
2026-02-18 22:48:43,637 - web_app - INFO - Å¬¶óÀÌ¾ðÆ®°¡ ¿¬°áµÇ¾ú½À´Ï´Ù
2026-02-18 22:48:43,645 - werkzeug - INFO - 127.0.0.1 - - [18/Feb/2026 22:48:43] "POST /socket.io/?EIO=4&transport=polling&t=Pnn0f_0&sid=Ok3e6kNEiG37Y_MNAAAS HTTP/1.1" 200 -
2026-02-18 22:48:43,645 - werkzeug - INFO - 127.0.0.1 - - [18/Feb/2026 22:48:43] "GET /socket.io/?EIO=4&transport=polling&t=Pnn0f_1&sid=Ok3e6kNEiG37Y_MNAAAS HTTP/1.1" 200 -
2026-02-18 22:48:45,916 - werkzeug - INFO - 127.0.0.1 - - [18/Feb/2026 22:48:45] "GET /api/article/1 HTTP/1.1" 200 -
2026-02-18 22:48:46,165 - werkzeug - INFO - 127.0.0.1 - - [18/Feb/2026 22:48:46] "GET /api/bookmarks/1/check?user_id=default HTTP/1.1" 200 -
2026-02-18 22:48:53,134 - web_app - INFO - Å¬¶óÀÌ¾ðÆ® ¿¬°áÀÌ ÇØÁ¦µÇ¾ú½À´Ï´Ù
2026-02-18 22:48:53,134 - werkzeug - INFO - 127.0.0.1 - - [18/Feb/2026 22:48:53] "GET /socket.io/?EIO=4&transport=websocket&sid=Ok3e6kNEiG37Y_MNAAAS HTTP/1.1" 200 -
2026-02-18 22:49:30,870 - werkzeug - INFO - 127.0.0.1 - - [18/Feb/2026 22:49:30] "GET /?id=911511f6-283b-4072-bd79-634cfff00319&vscodeBrowserReqId=1771422570851 HTTP/1.1" 200 -
2026-02-18 22:49:31,332 - werkzeug - INFO - 127.0.0.1 - - [18/Feb/2026 22:49:31] "[36mGET /static/style.css HTTP/1.1[0m" 304 -
2026-02-18 22:49:31,332 - werkzeug - INFO - 127.0.0.1 - - [18/Feb/2026 22:49:31] "[36mGET /static/script.js HTTP/1.1[0m" 304 -
2026-02-18 22:49:31,677 - web_app - ERROR - Åë°è API ¿À·ù: 'int' object has no attribute 'label'
2026-02-18 22:49:31,684 - werkzeug - INFO - 127.0.0.1 - - [18/Feb/2026 22:49:31] "[35m[1mGET /api/stats HTTP/1.1[0m" 500 -
2026-02-18 22:49:31,985 - werkzeug - INFO - 127.0.0.1 - - [18/Feb/2026 22:49:31] "GET /socket.io/?EIO=4&transport=polling&t=Pnn0roR HTTP/1.1" 200 -
2026-02-18 22:49:32,315 - web_app - INFO - Å¬¶óÀÌ¾ðÆ®°¡ ¿¬°áµÇ¾ú½À´Ï´Ù
2026-02-18 22:49:32,315 - werkzeug - INFO - 127.0.0.1 - - [18/Feb/2026 22:49:32] "POST /socket.io/?EIO=4&transport=polling&t=Pnn0rtT&sid=PDrTlxCWQbmS5kvcAAAU HTTP/1.1" 200 -
2026-02-18 22:49:32,315 - werkzeug - INFO - 127.0.0.1 - - [18/Feb/2026 22:49:32] "GET /socket.io/?EIO=4&transport=polling&t=Pnn0rtY&sid=PDrTlxCWQbmS5kvcAAAU HTTP/1.1" 200 -
2026-02-18 22:49:32,757 - werkzeug - INFO - 127.0.0.1 - - [18/Feb/2026 22:49:32] "GET /api/article/1 HTTP/1.1" 200 -
2026-02-18 22:49:33,082 - werkzeug - INFO - 127.0.0.1 - - [18/Feb/2026 22:49:33] "GET /api/bookmarks/1/check?user_id=default HTTP/1.1" 200 -
2026-02-18 22:49:47,162 - captain_security - INFO - Captain DDandDan ÃÖ°í º¸¾È ½Ã½ºÅÛ ÃÊ±âÈ­ ¿Ï·á
2026-02-18 22:49:47,179 - __main__ - INFO - À¥ ¼­¹ö ½ÃÀÛ: http://0.0.0.0:5000
2026-02-18 22:49:47,210 - werkzeug - INFO - [31m[1mWARNING: This is a development server. Do not use it in a production deployment. Use a production WSGI server instead.[0m
 * Running on all addresses (0.0.0.0)
 * Running on http://127.0.0.1:5000
 * Running on http://172.30.1.60:5000
2026-02-18 22:49:47,211 - werkzeug - INFO - [33mPress CTRL+C to quit[0m
2026-02-18 22:50:22,541 - werkzeug - INFO - 127.0.0.1 - - [18/Feb/2026 22:50:22] "GET /?id=911511f6-283b-4072-bd79-634cfff00319&vscodeBrowserReqId=1771422622518 HTTP/1.1" 200 -
2026-02-18 22:50:22,702 - web_app - INFO - Å¬¶óÀÌ¾ðÆ® ¿¬°áÀÌ ÇØÁ¦µÇ¾ú½À´Ï´Ù
2026-02-18 22:50:22,704 - werkzeug - INFO - 127.0.0.1 - - [18/Feb/2026 22:50:22] "GET /socket.io/?EIO=4&transport=websocket&sid=PDrTlxCWQbmS5kvcAAAU HTTP/1.1" 200 -
2026-02-18 22:50:22,922 - werkzeug - INFO - 127.0.0.1 - - [18/Feb/2026 22:50:22] "GET /static/style.css HTTP/1.1" 200 -
2026-02-18 22:50:22,924 - werkzeug - INFO - 127.0.0.1 - - [18/Feb/2026 22:50:22] "[36mGET /static/script.js HTTP/1.1[0m" 304 -
2026-02-18 22:50:23,172 - web_app - ERROR - Åë°è API ¿À·ù: 'int' object has no attribute 'label'
2026-02-18 22:50:23,174 - werkzeug - INFO - 127.0.0.1 - - [18/Feb/2026 22:50:23] "[35m[1mGET /api/stats HTTP/1.1[0m" 500 -
2026-02-18 22:50:23,364 - werkzeug - INFO - 127.0.0.1 - - [18/Feb/2026 22:50:23] "GET /socket.io/?EIO=4&transport=polling&t=Pnn12LI HTTP/1.1" 200 -
2026-02-18 22:50:23,374 - web_app - INFO - Å¬¶óÀÌ¾ðÆ®°¡ ¿¬°áµÇ¾ú½À´Ï´Ù
2026-02-18 22:50:23,376 - werkzeug - INFO - 127.0.0.1 - - [18/Feb/2026 22:50:23] "POST /socket.io/?EIO=4&transport=polling&t=Pnn12QC&sid=Gca0Zl4qgmpswfFlAAAW HTTP/1.1" 200 -
2026-02-18 22:50:23,681 - werkzeug - INFO - 127.0.0.1 - - [18/Feb/2026 22:50:23] "GET /socket.io/?EIO=4&transport=polling&t=Pnn12QD&sid=Gca0Zl4qgmpswfFlAAAW HTTP/1.1" 200 -
2026-02-18 22:50:40,932 - captain_security - INFO - Captain DDandDan ÃÖ°í º¸¾È ½Ã½ºÅÛ ÃÊ±âÈ­ ¿Ï·á
2026-02-18 22:50:40,949 - __main__ - INFO - À¥ ¼­¹ö ½ÃÀÛ: http://0.0.0.0:5000
2026-02-18 22:50:40,994 - werkzeug - INFO - [31m[1mWARNING: This is a development server. Do not use it in a production deployment. Use a production WSGI server instead.[0m
 * Running on all addresses (0.0.0.0)
 * Running on http://127.0.0.1:5000
 * Running on http://172.30.1.60:5000
2026-02-18 22:50:40,994 - werkzeug - INFO - [33mPress CTRL+C to quit[0m
2026-02-18 22:50:41,512 - werkzeug - INFO - 127.0.0.1 - - [18/Feb/2026 22:50:41] "GET /api/article/1 HTTP/1.1" 200 -
2026-02-18 22:50:41,762 - werkzeug - INFO - 127.0.0.1 - - [18/Feb/2026 22:50:41] "GET /api/bookmarks/1/check?user_id=default HTTP/1.1" 200 -
2026-02-18 22:50:46,510 - web_app - INFO - Å¬¶óÀÌ¾ðÆ® ¿¬°áÀÌ ÇØÁ¦µÇ¾ú½À´Ï´Ù
2026-02-18 22:50:46,510 - werkzeug - INFO - 127.0.0.1 - - [18/Feb/2026 22:50:46] "GET /socket.io/?EIO=4&transport=websocket&sid=Gca0Zl4qgmpswfFlAAAW HTTP/1.1" 200 -
2026-02-18 22:51:57,781 - captain_security - INFO - Captain DDandDan ÃÖ°í º¸¾È ½Ã½ºÅÛ ÃÊ±âÈ­ ¿Ï·á
2026-02-18 22:51:57,798 - __main__ - INFO - À¥ ¼­¹ö ½ÃÀÛ: http://0.0.0.0:5000
2026-02-18 22:51:57,858 - werkzeug - INFO - [31m[1mWARNING: This is a development server. Do not use it in a production deployment. Use a production WSGI server instead.[0m
 * Running on all addresses (0.0.0.0)
 * Running on http://127.0.0.1:5000
 * Running on http://172.30.1.60:5000
2026-02-18 22:51:57,860 - werkzeug - INFO - [33mPress CTRL+C to quit[0m
2026-02-18 22:52:33,001 - captain_security - INFO - Captain DDandDan ÃÖ°í º¸¾È ½Ã½ºÅÛ ÃÊ±âÈ­ ¿Ï·á
2026-02-18 22:52:33,019 - __main__ - INFO - À¥ ¼­¹ö ½ÃÀÛ: http://0.0.0.0:5000
2026-02-18 22:52:33,077 - werkzeug - INFO - [31m[1mWARNING: This is a development server. Do not use it in a production deployment. Use a production WSGI server instead.[0m
 * Running on all addresses (0.0.0.0)
 * Running on http://127.0.0.1:5000
 * Running on http://172.30.1.60:5000
2026-02-18 22:52:33,077 - werkzeug - INFO - [33mPress CTRL+C to quit[0m
2026-02-18 22:52:35,331 - werkzeug - INFO - 127.0.0.1 - - [18/Feb/2026 22:52:35] "GET /?id=83e1b5af-840e-4ca0-b109-7ef3d6e0b072&vscodeBrowserReqId=1771422754997 HTTP/1.1" 200 -
2026-02-18 22:52:35,585 - werkzeug - INFO - 127.0.0.1 - - [18/Feb/2026 22:52:35] "[36mGET /static/style.css HTTP/1.1[0m" 304 -
2026-02-18 22:52:35,694 - werkzeug - INFO - 127.0.0.1 - - [18/Feb/2026 22:52:35] "[36mGET /static/script.js HTTP/1.1[0m" 304 -
2026-02-18 22:52:35,978 - web_app - ERROR - Åë°è API ¿À·ù: 'int' object has no attribute 'label'
2026-02-18 22:52:35,984 - werkzeug - INFO - 127.0.0.1 - - [18/Feb/2026 22:52:35] "[35m[1mGET /api/stats HTTP/1.1[0m" 500 -
2026-02-18 22:52:36,288 - werkzeug - INFO - 127.0.0.1 - - [18/Feb/2026 22:52:36] "GET /socket.io/?EIO=4&transport=polling&t=Pnn1Yo8 HTTP/1.1" 200 -
2026-02-18 22:52:36,610 - web_app - INFO - Å¬¶óÀÌ¾ðÆ®°¡ ¿¬°áµÇ¾ú½À´Ï´Ù
2026-02-18 22:52:36,612 - werkzeug - INFO - 127.0.0.1 - - [18/Feb/2026 22:52:36] "POST /socket.io/?EIO=4&transport=polling&t=Pnn1Yt7&sid=w1YFCLP9bnV1LtRgAAAY HTTP/1.1" 200 -
2026-02-18 22:52:36,612 - werkzeug - INFO - 127.0.0.1 - - [18/Feb/2026 22:52:36] "GET /socket.io/?EIO=4&transport=polling&t=Pnn1YtB&sid=w1YFCLP9bnV1LtRgAAAY HTTP/1.1" 200 -
2026-02-18 22:52:39,805 - werkzeug - INFO - 127.0.0.1 - - [18/Feb/2026 22:52:39] "GET /api/article/1 HTTP/1.1" 200 -
2026-02-18 22:52:40,122 - werkzeug - INFO - 127.0.0.1 - - [18/Feb/2026 22:52:40] "GET /api/bookmarks/1/check?user_id=default HTTP/1.1" 200 -
2026-02-18 22:55:34,985 - web_app - INFO - Å¬¶óÀÌ¾ðÆ® ¿¬°áÀÌ ÇØÁ¦µÇ¾ú½À´Ï´Ù
2026-02-18 22:55:34,987 - werkzeug - INFO - 127.0.0.1 - - [18/Feb/2026 22:55:34] "GET /socket.io/?EIO=4&transport=websocket&sid=w1YFCLP9bnV1LtRgAAAY HTTP/1.1" 200 -
2026-02-18 22:55:35,112 - werkzeug - INFO - 127.0.0.1 - - [18/Feb/2026 22:55:35] "GET /?id=83e1b5af-840e-4ca0-b109-7ef3d6e0b072&vscodeBrowserReqId=1771422934789 HTTP/1.1" 200 -
2026-02-18 22:55:35,368 - werkzeug - INFO - 127.0.0.1 - - [18/Feb/2026 22:55:35] "GET /static/style.css HTTP/1.1" 200 -
2026-02-18 22:55:35,453 - werkzeug - INFO - 127.0.0.1 - - [18/Feb/2026 22:55:35] "[36mGET /static/script.js HTTP/1.1[0m" 304 -
2026-02-18 22:55:35,492 - werkzeug - INFO - 127.0.0.1 - - [18/Feb/2026 22:55:35] "GET /socket.io/?EIO=4&transport=polling&t=Pnn2Ecq HTTP/1.1" 200 -
2026-02-18 22:55:35,805 - web_app - ERROR - Åë°è API ¿À·ù: 'int' object has no attribute 'label'
2026-02-18 22:55:35,805 - werkzeug - INFO - 127.0.0.1 - - [18/Feb/2026 22:55:35] "[35m[1mGET /api/stats HTTP/1.1[0m" 500 -
2026-02-18 22:55:35,815 - web_app - INFO - Å¬¶óÀÌ¾ðÆ®°¡ ¿¬°áµÇ¾ú½À´Ï´Ù
2026-02-18 22:55:35,819 - werkzeug - INFO - 127.0.0.1 - - [18/Feb/2026 22:55:35] "POST /socket.io/?EIO=4&transport=polling&t=Pnn2EdE&sid=9m_2IM5S87rygznjAAAa HTTP/1.1" 200 -
2026-02-18 22:55:35,819 - werkzeug - INFO - 127.0.0.1 - - [18/Feb/2026 22:55:35] "GET /socket.io/?EIO=4&transport=polling&t=Pnn2EdI&sid=9m_2IM5S87rygznjAAAa HTTP/1.1" 200 -
2026-02-18 22:55:43,341 - werkzeug - INFO - 127.0.0.1 - - [18/Feb/2026 22:55:43] "[36mGET /static/style.css HTTP/1.1[0m" 304 -
2026-02-18 22:55:48,437 - captain_security - INFO - Captain DDandDan ÃÖ°í º¸¾È ½Ã½ºÅÛ ÃÊ±âÈ­ ¿Ï·á
2026-02-18 22:55:48,453 - __main__ - INFO - À¥ ¼­¹ö ½ÃÀÛ: http://0.0.0.0:5000
2026-02-18 22:55:48,527 - werkzeug - INFO - [31m[1mWARNING: This is a development server. Do not use it in a production deployment. Use a production WSGI server instead.[0m
 * Running on all addresses (0.0.0.0)
 * Running on http://127.0.0.1:5000
 * Running on http://172.30.1.60:5000
2026-02-18 22:55:48,529 - werkzeug - INFO - [33mPress CTRL+C to quit[0m
2026-02-18 22:56:05,689 - werkzeug - INFO - 127.0.0.1 - - [18/Feb/2026 22:56:05] "GET /api/article/1 HTTP/1.1" 200 -
2026-02-18 22:56:06,012 - werkzeug - INFO - 127.0.0.1 - - [18/Feb/2026 22:56:06] "GET /api/bookmarks/1/check?user_id=default HTTP/1.1" 200 -
2026-02-18 22:58:10,934 - web_app - INFO - Å¬¶óÀÌ¾ðÆ® ¿¬°áÀÌ ÇØÁ¦µÇ¾ú½À´Ï´Ù
2026-02-18 22:58:10,935 - werkzeug - INFO - 127.0.0.1 - - [18/Feb/2026 22:58:10] "GET /socket.io/?EIO=4&transport=websocket&sid=9m_2IM5S87rygznjAAAa HTTP/1.1" 200 -
2026-02-18 22:58:49,474 - werkzeug - INFO - 127.0.0.1 - - [18/Feb/2026 22:58:49] "GET /?id=fdf178b1-0176-492a-b0d1-f5e01b550540&vscodeBrowserReqId=1771423129143 HTTP/1.1" 200 -
2026-02-18 22:58:49,727 - werkzeug - INFO - 127.0.0.1 - - [18/Feb/2026 22:58:49] "GET /static/style.css HTTP/1.1" 200 -
2026-02-18 22:58:49,814 - werkzeug - INFO - 127.0.0.1 - - [18/Feb/2026 22:58:49] "[36mGET /static/script.js HTTP/1.1[0m" 304 -
2026-02-18 22:58:50,151 - werkzeug - INFO - 127.0.0.1 - - [18/Feb/2026 22:58:50] "GET /socket.io/?EIO=4&transport=polling&t=Pnn2-86 HTTP/1.1" 200 -
2026-02-18 22:58:50,472 - web_app - ERROR - Åë°è API ¿À·ù: 'int' object has no attribute 'label'
2026-02-18 22:58:50,472 - werkzeug - INFO - 127.0.0.1 - - [18/Feb/2026 22:58:50] "[35m[1mGET /api/stats HTTP/1.1[0m" 500 -
2026-02-18 22:58:50,509 - web_app - INFO - Å¬¶óÀÌ¾ðÆ®°¡ ¿¬°áµÇ¾ú½À´Ï´Ù
2026-02-18 22:58:50,512 - werkzeug - INFO - 127.0.0.1 - - [18/Feb/2026 22:58:50] "POST /socket.io/?EIO=4&transport=polling&t=Pnn2-9H&sid=fn6jX16dE8MgunmuAAAc HTTP/1.1" 200 -
2026-02-18 22:58:50,514 - werkzeug - INFO - 127.0.0.1 - - [18/Feb/2026 22:58:50] "GET /socket.io/?EIO=4&transport=polling&t=Pnn2-9M&sid=fn6jX16dE8MgunmuAAAc HTTP/1.1" 200 -
2026-02-18 22:58:57,484 - captain_security - INFO - Captain DDandDan ÃÖ°í º¸¾È ½Ã½ºÅÛ ÃÊ±âÈ­ ¿Ï·á
2026-02-18 22:58:57,504 - __main__ - INFO - À¥ ¼­¹ö ½ÃÀÛ: http://0.0.0.0:5000
2026-02-18 22:58:57,526 - werkzeug - INFO - [31m[1mWARNING: This is a development server. Do not use it in a production deployment. Use a production WSGI server instead.[0m
 * Running on all addresses (0.0.0.0)
 * Running on http://127.0.0.1:5000
 * Running on http://172.30.1.60:5000
2026-02-18 22:58:57,528 - werkzeug - INFO - [33mPress CTRL+C to quit[0m
2026-02-18 22:59:09,971 - werkzeug - INFO - 127.0.0.1 - - [18/Feb/2026 22:59:09] "GET /api/article/9 HTTP/1.1" 200 -
2026-02-18 22:59:10,237 - werkzeug - INFO - 127.0.0.1 - - [18/Feb/2026 22:59:10] "GET /api/bookmarks/9/check?user_id=default HTTP/1.1" 200 -
2026-02-18 22:59:13,714 - werkzeug - INFO - 127.0.0.1 - - [18/Feb/2026 22:59:13] "GET /api/article/9 HTTP/1.1" 200 -
2026-02-18 22:59:14,030 - werkzeug - INFO - 127.0.0.1 - - [18/Feb/2026 22:59:14] "GET /api/bookmarks/9/check?user_id=default HTTP/1.1" 200 -
2026-02-18 23:02:46,915 - web_app - INFO - Å¬¶óÀÌ¾ðÆ® ¿¬°áÀÌ ÇØÁ¦µÇ¾ú½À´Ï´Ù
2026-02-18 23:02:46,920 - werkzeug - INFO - 127.0.0.1 - - [18/Feb/2026 23:02:46] "GET /socket.io/?EIO=4&transport=websocket&sid=fn6jX16dE8MgunmuAAAc HTTP/1.1" 200 -
2026-02-18 23:02:47,055 - werkzeug - INFO - 127.0.0.1 - - [18/Feb/2026 23:02:47] "GET /?id=fdf178b1-0176-492a-b0d1-f5e01b550540&vscodeBrowserReqId=1771423366722 HTTP/1.1" 200 -
2026-02-18 23:02:47,286 - werkzeug - INFO - 127.0.0.1 - - [18/Feb/2026 23:02:47] "GET /static/style.css HTTP/1.1" 200 -
2026-02-18 23:02:47,401 - werkzeug - INFO - 127.0.0.1 - - [18/Feb/2026 23:02:47] "[36mGET /static/script.js HTTP/1.1[0m" 304 -
2026-02-18 23:02:47,417 - web_app - ERROR - Åë°è API ¿À·ù: 'int' object has no attribute 'label'
2026-02-18 23:02:47,417 - werkzeug - INFO - 127.0.0.1 - - [18/Feb/2026 23:02:47] "[35m[1mGET /api/stats HTTP/1.1[0m" 500 -
2026-02-18 23:02:47,722 - werkzeug - INFO - 127.0.0.1 - - [18/Feb/2026 23:02:47] "GET /socket.io/?EIO=4&transport=polling&t=Pnn3u3t HTTP/1.1" 200 -
2026-02-18 23:02:48,050 - web_app - INFO - Å¬¶óÀÌ¾ðÆ®°¡ ¿¬°áµÇ¾ú½À´Ï´Ù
2026-02-18 23:02:48,053 - werkzeug - INFO - 127.0.0.1 - - [18/Feb/2026 23:02:48] "GET /socket.io/?EIO=4&transport=polling&t=Pnn3u8v&sid=yysuXZU0Cj0U3U1kAAAe HTTP/1.1" 200 -
2026-02-18 23:02:48,055 - werkzeug - INFO - 127.0.0.1 - - [18/Feb/2026 23:02:48] "POST /socket.io/?EIO=4&transport=polling&t=Pnn3u8u&sid=yysuXZU0Cj0U3U1kAAAe HTTP/1.1" 200 -
2026-02-18 23:02:49,951 - werkzeug - INFO - 127.0.0.1 - - [18/Feb/2026 23:02:49] "GET /api/article/1 HTTP/1.1" 200 -
2026-02-18 23:02:50,266 - werkzeug - INFO - 127.0.0.1 - - [18/Feb/2026 23:02:50] "GET /api/bookmarks/1/check?user_id=default HTTP/1.1" 200 -
2026-02-18 23:02:52,589 - captain_security - INFO - Captain DDandDan ÃÖ°í º¸¾È ½Ã½ºÅÛ ÃÊ±âÈ­ ¿Ï·á
2026-02-18 23:02:52,605 - __main__ - INFO - À¥ ¼­¹ö ½ÃÀÛ: http://0.0.0.0:5000
2026-02-18 23:02:52,634 - werkzeug - INFO - [31m[1mWARNING: This is a development server. Do not use it in a production deployment. Use a production WSGI server instead.[0m
 * Running on all addresses (0.0.0.0)
 * Running on http://127.0.0.1:5000
 * Running on http://172.30.1.60:5000
2026-02-18 23:02:52,634 - werkzeug - INFO - [33mPress CTRL+C to quit[0m
2026-02-18 23:03:12,272 - werkzeug - INFO - 127.0.0.1 - - [18/Feb/2026 23:03:12] "GET /api/article/1 HTTP/1.1" 200 -
2026-02-18 23:03:12,587 - werkzeug - INFO - 127.0.0.1 - - [18/Feb/2026 23:03:12] "GET /api/bookmarks/1/check?user_id=default HTTP/1.1" 200 -
2026-02-18 23:04:19,853 - web_app - INFO - Å¬¶óÀÌ¾ðÆ® ¿¬°áÀÌ ÇØÁ¦µÇ¾ú½À´Ï´Ù
2026-02-18 23:04:19,860 - werkzeug - INFO - 127.0.0.1 - - [18/Feb/2026 23:04:19] "GET /socket.io/?EIO=4&transport=websocket&sid=cISoWZWTmUuOZ6CEAAAG HTTP/1.1" 200 -
2026-02-18 23:08:20,133 - web_app - INFO - Å¬¶óÀÌ¾ðÆ® ¿¬°áÀÌ ÇØÁ¦µÇ¾ú½À´Ï´Ù
2026-02-18 23:08:20,135 - werkzeug - INFO - 127.0.0.1 - - [18/Feb/2026 23:08:20] "GET /socket.io/?EIO=4&transport=websocket&sid=yysuXZU0Cj0U3U1kAAAe HTTP/1.1" 200 -
2026-02-18 23:08:20,283 - werkzeug - INFO - 127.0.0.1 - - [18/Feb/2026 23:08:20] "GET /?id=fdf178b1-0176-492a-b0d1-f5e01b550540&vscodeBrowserReqId=1771423699954 HTTP/1.1" 200 -
2026-02-18 23:08:20,537 - werkzeug - INFO - 127.0.0.1 - - [18/Feb/2026 23:08:20] "GET /static/style.css HTTP/1.1" 200 -
2026-02-18 23:08:20,618 - werkzeug - INFO - 127.0.0.1 - - [18/Feb/2026 23:08:20] "[36mGET /static/script.js HTTP/1.1[0m" 304 -
2026-02-18 23:08:20,647 - web_app - ERROR - Åë°è API ¿À·ù: 'int' object has no attribute 'label'
2026-02-18 23:08:20,649 - werkzeug - INFO - 127.0.0.1 - - [18/Feb/2026 23:08:20] "[35m[1mGET /api/stats HTTP/1.1[0m" 500 -
2026-02-18 23:08:20,958 - werkzeug - INFO - 127.0.0.1 - - [18/Feb/2026 23:08:20] "GET /socket.io/?EIO=4&transport=polling&t=Pnn59QV HTTP/1.1" 200 -
2026-02-18 23:08:21,287 - web_app - INFO - Å¬¶óÀÌ¾ðÆ®°¡ ¿¬°áµÇ¾ú½À´Ï´Ù
2026-02-18 23:08:21,292 - werkzeug - INFO - 127.0.0.1 - - [18/Feb/2026 23:08:21] "POST /socket.io/?EIO=4&transport=polling&t=Pnn59Vh&sid=27AUxbLLpPnU7onDAAAg HTTP/1.1" 200 -
2026-02-18 23:08:21,295 - werkzeug - INFO - 127.0.0.1 - - [18/Feb/2026 23:08:21] "GET /socket.io/?EIO=4&transport=polling&t=Pnn59Vj&sid=27AUxbLLpPnU7onDAAAg HTTP/1.1" 200 -
2026-02-18 23:08:38,711 - werkzeug - INFO - 127.0.0.1 - - [18/Feb/2026 23:08:38] "GET /api/article/1 HTTP/1.1" 200 -
2026-02-18 23:08:39,048 - captain_security - INFO - Captain DDandDan ÃÖ°í º¸¾È ½Ã½ºÅÛ ÃÊ±âÈ­ ¿Ï·á
2026-02-18 23:08:39,060 - __main__ - INFO - À¥ ¼­¹ö ½ÃÀÛ: http://0.0.0.0:5000
2026-02-18 23:08:39,080 - werkzeug - INFO - [31m[1mWARNING: This is a development server. Do not use it in a production deployment. Use a production WSGI server instead.[0m
 * Running on all addresses (0.0.0.0)
 * Running on http://127.0.0.1:5000
 * Running on http://172.30.1.60:5000
2026-02-18 23:08:39,080 - werkzeug - INFO - [33mPress CTRL+C to quit[0m
2026-02-18 23:08:39,131 - werkzeug - INFO - 127.0.0.1 - - [18/Feb/2026 23:08:39] "GET /api/bookmarks/1/check?user_id=default HTTP/1.1" 200 -
2026-02-18 23:13:13,573 - web_app - INFO - Å¬¶óÀÌ¾ðÆ® ¿¬°áÀÌ ÇØÁ¦µÇ¾ú½À´Ï´Ù
2026-02-18 23:13:13,573 - werkzeug - INFO - 127.0.0.1 - - [18/Feb/2026 23:13:13] "GET /socket.io/?EIO=4&transport=websocket&sid=27AUxbLLpPnU7onDAAAg HTTP/1.1" 200 -
2026-02-18 23:13:13,725 - werkzeug - INFO - 127.0.0.1 - - [18/Feb/2026 23:13:13] "GET /?id=fdf178b1-0176-492a-b0d1-f5e01b550540&vscodeBrowserReqId=1771423993385 HTTP/1.1" 200 -
2026-02-18 23:13:13,967 - werkzeug - INFO - 127.0.0.1 - - [18/Feb/2026 23:13:13] "[36mGET /static/style.css HTTP/1.1[0m" 304 -
2026-02-18 23:13:14,075 - werkzeug - INFO - 127.0.0.1 - - [18/Feb/2026 23:13:14] "[36mGET /static/script.js HTTP/1.1[0m" 304 -
2026-02-18 23:13:14,093 - web_app - ERROR - Åë°è API ¿À·ù: 'int' object has no attribute 'label'
2026-02-18 23:13:14,099 - werkzeug - INFO - 127.0.0.1 - - [18/Feb/2026 23:13:14] "[35m[1mGET /api/stats HTTP/1.1[0m" 500 -
2026-02-18 23:13:14,399 - werkzeug - INFO - 127.0.0.1 - - [18/Feb/2026 23:13:14] "GET /socket.io/?EIO=4&transport=polling&t=Pnn6H3a HTTP/1.1" 200 -
2026-02-18 23:13:14,716 - web_app - INFO - Å¬¶óÀÌ¾ðÆ®°¡ ¿¬°áµÇ¾ú½À´Ï´Ù
2026-02-18 23:13:14,720 - werkzeug - INFO - 127.0.0.1 - - [18/Feb/2026 23:13:14] "POST /socket.io/?EIO=4&transport=polling&t=Pnn6H8d&sid=nTOenIZogZHucogIAAAi HTTP/1.1" 200 -
2026-02-18 23:13:14,720 - werkzeug - INFO - 127.0.0.1 - - [18/Feb/2026 23:13:14] "GET /socket.io/?EIO=4&transport=polling&t=Pnn6H8e&sid=nTOenIZogZHucogIAAAi HTTP/1.1" 200 -
2026-02-18 23:13:17,355 - werkzeug - INFO - 127.0.0.1 - - [18/Feb/2026 23:13:17] "GET /api/article/1 HTTP/1.1" 200 -
2026-02-18 23:13:17,687 - werkzeug - INFO - 127.0.0.1 - - [18/Feb/2026 23:13:17] "GET /api/bookmarks/1/check?user_id=default HTTP/1.1" 200 -
2026-02-18 23:13:23,692 - captain_security - INFO - Captain DDandDan ÃÖ°í º¸¾È ½Ã½ºÅÛ ÃÊ±âÈ­ ¿Ï·á
2026-02-18 23:13:23,707 - __main__ - INFO - À¥ ¼­¹ö ½ÃÀÛ: http://0.0.0.0:5000
2026-02-18 23:13:23,737 - werkzeug - INFO - [31m[1mWARNING: This is a development server. Do not use it in a production deployment. Use a production WSGI server instead.[0m
 * Running on all addresses (0.0.0.0)
 * Running on http://127.0.0.1:5000
 * Running on http://172.30.1.60:5000
2026-02-18 23:13:23,737 - werkzeug - INFO - [33mPress CTRL+C to quit[0m
2026-02-18 23:15:28,700 - web_app - INFO - Å¬¶óÀÌ¾ðÆ® ¿¬°áÀÌ ÇØÁ¦µÇ¾ú½À´Ï´Ù
2026-02-18 23:15:28,702 - werkzeug - INFO - 127.0.0.1 - - [18/Feb/2026 23:15:28] "GET /socket.io/?EIO=4&transport=websocket&sid=nTOenIZogZHucogIAAAi HTTP/1.1" 200 -
2026-02-18 23:15:28,884 - werkzeug - INFO - 127.0.0.1 - - [18/Feb/2026 23:15:28] "GET /?id=fdf178b1-0176-492a-b0d1-f5e01b550540&vscodeBrowserReqId=1771424128518 HTTP/1.1" 200 -
2026-02-18 23:15:29,096 - werkzeug - INFO - 127.0.0.1 - - [18/Feb/2026 23:15:29] "[36mGET /static/style.css HTTP/1.1[0m" 304 -
2026-02-18 23:15:29,227 - werkzeug - INFO - 127.0.0.1 - - [18/Feb/2026 23:15:29] "[36mGET /static/script.js HTTP/1.1[0m" 304 -
2026-02-18 23:15:29,244 - web_app - ERROR - Åë°è API ¿À·ù: 'int' object has no attribute 'label'
2026-02-18 23:15:29,244 - werkzeug - INFO - 127.0.0.1 - - [18/Feb/2026 23:15:29] "[35m[1mGET /api/stats HTTP/1.1[0m" 500 -
2026-02-18 23:15:29,559 - werkzeug - INFO - 127.0.0.1 - - [18/Feb/2026 23:15:29] "GET /socket.io/?EIO=4&transport=polling&t=Pnn6o3O HTTP/1.1" 200 -
2026-02-18 23:15:29,881 - web_app - INFO - Å¬¶óÀÌ¾ðÆ®°¡ ¿¬°áµÇ¾ú½À´Ï´Ù
2026-02-18 23:15:29,881 - werkzeug - INFO - 127.0.0.1 - - [18/Feb/2026 23:15:29] "POST /socket.io/?EIO=4&transport=polling&t=Pnn6o8V&sid=wWErO1aHcONFvgebAAAk HTTP/1.1" 200 -
2026-02-18 23:15:29,885 - werkzeug - INFO - 127.0.0.1 - - [18/Feb/2026 23:15:29] "GET /socket.io/?EIO=4&transport=polling&t=Pnn6o8X&sid=wWErO1aHcONFvgebAAAk HTTP/1.1" 200 -
2026-02-18 23:15:37,342 - captain_security - INFO - Captain DDandDan ÃÖ°í º¸¾È ½Ã½ºÅÛ ÃÊ±âÈ­ ¿Ï·á
2026-02-18 23:15:37,359 - __main__ - INFO - À¥ ¼­¹ö ½ÃÀÛ: http://0.0.0.0:5000
2026-02-18 23:15:37,392 - werkzeug - INFO - [31m[1mWARNING: This is a development server. Do not use it in a production deployment. Use a production WSGI server instead.[0m
 * Running on all addresses (0.0.0.0)
 * Running on http://127.0.0.1:5000
 * Running on http://172.30.1.60:5000
2026-02-18 23:15:37,393 - werkzeug - INFO - [33mPress CTRL+C to quit[0m
2026-02-18 23:15:58,385 - web_app - INFO - Å¬¶óÀÌ¾ðÆ® ¿¬°áÀÌ ÇØÁ¦µÇ¾ú½À´Ï´Ù
2026-02-18 23:15:58,387 - werkzeug - INFO - 127.0.0.1 - - [18/Feb/2026 23:15:58] "GET /socket.io/?EIO=4&transport=websocket&sid=wWErO1aHcONFvgebAAAk HTTP/1.1" 200 -
2026-02-18 23:18:44,233 - werkzeug - INFO - 127.0.0.1 - - [18/Feb/2026 23:18:44] "GET /?id=5203e6a2-76ef-4106-b72f-4c4dd3a4b431&vscodeBrowserReqId=1771424323908 HTTP/1.1" 200 -
2026-02-18 23:18:44,476 - werkzeug - INFO - 127.0.0.1 - - [18/Feb/2026 23:18:44] "[36mGET /static/style.css HTTP/1.1[0m" 304 -
2026-02-18 23:18:44,581 - werkzeug - INFO - 127.0.0.1 - - [18/Feb/2026 23:18:44] "[36mGET /static/script.js HTTP/1.1[0m" 304 -
2026-02-18 23:18:44,903 - werkzeug - INFO - 127.0.0.1 - - [18/Feb/2026 23:18:44] "GET /socket.io/?EIO=4&transport=polling&t=Pnn7Xpt HTTP/1.1" 200 -
2026-02-18 23:18:45,189 - web_app - ERROR - Åë°è API ¿À·ù: 'int' object has no attribute 'label'
2026-02-18 23:18:45,189 - werkzeug - INFO - 127.0.0.1 - - [18/Feb/2026 23:18:45] "[35m[1mGET /api/stats HTTP/1.1[0m" 500 -
2026-02-18 23:18:45,241 - web_app - INFO - Å¬¶óÀÌ¾ðÆ®°¡ ¿¬°áµÇ¾ú½À´Ï´Ù
2026-02-18 23:18:45,241 - werkzeug - INFO - 127.0.0.1 - - [18/Feb/2026 23:18:45] "POST /socket.io/?EIO=4&transport=polling&t=Pnn7Xr6&sid=lIeX4X0tKEwhTUPfAAAm HTTP/1.1" 200 -
2026-02-18 23:18:45,260 - werkzeug - INFO - 127.0.0.1 - - [18/Feb/2026 23:18:45] "GET /socket.io/?EIO=4&transport=polling&t=Pnn7XrE&sid=lIeX4X0tKEwhTUPfAAAm HTTP/1.1" 200 -
2026-02-18 23:18:46,700 - werkzeug - INFO - 127.0.0.1 - - [18/Feb/2026 23:18:46] "GET /api/article/1 HTTP/1.1" 200 -
2026-02-18 23:18:46,952 - werkzeug - INFO - 127.0.0.1 - - [18/Feb/2026 23:18:46] "GET /api/bookmarks/1/check?user_id=default HTTP/1.1" 200 -
2026-02-18 23:18:57,315 - captain_security - INFO - Captain DDandDan ÃÖ°í º¸¾È ½Ã½ºÅÛ ÃÊ±âÈ­ ¿Ï·á
2026-02-18 23:18:57,322 - __main__ - INFO - À¥ ¼­¹ö ½ÃÀÛ: http://0.0.0.0:5000
2026-02-18 23:18:57,356 - werkzeug - INFO - [31m[1mWARNING: This is a development server. Do not use it in a production deployment. Use a production WSGI server instead.[0m
 * Running on all addresses (0.0.0.0)
 * Running on http://127.0.0.1:5000
 * Running on http://172.30.1.60:5000
2026-02-18 23:18:57,359 - werkzeug - INFO - [33mPress CTRL+C to quit[0m
2026-02-18 23:19:39,717 - werkzeug - INFO - 127.0.0.1 - - [18/Feb/2026 23:19:39] "GET /api/article/3 HTTP/1.1" 200 -
2026-02-18 23:19:40,034 - werkzeug - INFO - 127.0.0.1 - - [18/Feb/2026 23:19:40] "GET /api/bookmarks/3/check?user_id=default HTTP/1.1" 200 -
2026-02-18 23:21:34,014 - web_app - INFO - Å¬¶óÀÌ¾ðÆ® ¿¬°áÀÌ ÇØÁ¦µÇ¾ú½À´Ï´Ù
2026-02-18 23:21:34,015 - werkzeug - INFO - 127.0.0.1 - - [18/Feb/2026 23:21:34] "GET /socket.io/?EIO=4&transport=websocket&sid=lIeX4X0tKEwhTUPfAAAm HTTP/1.1" 200 -
2026-02-18 23:21:44,608 - werkzeug - INFO - 127.0.0.1 - - [18/Feb/2026 23:21:44] "GET /?id=cf8bc558-af0c-415d-9cdc-a1d25e52757a&vscodeBrowserReqId=1771424504281 HTTP/1.1" 200 -
2026-02-18 23:21:44,861 - werkzeug - INFO - 127.0.0.1 - - [18/Feb/2026 23:21:44] "GET /static/style.css HTTP/1.1" 200 -
2026-02-18 23:21:44,963 - werkzeug - INFO - 127.0.0.1 - - [18/Feb/2026 23:21:44] "[36mGET /static/script.js HTTP/1.1[0m" 304 -
2026-02-18 23:21:45,301 - werkzeug - INFO - 127.0.0.1 - - [18/Feb/2026 23:21:45] "GET /socket.io/?EIO=4&transport=polling&t=Pnn8DsU HTTP/1.1" 200 -
2026-02-18 23:21:45,597 - web_app - ERROR - Åë°è API ¿À·ù: 'int' object has no attribute 'label'
2026-02-18 23:21:45,598 - werkzeug - INFO - 127.0.0.1 - - [18/Feb/2026 23:21:45] "[35m[1mGET /api/stats HTTP/1.1[0m" 500 -
2026-02-18 23:21:45,628 - web_app - INFO - Å¬¶óÀÌ¾ðÆ®°¡ ¿¬°áµÇ¾ú½À´Ï´Ù
2026-02-18 23:21:45,628 - werkzeug - INFO - 127.0.0.1 - - [18/Feb/2026 23:21:45] "POST /socket.io/?EIO=4&transport=polling&t=Pnn8Dtd&sid=nuh4ukJnOZ8BfE4BAAAo HTTP/1.1" 200 -
2026-02-18 23:21:45,635 - werkzeug - INFO - 127.0.0.1 - - [18/Feb/2026 23:21:45] "GET /socket.io/?EIO=4&transport=polling&t=Pnn8Dtj&sid=nuh4ukJnOZ8BfE4BAAAo HTTP/1.1" 200 -
2026-02-18 23:21:46,659 - werkzeug - INFO - 127.0.0.1 - - [18/Feb/2026 23:21:46] "GET /api/article/1 HTTP/1.1" 200 -
2026-02-18 23:21:46,916 - werkzeug - INFO - 127.0.0.1 - - [18/Feb/2026 23:21:46] "GET /api/bookmarks/1/check?user_id=default HTTP/1.1" 200 -
2026-02-18 23:21:59,089 - werkzeug - INFO - 127.0.0.1 - - [18/Feb/2026 23:21:59] "GET /api/article/3 HTTP/1.1" 200 -
2026-02-18 23:21:59,409 - werkzeug - INFO - 127.0.0.1 - - [18/Feb/2026 23:21:59] "GET /api/bookmarks/3/check?user_id=default HTTP/1.1" 200 -
2026-02-18 23:22:19,753 - werkzeug - INFO - 127.0.0.1 - - [18/Feb/2026 23:22:19] "GET /api/article/5 HTTP/1.1" 200 -
2026-02-18 23:22:20,092 - werkzeug - INFO - 127.0.0.1 - - [18/Feb/2026 23:22:20] "GET /api/bookmarks/5/check?user_id=default HTTP/1.1" 200 -
2026-02-18 23:28:05,048 - werkzeug - INFO - 127.0.0.1 - - [18/Feb/2026 23:28:05] "GET /api/article/5 HTTP/1.1" 200 -
2026-02-18 23:28:05,308 - werkzeug - INFO - 127.0.0.1 - - [18/Feb/2026 23:28:05] "GET /api/bookmarks/5/check?user_id=default HTTP/1.1" 200 -
2026-02-18 23:31:37,540 - web_app - INFO - Å¬¶óÀÌ¾ðÆ® ¿¬°áÀÌ ÇØÁ¦µÇ¾ú½À´Ï´Ù
2026-02-18 23:31:37,542 - werkzeug - INFO - 127.0.0.1 - - [18/Feb/2026 23:31:37] "GET /socket.io/?EIO=4&transport=websocket&sid=nuh4ukJnOZ8BfE4BAAAo HTTP/1.1" 200 -
2026-02-18 23:31:37,697 - werkzeug - INFO - 127.0.0.1 - - [18/Feb/2026 23:31:37] "GET /?id=cf8bc558-af0c-415d-9cdc-a1d25e52757a&vscodeBrowserReqId=1771425097355 HTTP/1.1" 200 -
2026-02-18 23:31:37,936 - werkzeug - INFO - 127.0.0.1 - - [18/Feb/2026 23:31:37] "[36mGET /static/style.css HTTP/1.1[0m" 304 -
2026-02-18 23:31:38,037 - werkzeug - INFO - 127.0.0.1 - - [18/Feb/2026 23:31:38] "[36mGET /static/script.js HTTP/1.1[0m" 304 -
2026-02-18 23:31:38,056 - werkzeug - INFO - 127.0.0.1 - - [18/Feb/2026 23:31:38] "GET /socket.io/?EIO=4&transport=polling&t=PnnAUb1 HTTP/1.1" 200 -
2026-02-18 23:31:38,365 - web_app - ERROR - Åë°è API ¿À·ù: 'int' object has no attribute 'label'
2026-02-18 23:31:38,365 - werkzeug - INFO - 127.0.0.1 - - [18/Feb/2026 23:31:38] "[35m[1mGET /api/stats HTTP/1.1[0m" 500 -
2026-02-18 23:31:38,374 - web_app - INFO - Å¬¶óÀÌ¾ðÆ®°¡ ¿¬°áµÇ¾ú½À´Ï´Ù
2026-02-18 23:31:38,378 - werkzeug - INFO - 127.0.0.1 - - [18/Feb/2026 23:31:38] "POST /socket.io/?EIO=4&transport=polling&t=PnnAUbD&sid=WGi2CWjuiSRi1gQPAAAq HTTP/1.1" 200 -
2026-02-18 23:31:38,385 - werkzeug - INFO - 127.0.0.1 - - [18/Feb/2026 23:31:38] "GET /socket.io/?EIO=4&transport=polling&t=PnnAUbG&sid=WGi2CWjuiSRi1gQPAAAq HTTP/1.1" 200 -
2026-02-18 23:32:06,037 - werkzeug - INFO - 127.0.0.1 - - [18/Feb/2026 23:32:06] "GET / HTTP/1.1" 200 -
2026-02-18 23:32:06,134 - werkzeug - INFO - 127.0.0.1 - - [18/Feb/2026 23:32:06] "GET /static/style.css HTTP/1.1" 200 -
2026-02-18 23:32:06,301 - werkzeug - INFO - 127.0.0.1 - - [18/Feb/2026 23:32:06] "[36mGET /static/script.js HTTP/1.1[0m" 304 -
2026-02-18 23:32:06,579 - web_app - ERROR - Åë°è API ¿À·ù: 'int' object has no attribute 'label'
2026-02-18 23:32:06,585 - werkzeug - INFO - 127.0.0.1 - - [18/Feb/2026 23:32:06] "[35m[1mGET /api/stats HTTP/1.1[0m" 500 -
2026-02-18 23:32:06,767 - werkzeug - INFO - 127.0.0.1 - - [18/Feb/2026 23:32:06] "GET /socket.io/?EIO=4&transport=polling&t=PnnAbWz HTTP/1.1" 200 -
2026-02-18 23:32:08,731 - werkzeug - INFO - 127.0.0.1 - - [18/Feb/2026 23:32:08] "GET /api/article/1 HTTP/1.1" 200 -
2026-02-18 23:32:08,742 - web_app - INFO - Å¬¶óÀÌ¾ðÆ®°¡ ¿¬°áµÇ¾ú½À´Ï´Ù
2026-02-18 23:32:08,746 - werkzeug - INFO - 127.0.0.1 - - [18/Feb/2026 23:32:08] "GET /socket.io/?EIO=4&transport=polling&t=PnnAb_j&sid=jQESpI2Qigvnh4n6AAAs HTTP/1.1" 200 -
2026-02-18 23:32:08,748 - werkzeug - INFO - 127.0.0.1 - - [18/Feb/2026 23:32:08] "POST /socket.io/?EIO=4&transport=polling&t=PnnAb_g&sid=jQESpI2Qigvnh4n6AAAs HTTP/1.1" 200 -
2026-02-18 23:32:08,755 - web_app - ERROR - Exception on /favicon.ico [GET]
Traceback (most recent call last):
  File "C:\Python\Lib\site-packages\flask\app.py", line 1484, in full_dispatch_request
    rv = self.dispatch_request()
         ^^^^^^^^^^^^^^^^^^^^^^^
  File "C:\Python\Lib\site-packages\flask\app.py", line 1458, in dispatch_request
    self.raise_routing_exception(req)
  File "C:\Python\Lib\site-packages\flask\app.py", line 1440, in raise_routing_exception
    raise request.routing_exception  # type: ignore
    ^^^^^^^^^^^^^^^^^^^^^^^^^^^^^^^
  File "C:\Python\Lib\site-packages\flask\ctx.py", line 353, in match_request
    result = self.url_adapter.match(return_rule=True)  # type: ignore
             ^^^^^^^^^^^^^^^^^^^^^^^^^^^^^^^^^^^^^^^^
  File "C:\Python\Lib\site-packages\werkzeug\routing\map.py", line 629, in match
    raise NotFound() from None
werkzeug.exceptions.NotFound: 404 Not Found: The requested URL was not found on the server. If you entered the URL manually please check your spelling and try again.

During handling of the above exception, another exception occurred:

Traceback (most recent call last):
  File "C:\Python\Lib\site-packages\flask\app.py", line 2190, in wsgi_app
    response = self.full_dispatch_request()
               ^^^^^^^^^^^^^^^^^^^^^^^^^^^^
  File "C:\Python\Lib\site-packages\flask\app.py", line 1486, in full_dispatch_request
    rv = self.handle_user_exception(e)
         ^^^^^^^^^^^^^^^^^^^^^^^^^^^^^
  File "C:\Python\Lib\site-packages\flask_cors\extension.py", line 176, in wrapped_function
    return cors_after_request(app.make_response(f(*args, **kwargs)))
                                                ^^^^^^^^^^^^^^^^^^
  File "C:\Python\Lib\site-packages\flask\app.py", line 1341, in handle_user_exception
    return self.handle_http_exception(e)
           ^^^^^^^^^^^^^^^^^^^^^^^^^^^^^
  File "C:\Python\Lib\site-packages\flask\app.py", line 1281, in handle_http_exception
    return self.ensure_sync(handler)(e)
           ^^^^^^^^^^^^^^^^^^^^^^^^^^^^
  File "D:\Copilot_Project\notion_news\web_app.py", line 540, in not_found
    'success': True,
  File "C:\Python\Lib\site-packages\flask\templating.py", line 150, in render_template
    template = app.jinja_env.get_or_select_template(template_name_or_list)
               ^^^^^^^^^^^^^^^^^^^^^^^^^^^^^^^^^^^^^^^^^^^^^^^^^^^^^^^^^^^
  File "C:\Python\Lib\site-packages\jinja2\environment.py", line 1087, in get_or_select_template
    return self.get_template(template_name_or_list, parent, globals)
           ^^^^^^^^^^^^^^^^^^^^^^^^^^^^^^^^^^^^^^^^^^^^^^^^^^^^^^^^^
  File "C:\Python\Lib\site-packages\jinja2\environment.py", line 1016, in get_template
    return self._load_template(name, globals)
           ^^^^^^^^^^^^^^^^^^^^^^^^^^^^^^^^^^
  File "C:\Python\Lib\site-packages\jinja2\environment.py", line 975, in _load_template
    template = self.loader.load(self, name, self.make_globals(globals))
               ^^^^^^^^^^^^^^^^^^^^^^^^^^^^^^^^^^^^^^^^^^^^^^^^^^^^^^^^
  File "C:\Python\Lib\site-packages\jinja2\loaders.py", line 126, in load
    source, filename, uptodate = self.get_source(environment, name)
                                 ^^^^^^^^^^^^^^^^^^^^^^^^^^^^^^^^^^
  File "C:\Python\Lib\site-packages\flask\templating.py", line 64, in get_source
    return self._get_source_fast(environment, template)
           ^^^^^^^^^^^^^^^^^^^^^^^^^^^^^^^^^^^^^^^^^^^^
  File "C:\Python\Lib\site-packages\flask\templating.py", line 98, in _get_source_fast
    raise TemplateNotFound(template)
jinja2.exceptions.TemplateNotFound: 404.html
2026-02-18 23:32:08,774 - web_app - ERROR - ¼­¹ö ³»ºÎ ¿À·ù: 500 Internal Server Error: The server encountered an internal error and was unable to complete your request. Either the server is overloaded or there is an error in the application.
2026-02-18 23:32:08,776 - werkzeug - INFO - 127.0.0.1 - - [18/Feb/2026 23:32:08] "[35m[1mGET /favicon.ico HTTP/1.1[0m" 500 -
2026-02-18 23:32:08,797 - werkzeug - ERROR - Error on request:
Traceback (most recent call last):
  File "C:\Python\Lib\site-packages\flask\app.py", line 1484, in full_dispatch_request
    rv = self.dispatch_request()
         ^^^^^^^^^^^^^^^^^^^^^^^
  File "C:\Python\Lib\site-packages\flask\app.py", line 1458, in dispatch_request
    self.raise_routing_exception(req)
  File "C:\Python\Lib\site-packages\flask\app.py", line 1440, in raise_routing_exception
    raise request.routing_exception  # type: ignore
  File "C:\Python\Lib\site-packages\flask\ctx.py", line 353, in match_request
    result = self.url_adapter.match(return_rule=True)  # type: ignore
             ^^^^^^^^^^^^^^^^^^^^^^^^^^^^^^^^^^^^^^^^^^^^^^^^^^^^^^^^
  File "C:\Python\Lib\site-packages\werkzeug\routing\map.py", line 629, in match
    raise NotFound() from None
werkzeug.exceptions.NotFound: 404 Not Found: The requested URL was not found on the server. If you entered the URL manually please check your spelling and try again.

During handling of the above exception, another exception occurred:

Traceback (most recent call last):
  File "C:\Python\Lib\site-packages\flask\app.py", line 2190, in wsgi_app
    response = self.full_dispatch_request()
               ^^^^^^^^^^^^^^^^^^^^^^^^^^^^
  File "C:\Python\Lib\site-packages\flask\app.py", line 1486, in full_dispatch_request
    rv = self.handle_user_exception(e)
         ^^^^^^^^^^^^^^^^^^^^^^^^^^^^^
  File "C:\Python\Lib\site-packages\flask_cors\extension.py", line 176, in wrapped_function
    return cors_after_request(app.make_response(f(*args, **kwargs)))
                                                ^^^^^^^^^^^^^^^^^^^^
  File "C:\Python\Lib\site-packages\flask\app.py", line 1341, in handle_user_exception
    return self.handle_http_exception(e)
           ^^^^^^^^^^^^^^^^^^^^^^^^^^^^^
  File "C:\Python\Lib\site-packages\flask\app.py", line 1281, in handle_http_exception
    return self.ensure_sync(handler)(e)
           ^^^^^^^^^^^^^^^^^^^^^^^^^^^^
  File "D:\Copilot_Project\notion_news\web_app.py", line 540, in not_found
    'success': True,
  File "C:\Python\Lib\site-packages\flask\templating.py", line 150, in render_template
    template = app.jinja_env.get_or_select_template(template_name_or_list)
               ^^^^^^^^^^^^^^^^^^^^^^^^^^^^^^^^^^^^^^^^^^^^^^^^^^^^^^^^^^^
  File "C:\Python\Lib\site-packages\jinja2\environment.py", line 1087, in get_or_select_template
    return self.get_template(template_name_or_list, parent, globals)
           ^^^^^^^^^^^^^^^^^^^^^^^^^^^^^^^^^^^^^^^^^^^^^^^^^^^^^^^^^
  File "C:\Python\Lib\site-packages\jinja2\environment.py", line 1016, in get_template
    return self._load_template(name, globals)
           ^^^^^^^^^^^^^^^^^^^^^^^^^^^^^^^^^^
  File "C:\Python\Lib\site-packages\jinja2\environment.py", line 975, in _load_template
    template = self.loader.load(self, name, self.make_globals(globals))
               ^^^^^^^^^^^^^^^^^^^^^^^^^^^^^^^^^^^^^^^^^^^^^^^^^^^^^^^^
  File "C:\Python\Lib\site-packages\jinja2\loaders.py", line 126, in load
    source, filename, uptodate = self.get_source(environment, name)
                                 ^^^^^^^^^^^^^^^^^^^^^^^^^^^^^^^^^^
  File "C:\Python\Lib\site-packages\flask\templating.py", line 64, in get_source
    return self._get_source_fast(environment, template)
           ^^^^^^^^^^^^^^^^^^^^^^^^^^^^^^^^^^^^^^^^^^^^
  File "C:\Python\Lib\site-packages\flask\templating.py", line 98, in _get_source_fast
    raise TemplateNotFound(template)
jinja2.exceptions.TemplateNotFound: 404.html

During handling of the above exception, another exception occurred:

Traceback (most recent call last):
  File "C:\Python\Lib\site-packages\werkzeug\serving.py", line 370, in run_wsgi
    execute(self.server.app)
  File "C:\Python\Lib\site-packages\werkzeug\serving.py", line 331, in execute
    application_iter = app(environ, start_response)
                       ^^^^^^^^^^^^^^^^^^^^^^^^^^^^
  File "C:\Python\Lib\site-packages\flask\app.py", line 2213, in __call__
    return self.wsgi_app(environ, start_response)
           ^^^^^^^^^^^^^^^^^^^^^^^^^^^^^^^^^^^^^^
  File "C:\Python\Lib\site-packages\flask_socketio\__init__.py", line 43, in __call__
    return super(_SocketIOMiddleware, self).__call__(environ,
           ^^^^^^^^^^^^^^^^^^^^^^^^^^^^^^^^^^^^^^^^^^^^^^^^^^
  File "C:\Python\Lib\site-packages\engineio\middleware.py", line 74, in __call__
    return self.wsgi_app(environ, start_response)
           ^^^^^^^^^^^^^^^^^^^^^^^^^^^^^^^^^^^^^^
  File "C:\Python\Lib\site-packages\flask\app.py", line 2193, in wsgi_app
    response = self.handle_exception(e)
               ^^^^^^^^^^^^^^^^^^^^^^^^
  File "C:\Python\Lib\site-packages\flask_cors\extension.py", line 176, in wrapped_function
    return cors_after_request(app.make_response(f(*args, **kwargs)))
                                                ^^^^^^^^^^^^^^^^^^^^
  File "C:\Python\Lib\site-packages\flask\app.py", line 1399, in handle_exception
    server_error = self.ensure_sync(handler)(server_error)
                   ^^^^^^^^^^^^^^^^^^^^^^^^^^^^^^^^^^^^^^^
  File "D:\Copilot_Project\notion_news\web_app.py", line 546, in internal_error
    return jsonify({'success': False, 'error': str(e)}), 500
       ^^^^^^^^^^^^^^^^^^^^^^^^^^^^^^^^^^^^^^^^^^^^^^^^^^^^^
  File "C:\Python\Lib\site-packages\flask\templating.py", line 150, in render_template
    template = app.jinja_env.get_or_select_template(template_name_or_list)
               ^^^^^^^^^^^^^^^^^^^^^^^^^^^^^^^^^^^^^^^^^^^^^^^^^^^^^^^^^^^
  File "C:\Python\Lib\site-packages\jinja2\environment.py", line 1087, in get_or_select_template
    return self.get_template(template_name_or_list, parent, globals)
           ^^^^^^^^^^^^^^^^^^^^^^^^^^^^^^^^^^^^^^^^^^^^^^^^^^^^^^^^^
  File "C:\Python\Lib\site-packages\jinja2\environment.py", line 1016, in get_template
    return self._load_template(name, globals)
           ^^^^^^^^^^^^^^^^^^^^^^^^^^^^^^^^^^
  File "C:\Python\Lib\site-packages\jinja2\environment.py", line 975, in _load_template
    template = self.loader.load(self, name, self.make_globals(globals))
               ^^^^^^^^^^^^^^^^^^^^^^^^^^^^^^^^^^^^^^^^^^^^^^^^^^^^^^^^
  File "C:\Python\Lib\site-packages\jinja2\loaders.py", line 126, in load
    source, filename, uptodate = self.get_source(environment, name)
                                 ^^^^^^^^^^^^^^^^^^^^^^^^^^^^^^^^^^
  File "C:\Python\Lib\site-packages\flask\templating.py", line 64, in get_source
    return self._get_source_fast(environment, template)
           ^^^^^^^^^^^^^^^^^^^^^^^^^^^^^^^^^^^^^^^^^^^^
  File "C:\Python\Lib\site-packages\flask\templating.py", line 98, in _get_source_fast
    raise TemplateNotFound(template)
jinja2.exceptions.TemplateNotFound: 500.html
2026-02-18 23:32:08,980 - werkzeug - INFO - 127.0.0.1 - - [18/Feb/2026 23:32:08] "GET /socket.io/?EIO=4&transport=polling&t=PnnAc7K&sid=jQESpI2Qigvnh4n6AAAs HTTP/1.1" 200 -
2026-02-18 23:32:09,228 - werkzeug - INFO - 127.0.0.1 - - [18/Feb/2026 23:32:09] "GET /api/bookmarks/1/check?user_id=default HTTP/1.1" 200 -
2026-02-18 23:32:19,177 - werkzeug - INFO - 127.0.0.1 - - [18/Feb/2026 23:32:19] "GET /api/article/3 HTTP/1.1" 200 -
2026-02-18 23:32:19,495 - werkzeug - INFO - 127.0.0.1 - - [18/Feb/2026 23:32:19] "GET /api/bookmarks/3/check?user_id=default HTTP/1.1" 200 -
2026-02-18 23:32:30,600 - werkzeug - INFO - 127.0.0.1 - - [18/Feb/2026 23:32:30] "GET /api/article/9 HTTP/1.1" 200 -
2026-02-18 23:32:30,927 - werkzeug - INFO - 127.0.0.1 - - [18/Feb/2026 23:32:30] "GET /api/bookmarks/9/check?user_id=default HTTP/1.1" 200 -
2026-02-18 23:35:00,074 - web_app - INFO - Å¬¶óÀÌ¾ðÆ® ¿¬°áÀÌ ÇØÁ¦µÇ¾ú½À´Ï´Ù
2026-02-18 23:35:00,076 - werkzeug - INFO - 127.0.0.1 - - [18/Feb/2026 23:35:00] "GET /socket.io/?EIO=4&transport=websocket&sid=WGi2CWjuiSRi1gQPAAAq HTTP/1.1" 200 -
2026-02-18 23:35:59,359 - werkzeug - INFO - 127.0.0.1 - - [18/Feb/2026 23:35:59] "GET /api/article/4 HTTP/1.1" 200 -
2026-02-18 23:35:59,602 - werkzeug - INFO - 127.0.0.1 - - [18/Feb/2026 23:35:59] "GET /api/bookmarks/4/check?user_id=default HTTP/1.1" 200 -
2026-02-18 23:40:10,443 - web_app - INFO - Å¬¶óÀÌ¾ðÆ® ¿¬°áÀÌ ÇØÁ¦µÇ¾ú½À´Ï´Ù
2026-02-18 23:40:10,454 - werkzeug - INFO - 127.0.0.1 - - [18/Feb/2026 23:40:10] "GET /socket.io/?EIO=4&transport=websocket&sid=jQESpI2Qigvnh4n6AAAs HTTP/1.1" 200 -
2026-02-18 23:52:55,248 - werkzeug - INFO - 127.0.0.1 - - [18/Feb/2026 23:52:55] "GET /socket.io/?EIO=4&transport=polling&t=PnnFMKM HTTP/1.1" 200 -
2026-02-18 23:52:55,509 - web_app - INFO - Å¬¶óÀÌ¾ðÆ®°¡ ¿¬°áµÇ¾ú½À´Ï´Ù
2026-02-18 23:52:55,509 - werkzeug - INFO - 127.0.0.1 - - [18/Feb/2026 23:52:55] "POST /socket.io/?EIO=4&transport=polling&t=PnnFMPW&sid=VlYufgnuZxT6DDHBAAAu HTTP/1.1" 200 -
2026-02-18 23:52:55,572 - werkzeug - INFO - 127.0.0.1 - - [18/Feb/2026 23:52:55] "GET /socket.io/?EIO=4&transport=polling&t=PnnFMPX&sid=VlYufgnuZxT6DDHBAAAu HTTP/1.1" 200 -
2026-02-18 23:52:55,579 - werkzeug - INFO - 127.0.0.1 - - [18/Feb/2026 23:52:55] "GET /socket.io/?EIO=4&transport=polling&t=PnnFMUQ&sid=VlYufgnuZxT6DDHBAAAu HTTP/1.1" 200 -
2026-02-18 23:56:23,788 - werkzeug - INFO - 127.0.0.1 - - [18/Feb/2026 23:56:23] "GET /?id=58d1d780-ae71-4386-b6ab-3f4e67a8210a&vscodeBrowserReqId=1771426583455 HTTP/1.1" 200 -
2026-02-18 23:56:24,052 - werkzeug - INFO - 127.0.0.1 - - [18/Feb/2026 23:56:24] "[36mGET /static/style.css HTTP/1.1[0m" 304 -
2026-02-18 23:56:24,142 - werkzeug - INFO - 127.0.0.1 - - [18/Feb/2026 23:56:24] "[36mGET /static/script.js HTTP/1.1[0m" 304 -
2026-02-18 23:56:24,545 - werkzeug - INFO - 127.0.0.1 - - [18/Feb/2026 23:56:24] "GET /socket.io/?EIO=4&transport=polling&t=PnnG9VF HTTP/1.1" 200 -
2026-02-18 23:56:24,849 - web_app - ERROR - Åë°è API ¿À·ù: 'int' object has no attribute 'label'
2026-02-18 23:56:24,850 - werkzeug - INFO - 127.0.0.1 - - [18/Feb/2026 23:56:24] "[35m[1mGET /api/stats HTTP/1.1[0m" 500 -
2026-02-18 23:56:25,036 - web_app - INFO - Å¬¶óÀÌ¾ðÆ®°¡ ¿¬°áµÇ¾ú½À´Ï´Ù
2026-02-18 23:56:25,036 - werkzeug - INFO - 127.0.0.1 - - [18/Feb/2026 23:56:25] "POST /socket.io/?EIO=4&transport=polling&t=PnnG9YI&sid=eEOywOFvEFyGDHfxAAAw HTTP/1.1" 200 -
2026-02-18 23:56:25,036 - werkzeug - INFO - 127.0.0.1 - - [18/Feb/2026 23:56:25] "GET /socket.io/?EIO=4&transport=polling&t=PnnG9YL&sid=eEOywOFvEFyGDHfxAAAw HTTP/1.1" 200 -
2026-02-18 23:56:27,020 - werkzeug - INFO - 127.0.0.1 - - [18/Feb/2026 23:56:27] "GET /api/article/1 HTTP/1.1" 200 -
2026-02-18 23:56:27,298 - werkzeug - INFO - 127.0.0.1 - - [18/Feb/2026 23:56:27] "GET /api/bookmarks/1/check?user_id=default HTTP/1.1" 200 -
2026-02-19 00:05:32,921 - web_app - INFO - Å¬¶óÀÌ¾ðÆ® ¿¬°áÀÌ ÇØÁ¦µÇ¾ú½À´Ï´Ù
2026-02-19 00:05:32,921 - web_app - INFO - Å¬¶óÀÌ¾ðÆ® ¿¬°áÀÌ ÇØÁ¦µÇ¾ú½À´Ï´Ù
2026-02-19 00:05:32,928 - werkzeug - INFO - 127.0.0.1 - - [19/Feb/2026 00:05:32] "GET /socket.io/?EIO=4&transport=websocket&sid=eEOywOFvEFyGDHfxAAAw HTTP/1.1" 200 -
2026-02-19 00:05:32,935 - werkzeug - INFO - 127.0.0.1 - - [19/Feb/2026 00:05:32] "GET /socket.io/?EIO=4&transport=websocket&sid=VlYufgnuZxT6DDHBAAAu HTTP/1.1" 200 -
2026-02-19 00:41:18,513 - werkzeug - INFO - 127.0.0.1 - - [19/Feb/2026 00:41:18] "GET /socket.io/?EIO=4&transport=polling&t=PnnQR64 HTTP/1.1" 200 -
2026-02-19 00:41:18,895 - web_app - INFO - Å¬¶óÀÌ¾ðÆ®°¡ ¿¬°áµÇ¾ú½À´Ï´Ù
2026-02-19 00:41:18,901 - werkzeug - INFO - 127.0.0.1 - - [19/Feb/2026 00:41:18] "POST /socket.io/?EIO=4&transport=polling&t=PnnQRCy&sid=d5yJUKjLFAWJzr1uAAAy HTTP/1.1" 200 -
2026-02-19 00:41:18,904 - werkzeug - INFO - 127.0.0.1 - - [19/Feb/2026 00:41:18] "GET /socket.io/?EIO=4&transport=polling&t=PnnQRC-&sid=d5yJUKjLFAWJzr1uAAAy HTTP/1.1" 200 -
2026-02-19 00:41:19,928 - web_app - INFO - Å¬¶óÀÌ¾ðÆ® ¿¬°áÀÌ ÇØÁ¦µÇ¾ú½À´Ï´Ù
2026-02-19 00:41:19,965 - werkzeug - INFO - 127.0.0.1 - - [19/Feb/2026 00:41:19] "GET /socket.io/?EIO=4&transport=websocket&sid=d5yJUKjLFAWJzr1uAAAy HTTP/1.1" 200 -
2026-02-19 14:00:28,151 - werkzeug - INFO - 127.0.0.1 - - [19/Feb/2026 14:00:28] "GET /socket.io/?EIO=4&transport=polling&t=PnqHKiD HTTP/1.1" 200 -
2026-02-19 14:00:28,392 - web_app - INFO - Å¬¶óÀÌ¾ðÆ®°¡ ¿¬°áµÇ¾ú½À´Ï´Ù
2026-02-19 14:00:28,393 - werkzeug - INFO - 127.0.0.1 - - [19/Feb/2026 14:00:28] "POST /socket.io/?EIO=4&transport=polling&t=PnqHLgL&sid=KkdcZyMXibr6DsFOAAA0 HTTP/1.1" 200 -
2026-02-19 14:00:28,502 - werkzeug - INFO - 127.0.0.1 - - [19/Feb/2026 14:00:28] "GET /socket.io/?EIO=4&transport=polling&t=PnqHLgM&sid=KkdcZyMXibr6DsFOAAA0 HTTP/1.1" 200 -
2026-02-19 14:00:28,520 - werkzeug - INFO - 127.0.0.1 - - [19/Feb/2026 14:00:28] "GET /socket.io/?EIO=4&transport=polling&t=PnqHLlZ&sid=KkdcZyMXibr6DsFOAAA0 HTTP/1.1" 200 -
2026-02-19 14:00:39,463 - werkzeug - INFO - 127.0.0.1 - - [19/Feb/2026 14:00:39] "GET /socket.io/?EIO=4&transport=polling&t=PnqHOLi HTTP/1.1" 200 -
2026-02-19 14:00:39,710 - web_app - INFO - Å¬¶óÀÌ¾ðÆ®°¡ ¿¬°áµÇ¾ú½À´Ï´Ù
2026-02-19 14:00:39,710 - werkzeug - INFO - 127.0.0.1 - - [19/Feb/2026 14:00:39] "POST /socket.io/?EIO=4&transport=polling&t=PnqHOQk&sid=1C4BzZEBhIgSFNVUAAA2 HTTP/1.1" 200 -
2026-02-19 14:00:39,773 - werkzeug - INFO - 127.0.0.1 - - [19/Feb/2026 14:00:39] "GET /socket.io/?EIO=4&transport=polling&t=PnqHOQl&sid=1C4BzZEBhIgSFNVUAAA2 HTTP/1.1" 200 -
2026-02-19 14:00:42,671 - web_app - INFO - ¾Ë¸² Àü¼Û: ´º½º Å©·Ñ¸µÀ» ½ÃÀÛÇÕ´Ï´Ù...
2026-02-19 14:00:42,685 - news_crawler - INFO - ¹ÝµµÃ¼ ´º½º Å©·Ñ¸µ ½ÃÀÛ...
2026-02-19 14:00:42,685 - news_crawler - INFO - EE Times¿¡¼­ ´º½º ¼öÁý Áß...
2026-02-19 14:00:59,629 - news_crawler - ERROR - EE Times Å©·Ñ¸µ ½ÇÆÐ: HTTPSConnectionPool(host='www.eetimes.com', port=443): Read timed out. (read timeout=15)
2026-02-19 14:01:01,633 - news_crawler - INFO - ÀüÀÚ½Å¹®¿¡¼­ ´º½º ¼öÁý Áß...
2026-02-19 14:01:03,458 - news_crawler - INFO - ÀüÀÚ½Å¹®¿¡¼­ 0°³ ±â»ç ¼öÁý ¿Ï·á
2026-02-19 14:01:05,469 - news_crawler - INFO - Semiconductor Engineering¿¡¼­ ´º½º ¼öÁý Áß...
2026-02-19 14:01:09,249 - news_crawler - INFO - Semiconductor Engineering¿¡¼­ 0°³ ±â»ç ¼öÁý ¿Ï·á
2026-02-19 14:01:11,265 - news_crawler - INFO - AnandTech¿¡¼­ ´º½º ¼öÁý Áß...
2026-02-19 14:01:15,466 - news_crawler - INFO - AnandTech¿¡¼­ 0°³ ±â»ç ¼öÁý ¿Ï·á
2026-02-19 14:01:17,474 - news_crawler - INFO - Tom's Hardware¿¡¼­ ´º½º ¼öÁý Áß...
2026-02-19 14:01:22,968 - news_crawler - ERROR - Tom's Hardware Å©·Ñ¸µ ½ÇÆÐ: 404 Client Error: Not Found for url: https://www.tomshardware.com/news/tag/semiconductors
2026-02-19 14:01:24,975 - news_crawler - INFO - µðÁöÅÐÅ¸ÀÓ½º¿¡¼­ ´º½º ¼öÁý Áß...
2026-02-19 14:01:26,319 - news_crawler - ERROR - µðÁöÅÐÅ¸ÀÓ½º Å©·Ñ¸µ ½ÇÆÐ: 404 Client Error: Not Found for url: https://www.dt.co.kr:443/contents.html?article_no=2021020302109976601002
2026-02-19 14:01:28,326 - news_crawler - INFO - TechCrunch¿¡¼­ ´º½º ¼öÁý Áß...
2026-02-19 14:01:30,815 - news_crawler - INFO - TechCrunch¿¡¼­ 0°³ ±â»ç ¼öÁý ¿Ï·á
2026-02-19 14:01:32,824 - news_crawler - INFO - IEEE Spectrum¿¡¼­ ´º½º ¼öÁý Áß...
2026-02-19 14:01:34,830 - news_crawler - INFO - IEEE Spectrum¿¡¼­ 0°³ ±â»ç ¼öÁý ¿Ï·á
2026-02-19 14:01:36,831 - news_crawler - INFO - The Register¿¡¼­ ´º½º ¼öÁý Áß...
2026-02-19 14:01:38,525 - news_crawler - ERROR - The Register Å©·Ñ¸µ ½ÇÆÐ: 404 Client Error: Not Found for url: https://www.theregister.com/hardware/semiconductors/
2026-02-19 14:01:39,415 - werkzeug - INFO - 127.0.0.1 - - [19/Feb/2026 14:01:39] "GET /api/article/1 HTTP/1.1" 200 -
2026-02-19 14:01:39,730 - werkzeug - INFO - 127.0.0.1 - - [19/Feb/2026 14:01:39] "GET /api/bookmarks/1/check?user_id=default HTTP/1.1" 200 -
2026-02-19 14:01:40,526 - news_crawler - INFO - Nikkei Asia¿¡¼­ ´º½º ¼öÁý Áß...
2026-02-19 14:01:43,947 - news_crawler - INFO - Nikkei Asia¿¡¼­ 0°³ ±â»ç ¼öÁý ¿Ï·á
2026-02-19 14:01:45,959 - news_crawler - INFO - ÃÑ 0°³ÀÇ °íÀ¯ ±â»ç ¼öÁý ¿Ï·á
2026-02-19 14:01:45,959 - web_app - INFO - ¾Ë¸² Àü¼Û: 0°³ÀÇ »õ·Î¿î ±â»ç¸¦ Ãß°¡Çß½À´Ï´Ù.
2026-02-19 14:01:45,984 - werkzeug - INFO - 127.0.0.1 - - [19/Feb/2026 14:01:45] "POST /api/crawl HTTP/1.1" 200 -
2026-02-19 14:01:46,287 - web_app - ERROR - Åë°è API ¿À·ù: 'int' object has no attribute 'label'
2026-02-19 14:01:46,288 - werkzeug - INFO - 127.0.0.1 - - [19/Feb/2026 14:01:46] "[35m[1mGET /api/stats HTTP/1.1[0m" 500 -
2026-02-19 14:01:46,289 - web_app - ERROR - Åë°è API ¿À·ù: 'int' object has no attribute 'label'
2026-02-19 14:01:46,291 - werkzeug - INFO - 127.0.0.1 - - [19/Feb/2026 14:01:46] "[35m[1mGET /api/stats HTTP/1.1[0m" 500 -
2026-02-19 14:01:46,602 - web_app - ERROR - Åë°è API ¿À·ù: 'int' object has no attribute 'label'
2026-02-19 14:01:46,603 - werkzeug - INFO - 127.0.0.1 - - [19/Feb/2026 14:01:46] "[35m[1mGET /api/stats HTTP/1.1[0m" 500 -
2026-02-19 14:01:47,009 - web_app - INFO - Å¬¶óÀÌ¾ðÆ® ¿¬°áÀÌ ÇØÁ¦µÇ¾ú½À´Ï´Ù
2026-02-19 14:01:47,010 - werkzeug - INFO - 127.0.0.1 - - [19/Feb/2026 14:01:47] "GET /socket.io/?EIO=4&transport=websocket&sid=1C4BzZEBhIgSFNVUAAA2 HTTP/1.1" 200 -
2026-02-19 14:01:47,026 - werkzeug - INFO - 127.0.0.1 - - [19/Feb/2026 14:01:47] "GET / HTTP/1.1" 200 -
2026-02-19 14:01:47,382 - werkzeug - INFO - 127.0.0.1 - - [19/Feb/2026 14:01:47] "[36mGET /static/script.js HTTP/1.1[0m" 304 -
2026-02-19 14:01:47,382 - werkzeug - INFO - 127.0.0.1 - - [19/Feb/2026 14:01:47] "[36mGET /static/style.css HTTP/1.1[0m" 304 -
2026-02-19 14:01:47,728 - werkzeug - INFO - 127.0.0.1 - - [19/Feb/2026 14:01:47] "GET /socket.io/?EIO=4&transport=polling&t=PnqHf0X HTTP/1.1" 200 -
2026-02-19 14:01:47,731 - web_app - ERROR - Åë°è API ¿À·ù: 'int' object has no attribute 'label'
2026-02-19 14:01:47,734 - werkzeug - INFO - 127.0.0.1 - - [19/Feb/2026 14:01:47] "[35m[1mGET /api/stats HTTP/1.1[0m" 500 -
2026-02-19 14:01:47,984 - web_app - INFO - Å¬¶óÀÌ¾ðÆ®°¡ ¿¬°áµÇ¾ú½À´Ï´Ù
2026-02-19 14:01:47,985 - werkzeug - INFO - 127.0.0.1 - - [19/Feb/2026 14:01:47] "POST /socket.io/?EIO=4&transport=polling&t=PnqHf95&sid=GTjWgnvsnRzWB1kCAAA4 HTTP/1.1" 200 -
2026-02-19 14:01:48,281 - werkzeug - INFO - 127.0.0.1 - - [19/Feb/2026 14:01:48] "GET /socket.io/?EIO=4&transport=polling&t=PnqHf96&sid=GTjWgnvsnRzWB1kCAAA4 HTTP/1.1" 200 -
2026-02-19 14:01:48,286 - web_app - ERROR - Exception on /favicon.ico [GET]
Traceback (most recent call last):
  File "C:\Python\Lib\site-packages\flask\app.py", line 1484, in full_dispatch_request
    rv = self.dispatch_request()
         ^^^^^^^^^^^^^^^^^^^^^^^
  File "C:\Python\Lib\site-packages\flask\app.py", line 1458, in dispatch_request
    self.raise_routing_exception(req)
  File "C:\Python\Lib\site-packages\flask\app.py", line 1440, in raise_routing_exception
    raise request.routing_exception  # type: ignore
    ^^^^^^^^^^^^^^^^^^^^^^^^^^^^^^^
  File "C:\Python\Lib\site-packages\flask\ctx.py", line 353, in match_request
    result = self.url_adapter.match(return_rule=True)  # type: ignore
             ^^^^^^^^^^^^^^^^^^^^^^^^^^^^^^^^^^^^^^^^
  File "C:\Python\Lib\site-packages\werkzeug\routing\map.py", line 629, in match
    raise NotFound() from None
werkzeug.exceptions.NotFound: 404 Not Found: The requested URL was not found on the server. If you entered the URL manually please check your spelling and try again.

During handling of the above exception, another exception occurred:

Traceback (most recent call last):
  File "C:\Python\Lib\site-packages\flask\app.py", line 2190, in wsgi_app
    response = self.full_dispatch_request()
               ^^^^^^^^^^^^^^^^^^^^^^^^^^^^
  File "C:\Python\Lib\site-packages\flask\app.py", line 1486, in full_dispatch_request
    rv = self.handle_user_exception(e)
         ^^^^^^^^^^^^^^^^^^^^^^^^^^^^^
  File "C:\Python\Lib\site-packages\flask_cors\extension.py", line 176, in wrapped_function
    return cors_after_request(app.make_response(f(*args, **kwargs)))
                                                ^^^^^^^^^^^^^^^^^^
  File "C:\Python\Lib\site-packages\flask\app.py", line 1341, in handle_user_exception
    return self.handle_http_exception(e)
           ^^^^^^^^^^^^^^^^^^^^^^^^^^^^^
  File "C:\Python\Lib\site-packages\flask\app.py", line 1281, in handle_http_exception
    return self.ensure_sync(handler)(e)
           ^^^^^^^^^^^^^^^^^^^^^^^^^^^^
  File "D:\Copilot_Project\notion_news\web_app.py", line 540, in not_found
    'success': True,
  File "C:\Python\Lib\site-packages\flask\templating.py", line 150, in render_template
    template = app.jinja_env.get_or_select_template(template_name_or_list)
               ^^^^^^^^^^^^^^^^^^^^^^^^^^^^^^^^^^^^^^^^^^^^^^^^^^^^^^^^^^^
  File "C:\Python\Lib\site-packages\jinja2\environment.py", line 1087, in get_or_select_template
    return self.get_template(template_name_or_list, parent, globals)
           ^^^^^^^^^^^^^^^^^^^^^^^^^^^^^^^^^^^^^^^^^^^^^^^^^^^^^^^^^
  File "C:\Python\Lib\site-packages\jinja2\environment.py", line 1016, in get_template
    return self._load_template(name, globals)
           ^^^^^^^^^^^^^^^^^^^^^^^^^^^^^^^^^^
  File "C:\Python\Lib\site-packages\jinja2\environment.py", line 975, in _load_template
    template = self.loader.load(self, name, self.make_globals(globals))
               ^^^^^^^^^^^^^^^^^^^^^^^^^^^^^^^^^^^^^^^^^^^^^^^^^^^^^^^^
  File "C:\Python\Lib\site-packages\jinja2\loaders.py", line 126, in load
    source, filename, uptodate = self.get_source(environment, name)
                                 ^^^^^^^^^^^^^^^^^^^^^^^^^^^^^^^^^^
  File "C:\Python\Lib\site-packages\flask\templating.py", line 64, in get_source
    return self._get_source_fast(environment, template)
           ^^^^^^^^^^^^^^^^^^^^^^^^^^^^^^^^^^^^^^^^^^^^
  File "C:\Python\Lib\site-packages\flask\templating.py", line 98, in _get_source_fast
    raise TemplateNotFound(template)
jinja2.exceptions.TemplateNotFound: 404.html
2026-02-19 14:01:48,289 - werkzeug - INFO - 127.0.0.1 - - [19/Feb/2026 14:01:48] "GET /socket.io/?EIO=4&transport=polling&t=PnqHfE0&sid=GTjWgnvsnRzWB1kCAAA4 HTTP/1.1" 200 -
2026-02-19 14:01:48,292 - web_app - ERROR - ¼­¹ö ³»ºÎ ¿À·ù: 500 Internal Server Error: The server encountered an internal error and was unable to complete your request. Either the server is overloaded or there is an error in the application.
2026-02-19 14:01:48,293 - werkzeug - INFO - 127.0.0.1 - - [19/Feb/2026 14:01:48] "[35m[1mGET /favicon.ico HTTP/1.1[0m" 500 -
2026-02-19 14:01:48,300 - werkzeug - ERROR - Error on request:
Traceback (most recent call last):
  File "C:\Python\Lib\site-packages\flask\app.py", line 1484, in full_dispatch_request
    rv = self.dispatch_request()
         ^^^^^^^^^^^^^^^^^^^^^^^
  File "C:\Python\Lib\site-packages\flask\app.py", line 1458, in dispatch_request
    self.raise_routing_exception(req)
  File "C:\Python\Lib\site-packages\flask\app.py", line 1440, in raise_routing_exception
    raise request.routing_exception  # type: ignore
  File "C:\Python\Lib\site-packages\flask\ctx.py", line 353, in match_request
    result = self.url_adapter.match(return_rule=True)  # type: ignore
             ^^^^^^^^^^^^^^^^^^^^^^^^^^^^^^^^^^^^^^^^^^^^^^^^^^^^^^^^
  File "C:\Python\Lib\site-packages\werkzeug\routing\map.py", line 629, in match
    raise NotFound() from None
werkzeug.exceptions.NotFound: 404 Not Found: The requested URL was not found on the server. If you entered the URL manually please check your spelling and try again.

During handling of the above exception, another exception occurred:

Traceback (most recent call last):
  File "C:\Python\Lib\site-packages\flask\app.py", line 2190, in wsgi_app
    response = self.full_dispatch_request()
               ^^^^^^^^^^^^^^^^^^^^^^^^^^^^
  File "C:\Python\Lib\site-packages\flask\app.py", line 1486, in full_dispatch_request
    rv = self.handle_user_exception(e)
         ^^^^^^^^^^^^^^^^^^^^^^^^^^^^^
  File "C:\Python\Lib\site-packages\flask_cors\extension.py", line 176, in wrapped_function
    return cors_after_request(app.make_response(f(*args, **kwargs)))
                                                ^^^^^^^^^^^^^^^^^^^^
  File "C:\Python\Lib\site-packages\flask\app.py", line 1341, in handle_user_exception
    return self.handle_http_exception(e)
           ^^^^^^^^^^^^^^^^^^^^^^^^^^^^^
  File "C:\Python\Lib\site-packages\flask\app.py", line 1281, in handle_http_exception
    return self.ensure_sync(handler)(e)
           ^^^^^^^^^^^^^^^^^^^^^^^^^^^^
  File "D:\Copilot_Project\notion_news\web_app.py", line 540, in not_found
    'success': True,
  File "C:\Python\Lib\site-packages\flask\templating.py", line 150, in render_template
    template = app.jinja_env.get_or_select_template(template_name_or_list)
               ^^^^^^^^^^^^^^^^^^^^^^^^^^^^^^^^^^^^^^^^^^^^^^^^^^^^^^^^^^^
  File "C:\Python\Lib\site-packages\jinja2\environment.py", line 1087, in get_or_select_template
    return self.get_template(template_name_or_list, parent, globals)
           ^^^^^^^^^^^^^^^^^^^^^^^^^^^^^^^^^^^^^^^^^^^^^^^^^^^^^^^^^
  File "C:\Python\Lib\site-packages\jinja2\environment.py", line 1016, in get_template
    return self._load_template(name, globals)
           ^^^^^^^^^^^^^^^^^^^^^^^^^^^^^^^^^^
  File "C:\Python\Lib\site-packages\jinja2\environment.py", line 975, in _load_template
    template = self.loader.load(self, name, self.make_globals(globals))
               ^^^^^^^^^^^^^^^^^^^^^^^^^^^^^^^^^^^^^^^^^^^^^^^^^^^^^^^^
  File "C:\Python\Lib\site-packages\jinja2\loaders.py", line 126, in load
    source, filename, uptodate = self.get_source(environment, name)
                                 ^^^^^^^^^^^^^^^^^^^^^^^^^^^^^^^^^^
  File "C:\Python\Lib\site-packages\flask\templating.py", line 64, in get_source
    return self._get_source_fast(environment, template)
           ^^^^^^^^^^^^^^^^^^^^^^^^^^^^^^^^^^^^^^^^^^^^
  File "C:\Python\Lib\site-packages\flask\templating.py", line 98, in _get_source_fast
    raise TemplateNotFound(template)
jinja2.exceptions.TemplateNotFound: 404.html

During handling of the above exception, another exception occurred:

Traceback (most recent call last):
  File "C:\Python\Lib\site-packages\werkzeug\serving.py", line 370, in run_wsgi
    execute(self.server.app)
  File "C:\Python\Lib\site-packages\werkzeug\serving.py", line 331, in execute
    application_iter = app(environ, start_response)
                       ^^^^^^^^^^^^^^^^^^^^^^^^^^^^
  File "C:\Python\Lib\site-packages\flask\app.py", line 2213, in __call__
    return self.wsgi_app(environ, start_response)
           ^^^^^^^^^^^^^^^^^^^^^^^^^^^^^^^^^^^^^^
  File "C:\Python\Lib\site-packages\flask_socketio\__init__.py", line 43, in __call__
    return super(_SocketIOMiddleware, self).__call__(environ,
           ^^^^^^^^^^^^^^^^^^^^^^^^^^^^^^^^^^^^^^^^^^^^^^^^^^
  File "C:\Python\Lib\site-packages\engineio\middleware.py", line 74, in __call__
    return self.wsgi_app(environ, start_response)
           ^^^^^^^^^^^^^^^^^^^^^^^^^^^^^^^^^^^^^^
  File "C:\Python\Lib\site-packages\flask\app.py", line 2193, in wsgi_app
    response = self.handle_exception(e)
               ^^^^^^^^^^^^^^^^^^^^^^^^
  File "C:\Python\Lib\site-packages\flask_cors\extension.py", line 176, in wrapped_function
    return cors_after_request(app.make_response(f(*args, **kwargs)))
                                                ^^^^^^^^^^^^^^^^^^^^
  File "C:\Python\Lib\site-packages\flask\app.py", line 1399, in handle_exception
    server_error = self.ensure_sync(handler)(server_error)
                   ^^^^^^^^^^^^^^^^^^^^^^^^^^^^^^^^^^^^^^^
  File "D:\Copilot_Project\notion_news\web_app.py", line 546, in internal_error
    return jsonify({'success': False, 'error': str(e)}), 500
       ^^^^^^^^^^^^^^^^^^^^^^^^^^^^^^^^^^^^^^^^^^^^^^^^^^^^^
  File "C:\Python\Lib\site-packages\flask\templating.py", line 150, in render_template
    template = app.jinja_env.get_or_select_template(template_name_or_list)
               ^^^^^^^^^^^^^^^^^^^^^^^^^^^^^^^^^^^^^^^^^^^^^^^^^^^^^^^^^^^
  File "C:\Python\Lib\site-packages\jinja2\environment.py", line 1087, in get_or_select_template
    return self.get_template(template_name_or_list, parent, globals)
           ^^^^^^^^^^^^^^^^^^^^^^^^^^^^^^^^^^^^^^^^^^^^^^^^^^^^^^^^^
  File "C:\Python\Lib\site-packages\jinja2\environment.py", line 1016, in get_template
    return self._load_template(name, globals)
           ^^^^^^^^^^^^^^^^^^^^^^^^^^^^^^^^^^
  File "C:\Python\Lib\site-packages\jinja2\environment.py", line 975, in _load_template
    template = self.loader.load(self, name, self.make_globals(globals))
               ^^^^^^^^^^^^^^^^^^^^^^^^^^^^^^^^^^^^^^^^^^^^^^^^^^^^^^^^
  File "C:\Python\Lib\site-packages\jinja2\loaders.py", line 126, in load
    source, filename, uptodate = self.get_source(environment, name)
                                 ^^^^^^^^^^^^^^^^^^^^^^^^^^^^^^^^^^
  File "C:\Python\Lib\site-packages\flask\templating.py", line 64, in get_source
    return self._get_source_fast(environment, template)
           ^^^^^^^^^^^^^^^^^^^^^^^^^^^^^^^^^^^^^^^^^^^^
  File "C:\Python\Lib\site-packages\flask\templating.py", line 98, in _get_source_fast
    raise TemplateNotFound(template)
jinja2.exceptions.TemplateNotFound: 500.html
2026-02-19 14:05:56,715 - werkzeug - INFO - 127.0.0.1 - - [19/Feb/2026 14:05:56] "GET /api/article/1 HTTP/1.1" 200 -
2026-02-19 14:05:56,980 - werkzeug - INFO - 127.0.0.1 - - [19/Feb/2026 14:05:56] "GET /api/bookmarks/1/check?user_id=default HTTP/1.1" 200 -
2026-02-19 14:12:25,519 - werkzeug - INFO - 127.0.0.1 - - [19/Feb/2026 14:12:25] "[36mGET /static/style.css HTTP/1.1[0m" 304 -
2026-02-19 14:12:27,979 - web_app - INFO - Å¬¶óÀÌ¾ðÆ® ¿¬°áÀÌ ÇØÁ¦µÇ¾ú½À´Ï´Ù
2026-02-19 14:12:27,979 - werkzeug - INFO - 127.0.0.1 - - [19/Feb/2026 14:12:27] "GET /socket.io/?EIO=4&transport=websocket&sid=KkdcZyMXibr6DsFOAAA0 HTTP/1.1" 200 -
2026-02-19 14:18:13,911 - web_app - INFO - Å¬¶óÀÌ¾ðÆ® ¿¬°áÀÌ ÇØÁ¦µÇ¾ú½À´Ï´Ù
2026-02-19 14:18:13,913 - werkzeug - INFO - 127.0.0.1 - - [19/Feb/2026 14:18:13] "GET /socket.io/?EIO=4&transport=websocket&sid=GTjWgnvsnRzWB1kCAAA4 HTTP/1.1" 200 -
2026-02-19 14:18:14,214 - werkzeug - INFO - 127.0.0.1 - - [19/Feb/2026 14:18:14] "GET / HTTP/1.1" 200 -
2026-02-19 14:18:14,239 - werkzeug - INFO - 127.0.0.1 - - [19/Feb/2026 14:18:14] "GET /static/style.css HTTP/1.1" 200 -
2026-02-19 14:18:14,466 - werkzeug - INFO - 127.0.0.1 - - [19/Feb/2026 14:18:14] "GET /static/script.js HTTP/1.1" 200 -
2026-02-19 14:18:14,783 - web_app - ERROR - Åë°è API ¿À·ù: 'int' object has no attribute 'label'
2026-02-19 14:18:14,783 - werkzeug - INFO - 127.0.0.1 - - [19/Feb/2026 14:18:14] "[35m[1mGET /api/stats HTTP/1.1[0m" 500 -
2026-02-19 14:18:14,788 - werkzeug - INFO - 127.0.0.1 - - [19/Feb/2026 14:18:14] "GET /socket.io/?EIO=4&transport=polling&t=PnqLP_F HTTP/1.1" 200 -
2026-02-19 14:18:15,896 - web_app - INFO - Å¬¶óÀÌ¾ðÆ®°¡ ¿¬°áµÇ¾ú½À´Ï´Ù
2026-02-19 14:18:15,902 - werkzeug - INFO - 127.0.0.1 - - [19/Feb/2026 14:18:15] "POST /socket.io/?EIO=4&transport=polling&t=PnqLQLR&sid=l28PMhY_3XAFd8ZDAAA6 HTTP/1.1" 200 -
2026-02-19 14:18:16,222 - werkzeug - INFO - 127.0.0.1 - - [19/Feb/2026 14:18:16] "GET /socket.io/?EIO=4&transport=polling&t=PnqLQLU&sid=l28PMhY_3XAFd8ZDAAA6 HTTP/1.1" 200 -
2026-02-19 14:18:16,224 - web_app - ERROR - Exception on /favicon.ico [GET]
Traceback (most recent call last):
  File "C:\Python\Lib\site-packages\flask\app.py", line 1484, in full_dispatch_request
    rv = self.dispatch_request()
         ^^^^^^^^^^^^^^^^^^^^^^^
  File "C:\Python\Lib\site-packages\flask\app.py", line 1458, in dispatch_request
    self.raise_routing_exception(req)
  File "C:\Python\Lib\site-packages\flask\app.py", line 1440, in raise_routing_exception
    raise request.routing_exception  # type: ignore
    ^^^^^^^^^^^^^^^^^^^^^^^^^^^^^^^
  File "C:\Python\Lib\site-packages\flask\ctx.py", line 353, in match_request
    result = self.url_adapter.match(return_rule=True)  # type: ignore
             ^^^^^^^^^^^^^^^^^^^^^^^^^^^^^^^^^^^^^^^^
  File "C:\Python\Lib\site-packages\werkzeug\routing\map.py", line 629, in match
    raise NotFound() from None
werkzeug.exceptions.NotFound: 404 Not Found: The requested URL was not found on the server. If you entered the URL manually please check your spelling and try again.

During handling of the above exception, another exception occurred:

Traceback (most recent call last):
  File "C:\Python\Lib\site-packages\flask\app.py", line 2190, in wsgi_app
    response = self.full_dispatch_request()
               ^^^^^^^^^^^^^^^^^^^^^^^^^^^^
  File "C:\Python\Lib\site-packages\flask\app.py", line 1486, in full_dispatch_request
    rv = self.handle_user_exception(e)
         ^^^^^^^^^^^^^^^^^^^^^^^^^^^^^
  File "C:\Python\Lib\site-packages\flask_cors\extension.py", line 176, in wrapped_function
    return cors_after_request(app.make_response(f(*args, **kwargs)))
                                                ^^^^^^^^^^^^^^^^^^
  File "C:\Python\Lib\site-packages\flask\app.py", line 1341, in handle_user_exception
    return self.handle_http_exception(e)
           ^^^^^^^^^^^^^^^^^^^^^^^^^^^^^
  File "C:\Python\Lib\site-packages\flask\app.py", line 1281, in handle_http_exception
    return self.ensure_sync(handler)(e)
           ^^^^^^^^^^^^^^^^^^^^^^^^^^^^
  File "D:\Copilot_Project\notion_news\web_app.py", line 540, in not_found
    return jsonify({
       ^^^^^^^^^^^^^^
  File "C:\Python\Lib\site-packages\flask\templating.py", line 150, in render_template
    template = app.jinja_env.get_or_select_template(template_name_or_list)
               ^^^^^^^^^^^^^^^^^^^^^^^^^^^^^^^^^^^^^^^^^^^^^^^^^^^^^^^^^^^
  File "C:\Python\Lib\site-packages\jinja2\environment.py", line 1087, in get_or_select_template
    return self.get_template(template_name_or_list, parent, globals)
           ^^^^^^^^^^^^^^^^^^^^^^^^^^^^^^^^^^^^^^^^^^^^^^^^^^^^^^^^^
  File "C:\Python\Lib\site-packages\jinja2\environment.py", line 1016, in get_template
    return self._load_template(name, globals)
           ^^^^^^^^^^^^^^^^^^^^^^^^^^^^^^^^^^
  File "C:\Python\Lib\site-packages\jinja2\environment.py", line 975, in _load_template
    template = self.loader.load(self, name, self.make_globals(globals))
               ^^^^^^^^^^^^^^^^^^^^^^^^^^^^^^^^^^^^^^^^^^^^^^^^^^^^^^^^
  File "C:\Python\Lib\site-packages\jinja2\loaders.py", line 126, in load
    source, filename, uptodate = self.get_source(environment, name)
                                 ^^^^^^^^^^^^^^^^^^^^^^^^^^^^^^^^^^
  File "C:\Python\Lib\site-packages\flask\templating.py", line 64, in get_source
    return self._get_source_fast(environment, template)
           ^^^^^^^^^^^^^^^^^^^^^^^^^^^^^^^^^^^^^^^^^^^^
  File "C:\Python\Lib\site-packages\flask\templating.py", line 98, in _get_source_fast
    raise TemplateNotFound(template)
jinja2.exceptions.TemplateNotFound: 404.html
2026-02-19 14:18:16,238 - web_app - ERROR - ¼­¹ö ³»ºÎ ¿À·ù: 500 Internal Server Error: The server encountered an internal error and was unable to complete your request. Either the server is overloaded or there is an error in the application.
2026-02-19 14:18:16,240 - werkzeug - INFO - 127.0.0.1 - - [19/Feb/2026 14:18:16] "[35m[1mGET /favicon.ico HTTP/1.1[0m" 500 -
2026-02-19 14:18:16,255 - werkzeug - ERROR - Error on request:
Traceback (most recent call last):
  File "C:\Python\Lib\site-packages\flask\app.py", line 1484, in full_dispatch_request
    rv = self.dispatch_request()
         ^^^^^^^^^^^^^^^^^^^^^^^
  File "C:\Python\Lib\site-packages\flask\app.py", line 1458, in dispatch_request
    self.raise_routing_exception(req)
  File "C:\Python\Lib\site-packages\flask\app.py", line 1440, in raise_routing_exception
    raise request.routing_exception  # type: ignore
  File "C:\Python\Lib\site-packages\flask\ctx.py", line 353, in match_request
    result = self.url_adapter.match(return_rule=True)  # type: ignore
             ^^^^^^^^^^^^^^^^^^^^^^^^^^^^^^^^^^^^^^^^^^^^^^^^^^^^^^^^
  File "C:\Python\Lib\site-packages\werkzeug\routing\map.py", line 629, in match
    raise NotFound() from None
werkzeug.exceptions.NotFound: 404 Not Found: The requested URL was not found on the server. If you entered the URL manually please check your spelling and try again.

During handling of the above exception, another exception occurred:

Traceback (most recent call last):
  File "C:\Python\Lib\site-packages\flask\app.py", line 2190, in wsgi_app
    response = self.full_dispatch_request()
               ^^^^^^^^^^^^^^^^^^^^^^^^^^^^
  File "C:\Python\Lib\site-packages\flask\app.py", line 1486, in full_dispatch_request
    rv = self.handle_user_exception(e)
         ^^^^^^^^^^^^^^^^^^^^^^^^^^^^^
  File "C:\Python\Lib\site-packages\flask_cors\extension.py", line 176, in wrapped_function
    return cors_after_request(app.make_response(f(*args, **kwargs)))
                                                ^^^^^^^^^^^^^^^^^^^^
  File "C:\Python\Lib\site-packages\flask\app.py", line 1341, in handle_user_exception
    return self.handle_http_exception(e)
           ^^^^^^^^^^^^^^^^^^^^^^^^^^^^^
  File "C:\Python\Lib\site-packages\flask\app.py", line 1281, in handle_http_exception
    return self.ensure_sync(handler)(e)
           ^^^^^^^^^^^^^^^^^^^^^^^^^^^^
  File "D:\Copilot_Project\notion_news\web_app.py", line 540, in not_found
    return jsonify({
       ^^^^^^^^^^^^^
  File "C:\Python\Lib\site-packages\flask\templating.py", line 150, in render_template
    template = app.jinja_env.get_or_select_template(template_name_or_list)
               ^^^^^^^^^^^^^^^^^^^^^^^^^^^^^^^^^^^^^^^^^^^^^^^^^^^^^^^^^^^
  File "C:\Python\Lib\site-packages\jinja2\environment.py", line 1087, in get_or_select_template
    return self.get_template(template_name_or_list, parent, globals)
           ^^^^^^^^^^^^^^^^^^^^^^^^^^^^^^^^^^^^^^^^^^^^^^^^^^^^^^^^^
  File "C:\Python\Lib\site-packages\jinja2\environment.py", line 1016, in get_template
    return self._load_template(name, globals)
           ^^^^^^^^^^^^^^^^^^^^^^^^^^^^^^^^^^
  File "C:\Python\Lib\site-packages\jinja2\environment.py", line 975, in _load_template
    template = self.loader.load(self, name, self.make_globals(globals))
               ^^^^^^^^^^^^^^^^^^^^^^^^^^^^^^^^^^^^^^^^^^^^^^^^^^^^^^^^
  File "C:\Python\Lib\site-packages\jinja2\loaders.py", line 126, in load
    source, filename, uptodate = self.get_source(environment, name)
                                 ^^^^^^^^^^^^^^^^^^^^^^^^^^^^^^^^^^
  File "C:\Python\Lib\site-packages\flask\templating.py", line 64, in get_source
    return self._get_source_fast(environment, template)
           ^^^^^^^^^^^^^^^^^^^^^^^^^^^^^^^^^^^^^^^^^^^^
  File "C:\Python\Lib\site-packages\flask\templating.py", line 98, in _get_source_fast
    raise TemplateNotFound(template)
jinja2.exceptions.TemplateNotFound: 404.html

During handling of the above exception, another exception occurred:

Traceback (most recent call last):
  File "C:\Python\Lib\site-packages\werkzeug\serving.py", line 370, in run_wsgi
    execute(self.server.app)
  File "C:\Python\Lib\site-packages\werkzeug\serving.py", line 331, in execute
    application_iter = app(environ, start_response)
                       ^^^^^^^^^^^^^^^^^^^^^^^^^^^^
  File "C:\Python\Lib\site-packages\flask\app.py", line 2213, in __call__
    return self.wsgi_app(environ, start_response)
           ^^^^^^^^^^^^^^^^^^^^^^^^^^^^^^^^^^^^^^
  File "C:\Python\Lib\site-packages\flask_socketio\__init__.py", line 43, in __call__
    return super(_SocketIOMiddleware, self).__call__(environ,
           ^^^^^^^^^^^^^^^^^^^^^^^^^^^^^^^^^^^^^^^^^^^^^^^^^^
  File "C:\Python\Lib\site-packages\engineio\middleware.py", line 74, in __call__
    return self.wsgi_app(environ, start_response)
           ^^^^^^^^^^^^^^^^^^^^^^^^^^^^^^^^^^^^^^
  File "C:\Python\Lib\site-packages\flask\app.py", line 2193, in wsgi_app
    response = self.handle_exception(e)
               ^^^^^^^^^^^^^^^^^^^^^^^^
  File "C:\Python\Lib\site-packages\flask_cors\extension.py", line 176, in wrapped_function
    return cors_after_request(app.make_response(f(*args, **kwargs)))
                                                ^^^^^^^^^^^^^^^^^^^^
  File "C:\Python\Lib\site-packages\flask\app.py", line 1399, in handle_exception
    server_error = self.ensure_sync(handler)(server_error)
                   ^^^^^^^^^^^^^^^^^^^^^^^^^^^^^^^^^^^^^^^
  File "D:\Copilot_Project\notion_news\web_app.py", line 546, in internal_error
    logger.error(f"ºÏ¸¶Å© È®ÀÎ API ¿À·ù: {str(e)}")
       ^^^^^^^^^^^^^^^^^^^^^^^^^^^^^^^^^^^^^^^^^^^^
  File "C:\Python\Lib\site-packages\flask\templating.py", line 150, in render_template
    template = app.jinja_env.get_or_select_template(template_name_or_list)
               ^^^^^^^^^^^^^^^^^^^^^^^^^^^^^^^^^^^^^^^^^^^^^^^^^^^^^^^^^^^
  File "C:\Python\Lib\site-packages\jinja2\environment.py", line 1087, in get_or_select_template
    return self.get_template(template_name_or_list, parent, globals)
           ^^^^^^^^^^^^^^^^^^^^^^^^^^^^^^^^^^^^^^^^^^^^^^^^^^^^^^^^^
  File "C:\Python\Lib\site-packages\jinja2\environment.py", line 1016, in get_template
    return self._load_template(name, globals)
           ^^^^^^^^^^^^^^^^^^^^^^^^^^^^^^^^^^
  File "C:\Python\Lib\site-packages\jinja2\environment.py", line 975, in _load_template
    template = self.loader.load(self, name, self.make_globals(globals))
               ^^^^^^^^^^^^^^^^^^^^^^^^^^^^^^^^^^^^^^^^^^^^^^^^^^^^^^^^
  File "C:\Python\Lib\site-packages\jinja2\loaders.py", line 126, in load
    source, filename, uptodate = self.get_source(environment, name)
                                 ^^^^^^^^^^^^^^^^^^^^^^^^^^^^^^^^^^
  File "C:\Python\Lib\site-packages\flask\templating.py", line 64, in get_source
    return self._get_source_fast(environment, template)
           ^^^^^^^^^^^^^^^^^^^^^^^^^^^^^^^^^^^^^^^^^^^^
  File "C:\Python\Lib\site-packages\flask\templating.py", line 98, in _get_source_fast
    raise TemplateNotFound(template)
jinja2.exceptions.TemplateNotFound: 500.html
2026-02-19 14:18:16,596 - werkzeug - INFO - 127.0.0.1 - - [19/Feb/2026 14:18:16] "GET /socket.io/?EIO=4&transport=polling&t=PnqLQRQ&sid=l28PMhY_3XAFd8ZDAAA6 HTTP/1.1" 200 -
2026-02-19 14:18:17,078 - web_app - INFO - Å¬¶óÀÌ¾ðÆ® ¿¬°áÀÌ ÇØÁ¦µÇ¾ú½À´Ï´Ù
2026-02-19 14:18:17,108 - werkzeug - INFO - 127.0.0.1 - - [19/Feb/2026 14:18:17] "GET / HTTP/1.1" 200 -
2026-02-19 14:18:17,813 - werkzeug - INFO - 127.0.0.1 - - [19/Feb/2026 14:18:17] "GET /api/article/1 HTTP/1.1" 200 -
2026-02-19 14:18:19,798 - werkzeug - INFO - 127.0.0.1 - - [19/Feb/2026 14:18:19] "GET /socket.io/?EIO=4&transport=websocket&sid=l28PMhY_3XAFd8ZDAAA6 HTTP/1.1" 200 -
2026-02-19 14:18:20,114 - werkzeug - INFO - 127.0.0.1 - - [19/Feb/2026 14:18:20] "[36mGET /static/script.js HTTP/1.1[0m" 304 -
2026-02-19 14:18:20,114 - werkzeug - INFO - 127.0.0.1 - - [19/Feb/2026 14:18:20] "[36mGET /static/style.css HTTP/1.1[0m" 304 -
2026-02-19 14:18:20,133 - werkzeug - INFO - 127.0.0.1 - - [19/Feb/2026 14:18:20] "GET /socket.io/?EIO=4&transport=polling&t=PnqLRNf HTTP/1.1" 200 -
2026-02-19 14:18:20,145 - web_app - ERROR - Åë°è API ¿À·ù: 'int' object has no attribute 'label'
2026-02-19 14:18:20,146 - werkzeug - INFO - 127.0.0.1 - - [19/Feb/2026 14:18:20] "[35m[1mGET /api/stats HTTP/1.1[0m" 500 -
2026-02-19 14:18:20,499 - web_app - INFO - Å¬¶óÀÌ¾ðÆ®°¡ ¿¬°áµÇ¾ú½À´Ï´Ù
2026-02-19 14:18:20,501 - werkzeug - INFO - 127.0.0.1 - - [19/Feb/2026 14:18:20] "GET /socket.io/?EIO=4&transport=polling&t=PnqLROJ&sid=7IasDvmSohH7aitmAAA8 HTTP/1.1" 200 -
2026-02-19 14:18:20,501 - werkzeug - INFO - 127.0.0.1 - - [19/Feb/2026 14:18:20] "POST /socket.io/?EIO=4&transport=polling&t=PnqLROH&sid=7IasDvmSohH7aitmAAA8 HTTP/1.1" 200 -
2026-02-19 14:18:20,736 - web_app - ERROR - Exception on /favicon.ico [GET]
Traceback (most recent call last):
  File "C:\Python\Lib\site-packages\flask\app.py", line 1484, in full_dispatch_request
    rv = self.dispatch_request()
         ^^^^^^^^^^^^^^^^^^^^^^^
  File "C:\Python\Lib\site-packages\flask\app.py", line 1458, in dispatch_request
    self.raise_routing_exception(req)
  File "C:\Python\Lib\site-packages\flask\app.py", line 1440, in raise_routing_exception
    raise request.routing_exception  # type: ignore
    ^^^^^^^^^^^^^^^^^^^^^^^^^^^^^^^
  File "C:\Python\Lib\site-packages\flask\ctx.py", line 353, in match_request
    result = self.url_adapter.match(return_rule=True)  # type: ignore
             ^^^^^^^^^^^^^^^^^^^^^^^^^^^^^^^^^^^^^^^^
  File "C:\Python\Lib\site-packages\werkzeug\routing\map.py", line 629, in match
    raise NotFound() from None
werkzeug.exceptions.NotFound: 404 Not Found: The requested URL was not found on the server. If you entered the URL manually please check your spelling and try again.

During handling of the above exception, another exception occurred:

Traceback (most recent call last):
  File "C:\Python\Lib\site-packages\flask\app.py", line 2190, in wsgi_app
    response = self.full_dispatch_request()
               ^^^^^^^^^^^^^^^^^^^^^^^^^^^^
  File "C:\Python\Lib\site-packages\flask\app.py", line 1486, in full_dispatch_request
    rv = self.handle_user_exception(e)
         ^^^^^^^^^^^^^^^^^^^^^^^^^^^^^
  File "C:\Python\Lib\site-packages\flask_cors\extension.py", line 176, in wrapped_function
    return cors_after_request(app.make_response(f(*args, **kwargs)))
                                                ^^^^^^^^^^^^^^^^^^
  File "C:\Python\Lib\site-packages\flask\app.py", line 1341, in handle_user_exception
    return self.handle_http_exception(e)
           ^^^^^^^^^^^^^^^^^^^^^^^^^^^^^
  File "C:\Python\Lib\site-packages\flask\app.py", line 1281, in handle_http_exception
    return self.ensure_sync(handler)(e)
           ^^^^^^^^^^^^^^^^^^^^^^^^^^^^
  File "D:\Copilot_Project\notion_news\web_app.py", line 540, in not_found
    return jsonify({
       ^^^^^^^^^^^^^^
  File "C:\Python\Lib\site-packages\flask\templating.py", line 150, in render_template
    template = app.jinja_env.get_or_select_template(template_name_or_list)
               ^^^^^^^^^^^^^^^^^^^^^^^^^^^^^^^^^^^^^^^^^^^^^^^^^^^^^^^^^^^
  File "C:\Python\Lib\site-packages\jinja2\environment.py", line 1087, in get_or_select_template
    return self.get_template(template_name_or_list, parent, globals)
           ^^^^^^^^^^^^^^^^^^^^^^^^^^^^^^^^^^^^^^^^^^^^^^^^^^^^^^^^^
  File "C:\Python\Lib\site-packages\jinja2\environment.py", line 1016, in get_template
    return self._load_template(name, globals)
           ^^^^^^^^^^^^^^^^^^^^^^^^^^^^^^^^^^
  File "C:\Python\Lib\site-packages\jinja2\environment.py", line 975, in _load_template
    template = self.loader.load(self, name, self.make_globals(globals))
               ^^^^^^^^^^^^^^^^^^^^^^^^^^^^^^^^^^^^^^^^^^^^^^^^^^^^^^^^
  File "C:\Python\Lib\site-packages\jinja2\loaders.py", line 126, in load
    source, filename, uptodate = self.get_source(environment, name)
                                 ^^^^^^^^^^^^^^^^^^^^^^^^^^^^^^^^^^
  File "C:\Python\Lib\site-packages\flask\templating.py", line 64, in get_source
    return self._get_source_fast(environment, template)
           ^^^^^^^^^^^^^^^^^^^^^^^^^^^^^^^^^^^^^^^^^^^^
  File "C:\Python\Lib\site-packages\flask\templating.py", line 98, in _get_source_fast
    raise TemplateNotFound(template)
jinja2.exceptions.TemplateNotFound: 404.html
2026-02-19 14:18:20,736 - web_app - ERROR - ¼­¹ö ³»ºÎ ¿À·ù: 500 Internal Server Error: The server encountered an internal error and was unable to complete your request. Either the server is overloaded or there is an error in the application.
2026-02-19 14:18:20,736 - werkzeug - INFO - 127.0.0.1 - - [19/Feb/2026 14:18:20] "[35m[1mGET /favicon.ico HTTP/1.1[0m" 500 -
2026-02-19 14:18:20,753 - werkzeug - ERROR - Error on request:
Traceback (most recent call last):
  File "C:\Python\Lib\site-packages\flask\app.py", line 1484, in full_dispatch_request
    rv = self.dispatch_request()
         ^^^^^^^^^^^^^^^^^^^^^^^
  File "C:\Python\Lib\site-packages\flask\app.py", line 1458, in dispatch_request
    self.raise_routing_exception(req)
  File "C:\Python\Lib\site-packages\flask\app.py", line 1440, in raise_routing_exception
    raise request.routing_exception  # type: ignore
  File "C:\Python\Lib\site-packages\flask\ctx.py", line 353, in match_request
    result = self.url_adapter.match(return_rule=True)  # type: ignore
             ^^^^^^^^^^^^^^^^^^^^^^^^^^^^^^^^^^^^^^^^^^^^^^^^^^^^^^^^
  File "C:\Python\Lib\site-packages\werkzeug\routing\map.py", line 629, in match
    raise NotFound() from None
werkzeug.exceptions.NotFound: 404 Not Found: The requested URL was not found on the server. If you entered the URL manually please check your spelling and try again.

During handling of the above exception, another exception occurred:

Traceback (most recent call last):
  File "C:\Python\Lib\site-packages\flask\app.py", line 2190, in wsgi_app
    response = self.full_dispatch_request()
               ^^^^^^^^^^^^^^^^^^^^^^^^^^^^
  File "C:\Python\Lib\site-packages\flask\app.py", line 1486, in full_dispatch_request
    rv = self.handle_user_exception(e)
         ^^^^^^^^^^^^^^^^^^^^^^^^^^^^^
  File "C:\Python\Lib\site-packages\flask_cors\extension.py", line 176, in wrapped_function
    return cors_after_request(app.make_response(f(*args, **kwargs)))
                                                ^^^^^^^^^^^^^^^^^^^^
  File "C:\Python\Lib\site-packages\flask\app.py", line 1341, in handle_user_exception
    return self.handle_http_exception(e)
           ^^^^^^^^^^^^^^^^^^^^^^^^^^^^^
  File "C:\Python\Lib\site-packages\flask\app.py", line 1281, in handle_http_exception
    return self.ensure_sync(handler)(e)
           ^^^^^^^^^^^^^^^^^^^^^^^^^^^^
  File "D:\Copilot_Project\notion_news\web_app.py", line 540, in not_found
    return jsonify({
       ^^^^^^^^^^^^^
  File "C:\Python\Lib\site-packages\flask\templating.py", line 150, in render_template
    template = app.jinja_env.get_or_select_template(template_name_or_list)
               ^^^^^^^^^^^^^^^^^^^^^^^^^^^^^^^^^^^^^^^^^^^^^^^^^^^^^^^^^^^
  File "C:\Python\Lib\site-packages\jinja2\environment.py", line 1087, in get_or_select_template
    return self.get_template(template_name_or_list, parent, globals)
           ^^^^^^^^^^^^^^^^^^^^^^^^^^^^^^^^^^^^^^^^^^^^^^^^^^^^^^^^^
  File "C:\Python\Lib\site-packages\jinja2\environment.py", line 1016, in get_template
    return self._load_template(name, globals)
           ^^^^^^^^^^^^^^^^^^^^^^^^^^^^^^^^^^
  File "C:\Python\Lib\site-packages\jinja2\environment.py", line 975, in _load_template
    template = self.loader.load(self, name, self.make_globals(globals))
               ^^^^^^^^^^^^^^^^^^^^^^^^^^^^^^^^^^^^^^^^^^^^^^^^^^^^^^^^
  File "C:\Python\Lib\site-packages\jinja2\loaders.py", line 126, in load
    source, filename, uptodate = self.get_source(environment, name)
                                 ^^^^^^^^^^^^^^^^^^^^^^^^^^^^^^^^^^
  File "C:\Python\Lib\site-packages\flask\templating.py", line 64, in get_source
    return self._get_source_fast(environment, template)
           ^^^^^^^^^^^^^^^^^^^^^^^^^^^^^^^^^^^^^^^^^^^^
  File "C:\Python\Lib\site-packages\flask\templating.py", line 98, in _get_source_fast
    raise TemplateNotFound(template)
jinja2.exceptions.TemplateNotFound: 404.html

During handling of the above exception, another exception occurred:

Traceback (most recent call last):
  File "C:\Python\Lib\site-packages\werkzeug\serving.py", line 370, in run_wsgi
    execute(self.server.app)
  File "C:\Python\Lib\site-packages\werkzeug\serving.py", line 331, in execute
    application_iter = app(environ, start_response)
                       ^^^^^^^^^^^^^^^^^^^^^^^^^^^^
  File "C:\Python\Lib\site-packages\flask\app.py", line 2213, in __call__
    return self.wsgi_app(environ, start_response)
           ^^^^^^^^^^^^^^^^^^^^^^^^^^^^^^^^^^^^^^
  File "C:\Python\Lib\site-packages\flask_socketio\__init__.py", line 43, in __call__
    return super(_SocketIOMiddleware, self).__call__(environ,
           ^^^^^^^^^^^^^^^^^^^^^^^^^^^^^^^^^^^^^^^^^^^^^^^^^^
  File "C:\Python\Lib\site-packages\engineio\middleware.py", line 74, in __call__
    return self.wsgi_app(environ, start_response)
           ^^^^^^^^^^^^^^^^^^^^^^^^^^^^^^^^^^^^^^
  File "C:\Python\Lib\site-packages\flask\app.py", line 2193, in wsgi_app
    response = self.handle_exception(e)
               ^^^^^^^^^^^^^^^^^^^^^^^^
  File "C:\Python\Lib\site-packages\flask_cors\extension.py", line 176, in wrapped_function
    return cors_after_request(app.make_response(f(*args, **kwargs)))
                                                ^^^^^^^^^^^^^^^^^^^^
  File "C:\Python\Lib\site-packages\flask\app.py", line 1399, in handle_exception
    server_error = self.ensure_sync(handler)(server_error)
                   ^^^^^^^^^^^^^^^^^^^^^^^^^^^^^^^^^^^^^^^
  File "D:\Copilot_Project\notion_news\web_app.py", line 546, in internal_error
    logger.error(f"ºÏ¸¶Å© È®ÀÎ API ¿À·ù: {str(e)}")
       ^^^^^^^^^^^^^^^^^^^^^^^^^^^^^^^^^^^^^^^^^^^^
  File "C:\Python\Lib\site-packages\flask\templating.py", line 150, in render_template
    template = app.jinja_env.get_or_select_template(template_name_or_list)
               ^^^^^^^^^^^^^^^^^^^^^^^^^^^^^^^^^^^^^^^^^^^^^^^^^^^^^^^^^^^
  File "C:\Python\Lib\site-packages\jinja2\environment.py", line 1087, in get_or_select_template
    return self.get_template(template_name_or_list, parent, globals)
           ^^^^^^^^^^^^^^^^^^^^^^^^^^^^^^^^^^^^^^^^^^^^^^^^^^^^^^^^^
  File "C:\Python\Lib\site-packages\jinja2\environment.py", line 1016, in get_template
    return self._load_template(name, globals)
           ^^^^^^^^^^^^^^^^^^^^^^^^^^^^^^^^^^
  File "C:\Python\Lib\site-packages\jinja2\environment.py", line 975, in _load_template
    template = self.loader.load(self, name, self.make_globals(globals))
               ^^^^^^^^^^^^^^^^^^^^^^^^^^^^^^^^^^^^^^^^^^^^^^^^^^^^^^^^
  File "C:\Python\Lib\site-packages\jinja2\loaders.py", line 126, in load
    source, filename, uptodate = self.get_source(environment, name)
                                 ^^^^^^^^^^^^^^^^^^^^^^^^^^^^^^^^^^
  File "C:\Python\Lib\site-packages\flask\templating.py", line 64, in get_source
    return self._get_source_fast(environment, template)
           ^^^^^^^^^^^^^^^^^^^^^^^^^^^^^^^^^^^^^^^^^^^^
  File "C:\Python\Lib\site-packages\flask\templating.py", line 98, in _get_source_fast
    raise TemplateNotFound(template)
jinja2.exceptions.TemplateNotFound: 500.html
2026-02-19 14:18:20,778 - werkzeug - INFO - 127.0.0.1 - - [19/Feb/2026 14:18:20] "GET /socket.io/?EIO=4&transport=polling&t=PnqLRTT&sid=7IasDvmSohH7aitmAAA8 HTTP/1.1" 200 -
2026-02-19 14:20:06,073 - werkzeug - INFO - 127.0.0.1 - - [19/Feb/2026 14:20:06] "GET /api/articles?limit=3 HTTP/1.1" 200 -
2026-02-19 14:23:51,826 - captain_security - INFO - Captain DDandDan ÃÖ°í º¸¾È ½Ã½ºÅÛ ÃÊ±âÈ­ ¿Ï·á
2026-02-19 14:23:51,840 - __main__ - INFO - À¥ ¼­¹ö ½ÃÀÛ: http://0.0.0.0:5000
2026-02-19 14:23:52,247 - werkzeug - INFO - [31m[1mWARNING: This is a development server. Do not use it in a production deployment. Use a production WSGI server instead.[0m
 * Running on all addresses (0.0.0.0)
 * Running on http://127.0.0.1:5000
 * Running on http://172.30.1.5:5000
2026-02-19 14:23:52,247 - werkzeug - INFO - [33mPress CTRL+C to quit[0m
2026-02-19 14:24:33,563 - web_app - INFO - Å¬¶óÀÌ¾ðÆ® ¿¬°áÀÌ ÇØÁ¦µÇ¾ú½À´Ï´Ù
2026-02-19 14:24:33,564 - werkzeug - INFO - 127.0.0.1 - - [19/Feb/2026 14:24:33] "GET /socket.io/?EIO=4&transport=websocket&sid=7IasDvmSohH7aitmAAA8 HTTP/1.1" 200 -
2026-02-19 14:24:33,874 - werkzeug - INFO - 127.0.0.1 - - [19/Feb/2026 14:24:33] "GET / HTTP/1.1" 200 -
2026-02-19 14:24:33,893 - werkzeug - INFO - 127.0.0.1 - - [19/Feb/2026 14:24:33] "[36mGET /static/style.css HTTP/1.1[0m" 304 -
2026-02-19 14:24:34,127 - werkzeug - INFO - 127.0.0.1 - - [19/Feb/2026 14:24:34] "[36mGET /static/script.js HTTP/1.1[0m" 304 -
2026-02-19 14:24:34,446 - werkzeug - INFO - 127.0.0.1 - - [19/Feb/2026 14:24:34] "GET /socket.io/?EIO=4&transport=polling&t=PnqMshP HTTP/1.1" 200 -
2026-02-19 14:24:34,447 - web_app - ERROR - Åë°è API ¿À·ù: 'int' object has no attribute 'label'
2026-02-19 14:24:34,449 - werkzeug - INFO - 127.0.0.1 - - [19/Feb/2026 14:24:34] "[35m[1mGET /api/stats HTTP/1.1[0m" 500 -
2026-02-19 14:24:35,549 - web_app - INFO - Å¬¶óÀÌ¾ðÆ®°¡ ¿¬°áµÇ¾ú½À´Ï´Ù
2026-02-19 14:24:35,551 - werkzeug - INFO - 127.0.0.1 - - [19/Feb/2026 14:24:35] "POST /socket.io/?EIO=4&transport=polling&t=PnqMt1P&sid=S6vEvc32vNyFf8ZHAAA- HTTP/1.1" 200 -
2026-02-19 14:24:35,862 - werkzeug - INFO - 127.0.0.1 - - [19/Feb/2026 14:24:35] "GET /socket.io/?EIO=4&transport=polling&t=PnqMt1T&sid=S6vEvc32vNyFf8ZHAAA- HTTP/1.1" 200 -
2026-02-19 14:24:35,875 - web_app - ERROR - Exception on /favicon.ico [GET]
Traceback (most recent call last):
  File "C:\Python\Lib\site-packages\flask\app.py", line 1484, in full_dispatch_request
    rv = self.dispatch_request()
         ^^^^^^^^^^^^^^^^^^^^^^^
  File "C:\Python\Lib\site-packages\flask\app.py", line 1458, in dispatch_request
    self.raise_routing_exception(req)
  File "C:\Python\Lib\site-packages\flask\app.py", line 1440, in raise_routing_exception
    raise request.routing_exception  # type: ignore
    ^^^^^^^^^^^^^^^^^^^^^^^^^^^^^^^
  File "C:\Python\Lib\site-packages\flask\ctx.py", line 353, in match_request
    result = self.url_adapter.match(return_rule=True)  # type: ignore
             ^^^^^^^^^^^^^^^^^^^^^^^^^^^^^^^^^^^^^^^^
  File "C:\Python\Lib\site-packages\werkzeug\routing\map.py", line 629, in match
    raise NotFound() from None
werkzeug.exceptions.NotFound: 404 Not Found: The requested URL was not found on the server. If you entered the URL manually please check your spelling and try again.

During handling of the above exception, another exception occurred:

Traceback (most recent call last):
  File "C:\Python\Lib\site-packages\flask\app.py", line 2190, in wsgi_app
    response = self.full_dispatch_request()
               ^^^^^^^^^^^^^^^^^^^^^^^^^^^^
  File "C:\Python\Lib\site-packages\flask\app.py", line 1486, in full_dispatch_request
    rv = self.handle_user_exception(e)
         ^^^^^^^^^^^^^^^^^^^^^^^^^^^^^
  File "C:\Python\Lib\site-packages\flask_cors\extension.py", line 176, in wrapped_function
    return cors_after_request(app.make_response(f(*args, **kwargs)))
                                                ^^^^^^^^^^^^^^^^^^
  File "C:\Python\Lib\site-packages\flask\app.py", line 1341, in handle_user_exception
    return self.handle_http_exception(e)
           ^^^^^^^^^^^^^^^^^^^^^^^^^^^^^
  File "C:\Python\Lib\site-packages\flask\app.py", line 1281, in handle_http_exception
    return self.ensure_sync(handler)(e)
           ^^^^^^^^^^^^^^^^^^^^^^^^^^^^
  File "D:\Copilot_Project\notion_news\web_app.py", line 540, in not_found
    return jsonify({
       ^^^^^^^^^^^^^^
  File "C:\Python\Lib\site-packages\flask\templating.py", line 150, in render_template
    template = app.jinja_env.get_or_select_template(template_name_or_list)
               ^^^^^^^^^^^^^^^^^^^^^^^^^^^^^^^^^^^^^^^^^^^^^^^^^^^^^^^^^^^
  File "C:\Python\Lib\site-packages\jinja2\environment.py", line 1087, in get_or_select_template
    return self.get_template(template_name_or_list, parent, globals)
           ^^^^^^^^^^^^^^^^^^^^^^^^^^^^^^^^^^^^^^^^^^^^^^^^^^^^^^^^^
  File "C:\Python\Lib\site-packages\jinja2\environment.py", line 1016, in get_template
    return self._load_template(name, globals)
           ^^^^^^^^^^^^^^^^^^^^^^^^^^^^^^^^^^
  File "C:\Python\Lib\site-packages\jinja2\environment.py", line 975, in _load_template
    template = self.loader.load(self, name, self.make_globals(globals))
               ^^^^^^^^^^^^^^^^^^^^^^^^^^^^^^^^^^^^^^^^^^^^^^^^^^^^^^^^
  File "C:\Python\Lib\site-packages\jinja2\loaders.py", line 126, in load
    source, filename, uptodate = self.get_source(environment, name)
                                 ^^^^^^^^^^^^^^^^^^^^^^^^^^^^^^^^^^
  File "C:\Python\Lib\site-packages\flask\templating.py", line 64, in get_source
    return self._get_source_fast(environment, template)
           ^^^^^^^^^^^^^^^^^^^^^^^^^^^^^^^^^^^^^^^^^^^^
  File "C:\Python\Lib\site-packages\flask\templating.py", line 98, in _get_source_fast
    raise TemplateNotFound(template)
jinja2.exceptions.TemplateNotFound: 404.html
2026-02-19 14:24:35,881 - web_app - ERROR - ¼­¹ö ³»ºÎ ¿À·ù: 500 Internal Server Error: The server encountered an internal error and was unable to complete your request. Either the server is overloaded or there is an error in the application.
2026-02-19 14:24:35,884 - werkzeug - INFO - 127.0.0.1 - - [19/Feb/2026 14:24:35] "[35m[1mGET /favicon.ico HTTP/1.1[0m" 500 -
2026-02-19 14:24:35,895 - werkzeug - ERROR - Error on request:
Traceback (most recent call last):
  File "C:\Python\Lib\site-packages\flask\app.py", line 1484, in full_dispatch_request
    rv = self.dispatch_request()
         ^^^^^^^^^^^^^^^^^^^^^^^
  File "C:\Python\Lib\site-packages\flask\app.py", line 1458, in dispatch_request
    self.raise_routing_exception(req)
  File "C:\Python\Lib\site-packages\flask\app.py", line 1440, in raise_routing_exception
    raise request.routing_exception  # type: ignore
  File "C:\Python\Lib\site-packages\flask\ctx.py", line 353, in match_request
    result = self.url_adapter.match(return_rule=True)  # type: ignore
             ^^^^^^^^^^^^^^^^^^^^^^^^^^^^^^^^^^^^^^^^^^^^^^^^^^^^^^^^
  File "C:\Python\Lib\site-packages\werkzeug\routing\map.py", line 629, in match
    raise NotFound() from None
werkzeug.exceptions.NotFound: 404 Not Found: The requested URL was not found on the server. If you entered the URL manually please check your spelling and try again.

During handling of the above exception, another exception occurred:

Traceback (most recent call last):
  File "C:\Python\Lib\site-packages\flask\app.py", line 2190, in wsgi_app
    response = self.full_dispatch_request()
               ^^^^^^^^^^^^^^^^^^^^^^^^^^^^
  File "C:\Python\Lib\site-packages\flask\app.py", line 1486, in full_dispatch_request
    rv = self.handle_user_exception(e)
         ^^^^^^^^^^^^^^^^^^^^^^^^^^^^^
  File "C:\Python\Lib\site-packages\flask_cors\extension.py", line 176, in wrapped_function
    return cors_after_request(app.make_response(f(*args, **kwargs)))
                                                ^^^^^^^^^^^^^^^^^^^^
  File "C:\Python\Lib\site-packages\flask\app.py", line 1341, in handle_user_exception
    return self.handle_http_exception(e)
           ^^^^^^^^^^^^^^^^^^^^^^^^^^^^^
  File "C:\Python\Lib\site-packages\flask\app.py", line 1281, in handle_http_exception
    return self.ensure_sync(handler)(e)
           ^^^^^^^^^^^^^^^^^^^^^^^^^^^^
  File "D:\Copilot_Project\notion_news\web_app.py", line 540, in not_found
    return jsonify({
       ^^^^^^^^^^^^^
  File "C:\Python\Lib\site-packages\flask\templating.py", line 150, in render_template
    template = app.jinja_env.get_or_select_template(template_name_or_list)
               ^^^^^^^^^^^^^^^^^^^^^^^^^^^^^^^^^^^^^^^^^^^^^^^^^^^^^^^^^^^
  File "C:\Python\Lib\site-packages\jinja2\environment.py", line 1087, in get_or_select_template
    return self.get_template(template_name_or_list, parent, globals)
           ^^^^^^^^^^^^^^^^^^^^^^^^^^^^^^^^^^^^^^^^^^^^^^^^^^^^^^^^^
  File "C:\Python\Lib\site-packages\jinja2\environment.py", line 1016, in get_template
    return self._load_template(name, globals)
           ^^^^^^^^^^^^^^^^^^^^^^^^^^^^^^^^^^
  File "C:\Python\Lib\site-packages\jinja2\environment.py", line 975, in _load_template
    template = self.loader.load(self, name, self.make_globals(globals))
               ^^^^^^^^^^^^^^^^^^^^^^^^^^^^^^^^^^^^^^^^^^^^^^^^^^^^^^^^
  File "C:\Python\Lib\site-packages\jinja2\loaders.py", line 126, in load
    source, filename, uptodate = self.get_source(environment, name)
                                 ^^^^^^^^^^^^^^^^^^^^^^^^^^^^^^^^^^
  File "C:\Python\Lib\site-packages\flask\templating.py", line 64, in get_source
    return self._get_source_fast(environment, template)
           ^^^^^^^^^^^^^^^^^^^^^^^^^^^^^^^^^^^^^^^^^^^^
  File "C:\Python\Lib\site-packages\flask\templating.py", line 98, in _get_source_fast
    raise TemplateNotFound(template)
jinja2.exceptions.TemplateNotFound: 404.html

During handling of the above exception, another exception occurred:

Traceback (most recent call last):
  File "C:\Python\Lib\site-packages\werkzeug\serving.py", line 370, in run_wsgi
    execute(self.server.app)
  File "C:\Python\Lib\site-packages\werkzeug\serving.py", line 331, in execute
    application_iter = app(environ, start_response)
                       ^^^^^^^^^^^^^^^^^^^^^^^^^^^^
  File "C:\Python\Lib\site-packages\flask\app.py", line 2213, in __call__
    return self.wsgi_app(environ, start_response)
           ^^^^^^^^^^^^^^^^^^^^^^^^^^^^^^^^^^^^^^
  File "C:\Python\Lib\site-packages\flask_socketio\__init__.py", line 43, in __call__
    return super(_SocketIOMiddleware, self).__call__(environ,
           ^^^^^^^^^^^^^^^^^^^^^^^^^^^^^^^^^^^^^^^^^^^^^^^^^^
  File "C:\Python\Lib\site-packages\engineio\middleware.py", line 74, in __call__
    return self.wsgi_app(environ, start_response)
           ^^^^^^^^^^^^^^^^^^^^^^^^^^^^^^^^^^^^^^
  File "C:\Python\Lib\site-packages\flask\app.py", line 2193, in wsgi_app
    response = self.handle_exception(e)
               ^^^^^^^^^^^^^^^^^^^^^^^^
  File "C:\Python\Lib\site-packages\flask_cors\extension.py", line 176, in wrapped_function
    return cors_after_request(app.make_response(f(*args, **kwargs)))
                                                ^^^^^^^^^^^^^^^^^^^^
  File "C:\Python\Lib\site-packages\flask\app.py", line 1399, in handle_exception
    server_error = self.ensure_sync(handler)(server_error)
                   ^^^^^^^^^^^^^^^^^^^^^^^^^^^^^^^^^^^^^^^
  File "D:\Copilot_Project\notion_news\web_app.py", line 546, in internal_error
    logger.error(f"ºÏ¸¶Å© È®ÀÎ API ¿À·ù: {str(e)}")
       ^^^^^^^^^^^^^^^^^^^^^^^^^^^^^^^^^^^^^^^^^^^^
  File "C:\Python\Lib\site-packages\flask\templating.py", line 150, in render_template
    template = app.jinja_env.get_or_select_template(template_name_or_list)
               ^^^^^^^^^^^^^^^^^^^^^^^^^^^^^^^^^^^^^^^^^^^^^^^^^^^^^^^^^^^
  File "C:\Python\Lib\site-packages\jinja2\environment.py", line 1087, in get_or_select_template
    return self.get_template(template_name_or_list, parent, globals)
           ^^^^^^^^^^^^^^^^^^^^^^^^^^^^^^^^^^^^^^^^^^^^^^^^^^^^^^^^^
  File "C:\Python\Lib\site-packages\jinja2\environment.py", line 1016, in get_template
    return self._load_template(name, globals)
           ^^^^^^^^^^^^^^^^^^^^^^^^^^^^^^^^^^
  File "C:\Python\Lib\site-packages\jinja2\environment.py", line 975, in _load_template
    template = self.loader.load(self, name, self.make_globals(globals))
               ^^^^^^^^^^^^^^^^^^^^^^^^^^^^^^^^^^^^^^^^^^^^^^^^^^^^^^^^
  File "C:\Python\Lib\site-packages\jinja2\loaders.py", line 126, in load
    source, filename, uptodate = self.get_source(environment, name)
                                 ^^^^^^^^^^^^^^^^^^^^^^^^^^^^^^^^^^
  File "C:\Python\Lib\site-packages\flask\templating.py", line 64, in get_source
    return self._get_source_fast(environment, template)
           ^^^^^^^^^^^^^^^^^^^^^^^^^^^^^^^^^^^^^^^^^^^^
  File "C:\Python\Lib\site-packages\flask\templating.py", line 98, in _get_source_fast
    raise TemplateNotFound(template)
jinja2.exceptions.TemplateNotFound: 500.html
2026-02-19 14:24:36,245 - werkzeug - INFO - 127.0.0.1 - - [19/Feb/2026 14:24:36] "GET /socket.io/?EIO=4&transport=polling&t=PnqMt7a&sid=S6vEvc32vNyFf8ZHAAA- HTTP/1.1" 200 -
2026-02-19 14:24:39,677 - web_app - INFO - ¾Ë¸² Àü¼Û: ´º½º Å©·Ñ¸µÀ» ½ÃÀÛÇÕ´Ï´Ù...
2026-02-19 14:24:39,678 - news_crawler - INFO - ¹ÝµµÃ¼ ´º½º Å©·Ñ¸µ ½ÃÀÛ...
2026-02-19 14:24:39,678 - news_crawler - INFO - EE Times¿¡¼­ ´º½º ¼öÁý Áß...
2026-02-19 14:24:56,039 - news_crawler - ERROR - EE Times Å©·Ñ¸µ ½ÇÆÐ: HTTPSConnectionPool(host='www.eetimes.com', port=443): Read timed out. (read timeout=15)
2026-02-19 14:24:58,041 - news_crawler - INFO - ÀüÀÚ½Å¹®¿¡¼­ ´º½º ¼öÁý Áß...
2026-02-19 14:24:59,002 - news_crawler - INFO - ÀüÀÚ½Å¹®¿¡¼­ 0°³ ±â»ç ¼öÁý ¿Ï·á
2026-02-19 14:25:01,004 - news_crawler - INFO - Semiconductor Engineering¿¡¼­ ´º½º ¼öÁý Áß...
2026-02-19 14:25:03,707 - news_crawler - INFO - Semiconductor Engineering¿¡¼­ 0°³ ±â»ç ¼öÁý ¿Ï·á
2026-02-19 14:25:05,711 - news_crawler - INFO - AnandTech¿¡¼­ ´º½º ¼öÁý Áß...
2026-02-19 14:25:09,080 - news_crawler - INFO - AnandTech¿¡¼­ 0°³ ±â»ç ¼öÁý ¿Ï·á
2026-02-19 14:25:11,083 - news_crawler - INFO - Tom's Hardware¿¡¼­ ´º½º ¼öÁý Áß...
2026-02-19 14:25:15,676 - news_crawler - ERROR - Tom's Hardware Å©·Ñ¸µ ½ÇÆÐ: 404 Client Error: Not Found for url: https://www.tomshardware.com/news/tag/semiconductors
2026-02-19 14:25:17,677 - news_crawler - INFO - µðÁöÅÐÅ¸ÀÓ½º¿¡¼­ ´º½º ¼öÁý Áß...
2026-02-19 14:25:18,679 - news_crawler - ERROR - µðÁöÅÐÅ¸ÀÓ½º Å©·Ñ¸µ ½ÇÆÐ: 404 Client Error: Not Found for url: https://www.dt.co.kr:443/contents.html?article_no=2021020302109976601002
2026-02-19 14:25:20,680 - news_crawler - INFO - TechCrunch¿¡¼­ ´º½º ¼öÁý Áß...
2026-02-19 14:25:21,813 - news_crawler - INFO - TechCrunch¿¡¼­ 0°³ ±â»ç ¼öÁý ¿Ï·á
2026-02-19 14:25:23,815 - news_crawler - INFO - IEEE Spectrum¿¡¼­ ´º½º ¼öÁý Áß...
2026-02-19 14:25:25,124 - news_crawler - INFO - IEEE Spectrum¿¡¼­ 0°³ ±â»ç ¼öÁý ¿Ï·á
2026-02-19 14:25:27,126 - news_crawler - INFO - The Register¿¡¼­ ´º½º ¼öÁý Áß...
2026-02-19 14:25:28,205 - news_crawler - ERROR - The Register Å©·Ñ¸µ ½ÇÆÐ: 404 Client Error: Not Found for url: https://www.theregister.com/hardware/semiconductors/
2026-02-19 14:25:30,217 - news_crawler - INFO - Nikkei Asia¿¡¼­ ´º½º ¼öÁý Áß...
2026-02-19 14:25:32,587 - news_crawler - INFO - Nikkei Asia¿¡¼­ 0°³ ±â»ç ¼öÁý ¿Ï·á
2026-02-19 14:25:34,594 - news_crawler - INFO - ÃÑ 0°³ÀÇ °íÀ¯ ±â»ç ¼öÁý ¿Ï·á
2026-02-19 14:25:34,594 - web_app - INFO - ¾Ë¸² Àü¼Û: 0°³ÀÇ »õ·Î¿î ±â»ç¸¦ Ãß°¡Çß½À´Ï´Ù.
2026-02-19 14:25:34,613 - werkzeug - INFO - 127.0.0.1 - - [19/Feb/2026 14:25:34] "POST /api/crawl HTTP/1.1" 200 -
2026-02-19 14:25:34,918 - web_app - ERROR - Åë°è API ¿À·ù: 'int' object has no attribute 'label'
2026-02-19 14:25:34,918 - werkzeug - INFO - 127.0.0.1 - - [19/Feb/2026 14:25:34] "[35m[1mGET /api/stats HTTP/1.1[0m" 500 -
2026-02-19 14:25:35,250 - web_app - ERROR - Åë°è API ¿À·ù: 'int' object has no attribute 'label'
2026-02-19 14:25:35,254 - werkzeug - INFO - 127.0.0.1 - - [19/Feb/2026 14:25:35] "[35m[1mGET /api/stats HTTP/1.1[0m" 500 -
2026-02-19 14:25:35,671 - web_app - INFO - Å¬¶óÀÌ¾ðÆ® ¿¬°áÀÌ ÇØÁ¦µÇ¾ú½À´Ï´Ù
2026-02-19 14:25:35,671 - werkzeug - INFO - 127.0.0.1 - - [19/Feb/2026 14:25:35] "GET /socket.io/?EIO=4&transport=websocket&sid=S6vEvc32vNyFf8ZHAAA- HTTP/1.1" 200 -
2026-02-19 14:25:35,694 - werkzeug - INFO - 127.0.0.1 - - [19/Feb/2026 14:25:35] "GET / HTTP/1.1" 200 -
2026-02-19 14:25:36,007 - werkzeug - INFO - 127.0.0.1 - - [19/Feb/2026 14:25:36] "[36mGET /static/style.css HTTP/1.1[0m" 304 -
2026-02-19 14:25:36,025 - werkzeug - INFO - 127.0.0.1 - - [19/Feb/2026 14:25:36] "[36mGET /static/script.js HTTP/1.1[0m" 304 -
2026-02-19 14:25:36,358 - werkzeug - INFO - 127.0.0.1 - - [19/Feb/2026 14:25:36] "GET /socket.io/?EIO=4&transport=polling&t=PnqN5oY HTTP/1.1" 200 -
2026-02-19 14:25:36,358 - web_app - ERROR - Åë°è API ¿À·ù: 'int' object has no attribute 'label'
2026-02-19 14:25:36,362 - werkzeug - INFO - 127.0.0.1 - - [19/Feb/2026 14:25:36] "[35m[1mGET /api/stats HTTP/1.1[0m" 500 -
2026-02-19 14:25:36,867 - web_app - INFO - Å¬¶óÀÌ¾ðÆ®°¡ ¿¬°áµÇ¾ú½À´Ï´Ù
2026-02-19 14:25:36,869 - werkzeug - INFO - 127.0.0.1 - - [19/Feb/2026 14:25:36] "POST /socket.io/?EIO=4&transport=polling&t=PnqN5_X&sid=kXpYf053oE98b7gWAABA HTTP/1.1" 200 -
2026-02-19 14:25:37,174 - werkzeug - INFO - 127.0.0.1 - - [19/Feb/2026 14:25:37] "GET /socket.io/?EIO=4&transport=polling&t=PnqN5_Z&sid=kXpYf053oE98b7gWAABA HTTP/1.1" 200 -
2026-02-19 14:25:37,205 - web_app - ERROR - Exception on /favicon.ico [GET]
Traceback (most recent call last):
  File "C:\Python\Lib\site-packages\flask\app.py", line 1484, in full_dispatch_request
    rv = self.dispatch_request()
         ^^^^^^^^^^^^^^^^^^^^^^^
  File "C:\Python\Lib\site-packages\flask\app.py", line 1458, in dispatch_request
    self.raise_routing_exception(req)
  File "C:\Python\Lib\site-packages\flask\app.py", line 1440, in raise_routing_exception
    raise request.routing_exception  # type: ignore
    ^^^^^^^^^^^^^^^^^^^^^^^^^^^^^^^
  File "C:\Python\Lib\site-packages\flask\ctx.py", line 353, in match_request
    result = self.url_adapter.match(return_rule=True)  # type: ignore
             ^^^^^^^^^^^^^^^^^^^^^^^^^^^^^^^^^^^^^^^^
  File "C:\Python\Lib\site-packages\werkzeug\routing\map.py", line 629, in match
    raise NotFound() from None
werkzeug.exceptions.NotFound: 404 Not Found: The requested URL was not found on the server. If you entered the URL manually please check your spelling and try again.

During handling of the above exception, another exception occurred:

Traceback (most recent call last):
  File "C:\Python\Lib\site-packages\flask\app.py", line 2190, in wsgi_app
    response = self.full_dispatch_request()
               ^^^^^^^^^^^^^^^^^^^^^^^^^^^^
  File "C:\Python\Lib\site-packages\flask\app.py", line 1486, in full_dispatch_request
    rv = self.handle_user_exception(e)
         ^^^^^^^^^^^^^^^^^^^^^^^^^^^^^
  File "C:\Python\Lib\site-packages\flask_cors\extension.py", line 176, in wrapped_function
    return cors_after_request(app.make_response(f(*args, **kwargs)))
                                                ^^^^^^^^^^^^^^^^^^
  File "C:\Python\Lib\site-packages\flask\app.py", line 1341, in handle_user_exception
    return self.handle_http_exception(e)
           ^^^^^^^^^^^^^^^^^^^^^^^^^^^^^
  File "C:\Python\Lib\site-packages\flask\app.py", line 1281, in handle_http_exception
    return self.ensure_sync(handler)(e)
           ^^^^^^^^^^^^^^^^^^^^^^^^^^^^
  File "D:\Copilot_Project\notion_news\web_app.py", line 540, in not_found
    return jsonify({
       ^^^^^^^^^^^^^^
  File "C:\Python\Lib\site-packages\flask\templating.py", line 150, in render_template
    template = app.jinja_env.get_or_select_template(template_name_or_list)
               ^^^^^^^^^^^^^^^^^^^^^^^^^^^^^^^^^^^^^^^^^^^^^^^^^^^^^^^^^^^
  File "C:\Python\Lib\site-packages\jinja2\environment.py", line 1087, in get_or_select_template
    return self.get_template(template_name_or_list, parent, globals)
           ^^^^^^^^^^^^^^^^^^^^^^^^^^^^^^^^^^^^^^^^^^^^^^^^^^^^^^^^^
  File "C:\Python\Lib\site-packages\jinja2\environment.py", line 1016, in get_template
    return self._load_template(name, globals)
           ^^^^^^^^^^^^^^^^^^^^^^^^^^^^^^^^^^
  File "C:\Python\Lib\site-packages\jinja2\environment.py", line 975, in _load_template
    template = self.loader.load(self, name, self.make_globals(globals))
               ^^^^^^^^^^^^^^^^^^^^^^^^^^^^^^^^^^^^^^^^^^^^^^^^^^^^^^^^
  File "C:\Python\Lib\site-packages\jinja2\loaders.py", line 126, in load
    source, filename, uptodate = self.get_source(environment, name)
                                 ^^^^^^^^^^^^^^^^^^^^^^^^^^^^^^^^^^
  File "C:\Python\Lib\site-packages\flask\templating.py", line 64, in get_source
    return self._get_source_fast(environment, template)
           ^^^^^^^^^^^^^^^^^^^^^^^^^^^^^^^^^^^^^^^^^^^^
  File "C:\Python\Lib\site-packages\flask\templating.py", line 98, in _get_source_fast
    raise TemplateNotFound(template)
jinja2.exceptions.TemplateNotFound: 404.html
2026-02-19 14:25:37,208 - web_app - ERROR - ¼­¹ö ³»ºÎ ¿À·ù: 500 Internal Server Error: The server encountered an internal error and was unable to complete your request. Either the server is overloaded or there is an error in the application.
2026-02-19 14:25:37,208 - werkzeug - INFO - 127.0.0.1 - - [19/Feb/2026 14:25:37] "[35m[1mGET /favicon.ico HTTP/1.1[0m" 500 -
2026-02-19 14:25:37,221 - werkzeug - ERROR - Error on request:
Traceback (most recent call last):
  File "C:\Python\Lib\site-packages\flask\app.py", line 1484, in full_dispatch_request
    rv = self.dispatch_request()
         ^^^^^^^^^^^^^^^^^^^^^^^
  File "C:\Python\Lib\site-packages\flask\app.py", line 1458, in dispatch_request
    self.raise_routing_exception(req)
  File "C:\Python\Lib\site-packages\flask\app.py", line 1440, in raise_routing_exception
    raise request.routing_exception  # type: ignore
  File "C:\Python\Lib\site-packages\flask\ctx.py", line 353, in match_request
    result = self.url_adapter.match(return_rule=True)  # type: ignore
             ^^^^^^^^^^^^^^^^^^^^^^^^^^^^^^^^^^^^^^^^^^^^^^^^^^^^^^^^
  File "C:\Python\Lib\site-packages\werkzeug\routing\map.py", line 629, in match
    raise NotFound() from None
werkzeug.exceptions.NotFound: 404 Not Found: The requested URL was not found on the server. If you entered the URL manually please check your spelling and try again.

During handling of the above exception, another exception occurred:

Traceback (most recent call last):
  File "C:\Python\Lib\site-packages\flask\app.py", line 2190, in wsgi_app
    response = self.full_dispatch_request()
               ^^^^^^^^^^^^^^^^^^^^^^^^^^^^
  File "C:\Python\Lib\site-packages\flask\app.py", line 1486, in full_dispatch_request
    rv = self.handle_user_exception(e)
         ^^^^^^^^^^^^^^^^^^^^^^^^^^^^^
  File "C:\Python\Lib\site-packages\flask_cors\extension.py", line 176, in wrapped_function
    return cors_after_request(app.make_response(f(*args, **kwargs)))
                                                ^^^^^^^^^^^^^^^^^^^^
  File "C:\Python\Lib\site-packages\flask\app.py", line 1341, in handle_user_exception
    return self.handle_http_exception(e)
           ^^^^^^^^^^^^^^^^^^^^^^^^^^^^^
  File "C:\Python\Lib\site-packages\flask\app.py", line 1281, in handle_http_exception
    return self.ensure_sync(handler)(e)
           ^^^^^^^^^^^^^^^^^^^^^^^^^^^^
  File "D:\Copilot_Project\notion_news\web_app.py", line 540, in not_found
    return jsonify({
       ^^^^^^^^^^^^^
  File "C:\Python\Lib\site-packages\flask\templating.py", line 150, in render_template
    template = app.jinja_env.get_or_select_template(template_name_or_list)
               ^^^^^^^^^^^^^^^^^^^^^^^^^^^^^^^^^^^^^^^^^^^^^^^^^^^^^^^^^^^
  File "C:\Python\Lib\site-packages\jinja2\environment.py", line 1087, in get_or_select_template
    return self.get_template(template_name_or_list, parent, globals)
           ^^^^^^^^^^^^^^^^^^^^^^^^^^^^^^^^^^^^^^^^^^^^^^^^^^^^^^^^^
  File "C:\Python\Lib\site-packages\jinja2\environment.py", line 1016, in get_template
    return self._load_template(name, globals)
           ^^^^^^^^^^^^^^^^^^^^^^^^^^^^^^^^^^
  File "C:\Python\Lib\site-packages\jinja2\environment.py", line 975, in _load_template
    template = self.loader.load(self, name, self.make_globals(globals))
               ^^^^^^^^^^^^^^^^^^^^^^^^^^^^^^^^^^^^^^^^^^^^^^^^^^^^^^^^
  File "C:\Python\Lib\site-packages\jinja2\loaders.py", line 126, in load
    source, filename, uptodate = self.get_source(environment, name)
                                 ^^^^^^^^^^^^^^^^^^^^^^^^^^^^^^^^^^
  File "C:\Python\Lib\site-packages\flask\templating.py", line 64, in get_source
    return self._get_source_fast(environment, template)
           ^^^^^^^^^^^^^^^^^^^^^^^^^^^^^^^^^^^^^^^^^^^^
  File "C:\Python\Lib\site-packages\flask\templating.py", line 98, in _get_source_fast
    raise TemplateNotFound(template)
jinja2.exceptions.TemplateNotFound: 404.html

During handling of the above exception, another exception occurred:

Traceback (most recent call last):
  File "C:\Python\Lib\site-packages\werkzeug\serving.py", line 370, in run_wsgi
    execute(self.server.app)
  File "C:\Python\Lib\site-packages\werkzeug\serving.py", line 331, in execute
    application_iter = app(environ, start_response)
                       ^^^^^^^^^^^^^^^^^^^^^^^^^^^^
  File "C:\Python\Lib\site-packages\flask\app.py", line 2213, in __call__
    return self.wsgi_app(environ, start_response)
           ^^^^^^^^^^^^^^^^^^^^^^^^^^^^^^^^^^^^^^
  File "C:\Python\Lib\site-packages\flask_socketio\__init__.py", line 43, in __call__
    return super(_SocketIOMiddleware, self).__call__(environ,
           ^^^^^^^^^^^^^^^^^^^^^^^^^^^^^^^^^^^^^^^^^^^^^^^^^^
  File "C:\Python\Lib\site-packages\engineio\middleware.py", line 74, in __call__
    return self.wsgi_app(environ, start_response)
           ^^^^^^^^^^^^^^^^^^^^^^^^^^^^^^^^^^^^^^
  File "C:\Python\Lib\site-packages\flask\app.py", line 2193, in wsgi_app
    response = self.handle_exception(e)
               ^^^^^^^^^^^^^^^^^^^^^^^^
  File "C:\Python\Lib\site-packages\flask_cors\extension.py", line 176, in wrapped_function
    return cors_after_request(app.make_response(f(*args, **kwargs)))
                                                ^^^^^^^^^^^^^^^^^^^^
  File "C:\Python\Lib\site-packages\flask\app.py", line 1399, in handle_exception
    server_error = self.ensure_sync(handler)(server_error)
                   ^^^^^^^^^^^^^^^^^^^^^^^^^^^^^^^^^^^^^^^
  File "D:\Copilot_Project\notion_news\web_app.py", line 546, in internal_error
    logger.error(f"ºÏ¸¶Å© È®ÀÎ API ¿À·ù: {str(e)}")
       ^^^^^^^^^^^^^^^^^^^^^^^^^^^^^^^^^^^^^^^^^^^^
  File "C:\Python\Lib\site-packages\flask\templating.py", line 150, in render_template
    template = app.jinja_env.get_or_select_template(template_name_or_list)
               ^^^^^^^^^^^^^^^^^^^^^^^^^^^^^^^^^^^^^^^^^^^^^^^^^^^^^^^^^^^
  File "C:\Python\Lib\site-packages\jinja2\environment.py", line 1087, in get_or_select_template
    return self.get_template(template_name_or_list, parent, globals)
           ^^^^^^^^^^^^^^^^^^^^^^^^^^^^^^^^^^^^^^^^^^^^^^^^^^^^^^^^^
  File "C:\Python\Lib\site-packages\jinja2\environment.py", line 1016, in get_template
    return self._load_template(name, globals)
           ^^^^^^^^^^^^^^^^^^^^^^^^^^^^^^^^^^
  File "C:\Python\Lib\site-packages\jinja2\environment.py", line 975, in _load_template
    template = self.loader.load(self, name, self.make_globals(globals))
               ^^^^^^^^^^^^^^^^^^^^^^^^^^^^^^^^^^^^^^^^^^^^^^^^^^^^^^^^
  File "C:\Python\Lib\site-packages\jinja2\loaders.py", line 126, in load
    source, filename, uptodate = self.get_source(environment, name)
                                 ^^^^^^^^^^^^^^^^^^^^^^^^^^^^^^^^^^
  File "C:\Python\Lib\site-packages\flask\templating.py", line 64, in get_source
    return self._get_source_fast(environment, template)
           ^^^^^^^^^^^^^^^^^^^^^^^^^^^^^^^^^^^^^^^^^^^^
  File "C:\Python\Lib\site-packages\flask\templating.py", line 98, in _get_source_fast
    raise TemplateNotFound(template)
jinja2.exceptions.TemplateNotFound: 500.html
2026-02-19 15:25:11,288 - web_app - INFO - Å¬¶óÀÌ¾ðÆ® ¿¬°áÀÌ ÇØÁ¦µÇ¾ú½À´Ï´Ù
2026-02-19 15:25:14,187 - werkzeug - INFO - 127.0.0.1 - - [19/Feb/2026 15:25:14] "GET /socket.io/?EIO=4&transport=websocket&sid=kXpYf053oE98b7gWAABA HTTP/1.1" 200 -
